2024-12-07 16:23:13,886 [INFO] Activator:176 - 


2024-12-07 16:23:13,889 [INFO] Activator:177 - !SESSION log4j initialized
2024-12-07 16:23:17,056 [INFO] LogOutputStream:77 - [STDOUT_REDIRECT] 
2024-12-07 16:23:22,831 [INFO] ApplicationProperties:184 - Using Application install path: C:\ST\STM32CubeIDE_1.14.1\STM32CubeIDE\plugins\com.st.stm32cube.common.mx_6.10.0.202311202037
2024-12-07 16:23:22,842 [INFO] DbMcusXml:78 - Set database path to: C:\ST\STM32CubeIDE_1.14.1\STM32CubeIDE\plugins\com.st.stm32cube.common.mx_6.10.0.202311202037\\db\/mcu/
2024-12-07 16:23:22,842 [INFO] ApiDb:274 - Set plugin database path to: C:\ST\STM32CubeIDE_1.14.1\STM32CubeIDE\plugins\com.st.stm32cube.common.mx_6.10.0.202311202037\\db\/plugins/boardmanager/
2024-12-07 16:23:22,842 [WARN] ApiDb:259 - Overriding images path with different value:  => C:\ST\STM32CubeIDE_1.14.1\STM32CubeIDE\plugins\com.st.stm32cube.common.mx_6.10.0.202311202037\\db\/plugins/mcufinder/images/
2024-12-07 16:23:22,849 [INFO] ApiDb:250 - Set database path to: C:\Users\user\.stmcufinder\plugins\mcufinder//mcu/
2024-12-07 16:23:22,849 [INFO] DbMcusAds:125 - Set database path to: C:\Users\user\.stmcufinder\plugins\mcufinder//mcu/
2024-12-07 16:23:22,850 [INFO] CrossReferenceDbSqlite:203 - Set database path to: C:\Users\user\.stmcufinder\plugins\mcufinder//mcu/cs/
2024-12-07 16:23:22,905 [INFO] RulesReader:64 - Compatibility file has been processed (297 Rules)
2024-12-07 16:23:22,954 [INFO] DbMcusXml:78 - Set database path to: C:\ST\STM32CubeIDE_1.14.1\STM32CubeIDE\plugins\com.st.stm32cube.common.mx_6.10.0.202311202037\\db\/mcu/
2024-12-07 16:23:22,954 [INFO] ApiDb:274 - Set plugin database path to: C:\ST\STM32CubeIDE_1.14.1\STM32CubeIDE\plugins\com.st.stm32cube.common.mx_6.10.0.202311202037\\db\/plugins/boardmanager/
2024-12-07 16:23:22,954 [INFO] ApiDb:261 - Set plugin images path to: C:\ST\STM32CubeIDE_1.14.1\STM32CubeIDE\plugins\com.st.stm32cube.common.mx_6.10.0.202311202037\\db\/plugins/mcufinder/images/
2024-12-07 16:23:22,954 [WARN] DbFile:41 - Overriding database path with different value: C:\Users\user\.stmcufinder\plugins\mcufinder/ => C:\Users\user\.stmcufinder\plugins\mcufinder
2024-12-07 16:23:22,954 [INFO] ApiDb:250 - Set database path to: C:\Users\user\.stmcufinder\plugins\mcufinder//mcu/
2024-12-07 16:23:22,954 [WARN] DbFile:41 - Overriding database path with different value: C:\Users\user\.stmcufinder\plugins\mcufinder/ => C:\Users\user\.stmcufinder\plugins\mcufinder
2024-12-07 16:23:22,954 [INFO] DbMcusAds:125 - Set database path to: C:\Users\user\.stmcufinder\plugins\mcufinder//mcu/
2024-12-07 16:23:22,954 [WARN] DbFile:41 - Overriding database path with different value: C:\Users\user\.stmcufinder\plugins\mcufinder/ => C:\Users\user\.stmcufinder\plugins\mcufinder
2024-12-07 16:23:22,954 [WARN] DbFile:41 - Overriding database path with different value: C:\Users\user\.stmcufinder\plugins\mcufinder/ => C:\Users\user\.stmcufinder\plugins\mcufinder
2024-12-07 16:23:22,954 [INFO] CrossReferenceDbSqlite:203 - Set database path to: C:\Users\user\.stmcufinder\plugins\mcufinder//mcu/cs/
2024-12-07 16:23:22,998 [INFO] MainPanel:264 - HeapMemory: 268435456
2024-12-07 16:23:23,050 [INFO] DbMcusXml:78 - Set database path to: C:\ST\STM32CubeIDE_1.14.1\STM32CubeIDE\plugins\com.st.stm32cube.common.mx_6.10.0.202311202037\\db\/mcu/
2024-12-07 16:23:23,050 [INFO] ApiDb:274 - Set plugin database path to: C:\ST\STM32CubeIDE_1.14.1\STM32CubeIDE\plugins\com.st.stm32cube.common.mx_6.10.0.202311202037\\db\/plugins/boardmanager/
2024-12-07 16:23:23,050 [INFO] ApiDb:261 - Set plugin images path to: C:\ST\STM32CubeIDE_1.14.1\STM32CubeIDE\plugins\com.st.stm32cube.common.mx_6.10.0.202311202037\\db\/plugins/mcufinder/images/
2024-12-07 16:23:23,051 [WARN] DbFile:41 - Overriding database path with different value: C:\Users\user\.stmcufinder\plugins\mcufinder/ => C:\Users\user\.stmcufinder\plugins\mcufinder
2024-12-07 16:23:23,051 [INFO] ApiDb:250 - Set database path to: C:\Users\user\.stmcufinder\plugins\mcufinder//mcu/
2024-12-07 16:23:23,051 [WARN] DbFile:41 - Overriding database path with different value: C:\Users\user\.stmcufinder\plugins\mcufinder/ => C:\Users\user\.stmcufinder\plugins\mcufinder
2024-12-07 16:23:23,051 [INFO] DbMcusAds:125 - Set database path to: C:\Users\user\.stmcufinder\plugins\mcufinder//mcu/
2024-12-07 16:23:23,051 [WARN] DbFile:41 - Overriding database path with different value: C:\Users\user\.stmcufinder\plugins\mcufinder/ => C:\Users\user\.stmcufinder\plugins\mcufinder
2024-12-07 16:23:23,051 [WARN] DbFile:41 - Overriding database path with different value: C:\Users\user\.stmcufinder\plugins\mcufinder/ => C:\Users\user\.stmcufinder\plugins\mcufinder
2024-12-07 16:23:23,051 [INFO] CrossReferenceDbSqlite:203 - Set database path to: C:\Users\user\.stmcufinder\plugins\mcufinder//mcu/cs/
2024-12-07 16:23:23,060 [INFO] ApplicationProperties:184 - Using Application install path: C:\ST\STM32CubeIDE_1.14.1\STM32CubeIDE\plugins\com.st.stm32cube.common.mx_6.10.0.202311202037
2024-12-07 16:23:23,062 [INFO] PluginManage:196 - Search for loadable plugins [exclusion list=, ]
2024-12-07 16:23:23,062 [INFO] PluginManage:310 - Check plugin analytics
2024-12-07 16:23:23,161 [INFO] AnalyticsPlugin:253 - Accepted Software Licenses: 
2024-12-07 16:23:23,161 [INFO] AnalyticsPlugin:255 - Accepted CMSIS Pack Licenses: 
2024-12-07 16:23:23,162 [INFO] AnalyticsPlugin:257 - Accepted Firmware Licenses: FW.F4.1.28.0
2024-12-07 16:23:23,163 [INFO] PluginManage:359 - Loaded plugin analytics (category:tool,tabindex:-1)
2024-12-07 16:23:23,164 [INFO] PluginManage:310 - Check plugin cadmodel
2024-12-07 16:23:23,168 [INFO] CADModel:105 - Init CAD model plugin
2024-12-07 16:23:23,168 [INFO] PluginManage:359 - Loaded plugin cadmodel (category:power,tabindex:5)
2024-12-07 16:23:23,168 [INFO] PluginManage:310 - Check plugin clock
2024-12-07 16:23:23,176 [INFO] PluginManage:359 - Loaded plugin clock (category:base,tabindex:2)
2024-12-07 16:23:23,176 [INFO] PluginManage:310 - Check plugin ddr
2024-12-07 16:23:23,177 [INFO] PluginManage:359 - Loaded plugin ddr (category:tool,tabindex:6)
2024-12-07 16:23:23,178 [INFO] PluginManage:310 - Check plugin filemanager
2024-12-07 16:23:23,270 [INFO] PluginManage:359 - Loaded plugin filemanager (category:base,tabindex:10)
2024-12-07 16:23:23,270 [INFO] PluginManage:310 - Check plugin ipmanager
2024-12-07 16:23:23,276 [INFO] PluginManage:359 - Loaded plugin ipmanager (category:base,tabindex:5)
2024-12-07 16:23:23,276 [INFO] PluginManage:310 - Check plugin lpbam
2024-12-07 16:23:23,281 [INFO] PluginManage:359 - Loaded plugin lpbam (category:base,tabindex:0)
2024-12-07 16:23:23,281 [INFO] PluginManage:310 - Check plugin memorymap
2024-12-07 16:23:23,290 [INFO] PluginManage:359 - Loaded plugin memorymap (category:base,tabindex:4)
2024-12-07 16:23:23,290 [INFO] PluginManage:310 - Check plugin pinoutandconfiguration
2024-12-07 16:23:23,295 [INFO] PluginManage:359 - Loaded plugin pinoutandconfiguration (category:base,tabindex:1)
2024-12-07 16:23:23,295 [INFO] PluginManage:310 - Check plugin pinoutconfig
2024-12-07 16:23:23,340 [WARN] SupportedApi:132 - Cannot load RTOS API schema: s4s-elt-must-match.1: The content of 'definitions' must match (annotation?, (simpleType | complexType)?, (unique | key | keyref)*)). A problem was found starting at: attribute.
2024-12-07 16:23:23,411 [INFO] PluginManage:359 - Loaded plugin pinoutconfig (category:base,tabindex:0)
2024-12-07 16:23:23,411 [INFO] PluginManage:310 - Check plugin power
2024-12-07 16:23:23,418 [INFO] PluginManage:359 - Loaded plugin power (category:power,tabindex:4)
2024-12-07 16:23:23,418 [INFO] PluginManage:310 - Check plugin projectmanager
2024-12-07 16:23:23,427 [INFO] PluginManage:359 - Loaded plugin projectmanager (category:projectmanager,tabindex:3)
2024-12-07 16:23:23,427 [INFO] PluginManage:310 - Check plugin thirdparty
2024-12-07 16:23:23,505 [WARN] IntegrityCheckThread:84 - waiting for thirdparty lock release [integrity check]
2024-12-07 16:23:23,505 [INFO] PluginManage:359 - Loaded plugin thirdparty (category:base,tabindex:-1)
2024-12-07 16:23:23,505 [INFO] IntegrityCheckThread:86 - entering critical section [integrity check]
2024-12-07 16:23:23,505 [INFO] PluginManage:310 - Check plugin tools
2024-12-07 16:23:23,505 [INFO] ThirdPartyUpdaterWithRetryManager:70 - Updater plugin not ready yet. [1/15]
2024-12-07 16:23:23,507 [INFO] PluginManage:359 - Loaded plugin tools (category:base,tabindex:7)
2024-12-07 16:23:23,507 [INFO] PluginManage:310 - Check plugin tutovideos
2024-12-07 16:23:23,608 [INFO] PluginManage:359 - Loaded plugin tutovideos (category:base,tabindex:-1)
2024-12-07 16:23:23,608 [INFO] PluginManage:310 - Check plugin updater
2024-12-07 16:23:23,617 [INFO] PluginManage:359 - Loaded plugin updater (category:base,tabindex:12)
2024-12-07 16:23:23,617 [INFO] PluginManage:310 - Check plugin userauth
2024-12-07 16:23:23,620 [INFO] UserAuth:114 - Init User Auth plugin
2024-12-07 16:23:23,620 [INFO] PluginManage:359 - Loaded plugin userauth (category:base,tabindex:14)
2024-12-07 16:23:23,621 [INFO] PluginManage:283 - PluginManage : Loaded plugins [17]
2024-12-07 16:23:23,735 [INFO] PinOutPanel:1499 - setPackage(No Configuration,No Configuration)
2024-12-07 16:23:23,774 [INFO] CADModel:165 - CPN selected for project level
2024-12-07 16:23:23,774 [INFO] CADModel:114 - Register for checkConnection events
2024-12-07 16:23:23,792 [INFO] IPUIPlugin:80 - create IPUIPlugin
2024-12-07 16:23:23,792 [INFO] PluginManager:220 - loadIPPluginJar : add adc
2024-12-07 16:23:23,795 [INFO] IPUIPlugin:80 - create IPUIPlugin
2024-12-07 16:23:23,795 [INFO] PluginManager:220 - loadIPPluginJar : add aes
2024-12-07 16:23:23,797 [INFO] IPUIPlugin:80 - create IPUIPlugin
2024-12-07 16:23:23,797 [INFO] PluginManager:220 - loadIPPluginJar : add can
2024-12-07 16:23:23,799 [INFO] IPUIPlugin:80 - create IPUIPlugin
2024-12-07 16:23:23,799 [INFO] PluginManager:220 - loadIPPluginJar : add comp
2024-12-07 16:23:23,802 [INFO] IPUIPlugin:80 - create IPUIPlugin
2024-12-07 16:23:23,802 [INFO] PluginManager:220 - loadIPPluginJar : add cryp
2024-12-07 16:23:23,808 [INFO] IPUIPlugin:80 - create IPUIPlugin
2024-12-07 16:23:23,808 [INFO] PluginManager:220 - loadIPPluginJar : add dfsdm
2024-12-07 16:23:23,813 [INFO] IPUIPlugin:80 - create IPUIPlugin
2024-12-07 16:23:23,813 [INFO] PluginManager:220 - loadIPPluginJar : add dma
2024-12-07 16:23:23,815 [INFO] IPUIPlugin:80 - create IPUIPlugin
2024-12-07 16:23:23,815 [INFO] PluginManager:220 - loadIPPluginJar : add dma3
2024-12-07 16:23:23,817 [INFO] IPUIPlugin:80 - create IPUIPlugin
2024-12-07 16:23:23,817 [INFO] PluginManager:220 - loadIPPluginJar : add fatfs
2024-12-07 16:23:23,821 [INFO] IPUIPlugin:80 - create IPUIPlugin
2024-12-07 16:23:23,821 [INFO] PluginManager:220 - loadIPPluginJar : add fmc
2024-12-07 16:23:23,827 [INFO] IPUIPlugin:80 - create IPUIPlugin
2024-12-07 16:23:23,827 [INFO] PluginManager:220 - loadIPPluginJar : add freertos
2024-12-07 16:23:23,828 [INFO] IPUIPlugin:80 - create IPUIPlugin
2024-12-07 16:23:23,828 [INFO] PluginManager:220 - loadIPPluginJar : add genericplugin
2024-12-07 16:23:23,831 [INFO] IPUIPlugin:80 - create IPUIPlugin
2024-12-07 16:23:23,831 [INFO] PluginManager:220 - loadIPPluginJar : add gfxmmu
2024-12-07 16:23:23,834 [INFO] IPUIPlugin:80 - create IPUIPlugin
2024-12-07 16:23:23,835 [INFO] PluginManager:220 - loadIPPluginJar : add gic
2024-12-07 16:23:23,837 [INFO] IPUIPlugin:80 - create IPUIPlugin
2024-12-07 16:23:23,838 [INFO] PluginManager:220 - loadIPPluginJar : add gpio
2024-12-07 16:23:23,840 [INFO] IPUIPlugin:80 - create IPUIPlugin
2024-12-07 16:23:23,840 [INFO] PluginManager:220 - loadIPPluginJar : add gtzc
2024-12-07 16:23:23,841 [INFO] IPUIPlugin:80 - create IPUIPlugin
2024-12-07 16:23:23,841 [INFO] PluginManager:220 - loadIPPluginJar : add hash
2024-12-07 16:23:23,844 [INFO] IPUIPlugin:80 - create IPUIPlugin
2024-12-07 16:23:23,844 [INFO] PluginManager:220 - loadIPPluginJar : add i2c
2024-12-07 16:23:23,846 [INFO] IPUIPlugin:80 - create IPUIPlugin
2024-12-07 16:23:23,846 [INFO] PluginManager:220 - loadIPPluginJar : add i2s
2024-12-07 16:23:23,849 [INFO] IPUIPlugin:80 - create IPUIPlugin
2024-12-07 16:23:23,849 [INFO] PluginManager:220 - loadIPPluginJar : add i3c
2024-12-07 16:23:23,851 [INFO] IPUIPlugin:80 - create IPUIPlugin
2024-12-07 16:23:23,851 [INFO] PluginManager:220 - loadIPPluginJar : add ipddr
2024-12-07 16:23:23,856 [INFO] IPUIPlugin:80 - create IPUIPlugin
2024-12-07 16:23:23,856 [INFO] PluginManager:220 - loadIPPluginJar : add linkedlist
2024-12-07 16:23:23,858 [INFO] IPUIPlugin:80 - create IPUIPlugin
2024-12-07 16:23:23,858 [INFO] PluginManager:220 - loadIPPluginJar : add lorawan
2024-12-07 16:23:23,859 [INFO] IPUIPlugin:80 - create IPUIPlugin
2024-12-07 16:23:23,859 [INFO] PluginManager:220 - loadIPPluginJar : add ltdc
2024-12-07 16:23:23,864 [INFO] IPUIPlugin:80 - create IPUIPlugin
2024-12-07 16:23:23,864 [INFO] PluginManager:220 - loadIPPluginJar : add mdma
2024-12-07 16:23:23,867 [INFO] IPUIPlugin:80 - create IPUIPlugin
2024-12-07 16:23:23,867 [INFO] PluginManager:220 - loadIPPluginJar : add nvic
2024-12-07 16:23:23,870 [INFO] IPUIPlugin:80 - create IPUIPlugin
2024-12-07 16:23:23,870 [INFO] PluginManager:220 - loadIPPluginJar : add opamp
2024-12-07 16:23:23,872 [INFO] IPUIPlugin:80 - create IPUIPlugin
2024-12-07 16:23:23,872 [INFO] PluginManager:220 - loadIPPluginJar : add openamp
2024-12-07 16:23:23,875 [INFO] IPUIPlugin:80 - create IPUIPlugin
2024-12-07 16:23:23,875 [INFO] PluginManager:220 - loadIPPluginJar : add pdm2pcm
2024-12-07 16:23:23,879 [INFO] IPUIPlugin:80 - create IPUIPlugin
2024-12-07 16:23:23,881 [INFO] PluginManager:220 - loadIPPluginJar : add plateformsettings
2024-12-07 16:23:23,882 [INFO] IPUIPlugin:80 - create IPUIPlugin
2024-12-07 16:23:23,882 [INFO] PluginManager:220 - loadIPPluginJar : add quadspi
2024-12-07 16:23:23,886 [INFO] IPUIPlugin:80 - create IPUIPlugin
2024-12-07 16:23:23,886 [INFO] PluginManager:220 - loadIPPluginJar : add resmgrutility
2024-12-07 16:23:23,888 [INFO] IPUIPlugin:80 - create IPUIPlugin
2024-12-07 16:23:23,888 [INFO] PluginManager:220 - loadIPPluginJar : add sai
2024-12-07 16:23:23,890 [INFO] IPUIPlugin:80 - create IPUIPlugin
2024-12-07 16:23:23,890 [INFO] PluginManager:220 - loadIPPluginJar : add spi
2024-12-07 16:23:23,894 [INFO] IPUIPlugin:80 - create IPUIPlugin
2024-12-07 16:23:23,894 [INFO] PluginManager:220 - loadIPPluginJar : add stm32_wpan
2024-12-07 16:23:23,896 [INFO] IPUIPlugin:80 - create IPUIPlugin
2024-12-07 16:23:23,896 [INFO] PluginManager:220 - loadIPPluginJar : add tim
2024-12-07 16:23:23,898 [INFO] IPUIPlugin:80 - create IPUIPlugin
2024-12-07 16:23:23,899 [INFO] PluginManager:220 - loadIPPluginJar : add touchsensing
2024-12-07 16:23:23,900 [INFO] IPUIPlugin:80 - create IPUIPlugin
2024-12-07 16:23:23,900 [INFO] PluginManager:220 - loadIPPluginJar : add tracer_emb
2024-12-07 16:23:23,902 [INFO] IPUIPlugin:80 - create IPUIPlugin
2024-12-07 16:23:23,902 [INFO] PluginManager:220 - loadIPPluginJar : add ts
2024-12-07 16:23:23,903 [INFO] IPUIPlugin:80 - create IPUIPlugin
2024-12-07 16:23:23,903 [INFO] PluginManager:220 - loadIPPluginJar : add tsc
2024-12-07 16:23:23,905 [INFO] IPUIPlugin:80 - create IPUIPlugin
2024-12-07 16:23:23,905 [INFO] PluginManager:220 - loadIPPluginJar : add ucpd
2024-12-07 16:23:23,907 [INFO] IPUIPlugin:80 - create IPUIPlugin
2024-12-07 16:23:23,907 [INFO] PluginManager:220 - loadIPPluginJar : add usart
2024-12-07 16:23:23,909 [INFO] IPUIPlugin:80 - create IPUIPlugin
2024-12-07 16:23:23,909 [INFO] PluginManager:220 - loadIPPluginJar : add usbx
2024-12-07 16:23:24,011 [INFO] CADModel:165 - CPN selected for project level
2024-12-07 16:23:24,011 [INFO] CADModel:114 - Register for checkConnection events
2024-12-07 16:23:24,011 [FATAL] Updater:308 - Updater called before beeing initialized
2024-12-07 16:23:24,011 [ERROR] CADModel:125 - Updater not yet initialized, retry later 
2024-12-07 16:23:24,088 [INFO] CADModel:165 - CPN selected for project level
2024-12-07 16:23:24,088 [INFO] CADModel:114 - Register for checkConnection events
2024-12-07 16:23:24,088 [FATAL] Updater:308 - Updater called before beeing initialized
2024-12-07 16:23:24,088 [ERROR] CADModel:125 - Updater not yet initialized, retry later 
2024-12-07 16:23:24,090 [FATAL] Updater:308 - Updater called before beeing initialized
2024-12-07 16:23:24,151 [FATAL] Updater:308 - Updater called before beeing initialized
2024-12-07 16:23:24,153 [INFO] DbMcusAds:53 - JSON generation date=Fri Sep 20 22:04:38 KST 2024 (1726837478367)
2024-12-07 16:23:24,153 [FATAL] Updater:308 - Updater called before beeing initialized
2024-12-07 16:23:24,192 [WARN] DetailPanel:346 - Failed to get advertising image, set to default
2024-12-07 16:23:24,237 [FATAL] Updater:308 - Updater called before beeing initialized
2024-12-07 16:23:24,238 [FATAL] Updater:308 - Updater called before beeing initialized
2024-12-07 16:23:24,238 [FATAL] Updater:308 - Updater called before beeing initialized
2024-12-07 16:23:24,238 [WARN] DetailPanel:346 - Failed to get advertising image, set to default
2024-12-07 16:23:24,239 [FATAL] Updater:308 - Updater called before beeing initialized
2024-12-07 16:23:24,276 [ERROR] Updater:1120 - MainUpdater not yet initialized. External WinMGr cannot be set.
2024-12-07 16:23:24,278 [INFO] Updater:1056 - Updater Version found : 6.10.0
2024-12-07 16:23:24,289 [INFO] ApplicationProperties:184 - Using Application install path: C:\ST\STM32CubeIDE_1.14.1\STM32CubeIDE\plugins\com.st.stm32cube.common.mx_6.10.0.202311202037
2024-12-07 16:23:24,868 [INFO] MainUpdater:2873 - connection check result : 10
2024-12-07 16:23:24,868 [INFO] MainUpdater:3567 - Updater definition file requires update
2024-12-07 16:23:24,869 [INFO] MainUpdater:290 - Updater Check For Update Now.
2024-12-07 16:23:24,869 [INFO] MicroXplorer:498 - Change Database Version : DB.6.0.100
2024-12-07 16:23:24,872 [INFO] McuFinderGlobals:63 - Set McuFinder mode to 2 (CubeIDE integrated)
2024-12-07 16:23:24,872 [INFO] UserAuth:180 - activating auth plugin
2024-12-07 16:23:24,873 [INFO] UserAuth:404 - Internet connection configuration mode: 1
2024-12-07 16:23:24,882 [INFO] JxBrowserEngine:152 - Initiate JxBrowser Engine with user profile folder
2024-12-07 16:23:25,318 [INFO] ServerAccessManage:473 - Download File updaters.zip
2024-12-07 16:23:25,641 [INFO] FileExtend:240 - Unzip File : updaters.zip
2024-12-07 16:23:25,641 [INFO] FileExtend:255 - Standard Zip Deflate
2024-12-07 16:23:26,398 [INFO] WebApp:161 - Instantiating new browser for Auth
2024-12-07 16:23:26,421 [INFO] ServerAccessManage:473 - Download File PacksControlFlags.xml
2024-12-07 16:23:26,508 [WARN] MainUpdater:1194 - Updater busy. Cannot search thirdparties
2024-12-07 16:23:26,508 [INFO] ThirdPartyUpdaterWithRetryManager:96 - Updater plugin is busy. [1/15]
2024-12-07 16:23:26,623 [INFO] ServerAccessManage:473 - Download File cubemx.pidx
2024-12-07 16:23:26,893 [INFO] WebApp:780 - Register for checkConnection events
2024-12-07 16:23:26,893 [INFO] WebApp:414 - Apply proxy settings
2024-12-07 16:23:26,894 [INFO] WebApp:499 - Chromium requires no authentication
2024-12-07 16:23:26,898 [INFO] WebApp:442 - Direct internet connection detected
2024-12-07 16:23:26,990 [INFO] WebApp:192 - Starting web application
2024-12-07 16:23:26,990 [INFO] WebApp:544 - Web application path used C:\ST\STM32CubeIDE_1.14.1\STM32CubeIDE\plugins\com.st.stm32cube.common.mx_6.10.0.202311202037\db\plugins\mcufinder\reactClient1\index.html
2024-12-07 16:23:27,291 [INFO] ServerAccessManage:473 - Download File STMicroelectronics.X-CUBE-BLEMGR.pdsc
2024-12-07 16:23:29,048 [ERROR] ServerAccessManage:1089 - Problem, file not found on Server
2024-12-07 16:23:29,510 [WARN] MainUpdater:1194 - Updater busy. Cannot search thirdparties
2024-12-07 16:23:29,510 [INFO] ThirdPartyUpdaterWithRetryManager:96 - Updater plugin is busy. [2/15]
2024-12-07 16:23:32,512 [WARN] MainUpdater:1194 - Updater busy. Cannot search thirdparties
2024-12-07 16:23:32,512 [INFO] ThirdPartyUpdaterWithRetryManager:96 - Updater plugin is busy. [3/15]
2024-12-07 16:23:32,621 [INFO] ServerAccessManage:473 - Download File Infineon.AIROC-Wi-Fi-Bluetooth-STM32.pdsc
2024-12-07 16:23:35,513 [WARN] MainUpdater:1194 - Updater busy. Cannot search thirdparties
2024-12-07 16:23:35,513 [INFO] ThirdPartyUpdaterWithRetryManager:96 - Updater plugin is busy. [4/15]
2024-12-07 16:23:37,485 [INFO] ServerAccessManage:473 - Download File Cesanta.I-CUBE-Mongoose.pdsc
2024-12-07 16:23:38,514 [WARN] MainUpdater:1194 - Updater busy. Cannot search thirdparties
2024-12-07 16:23:38,514 [INFO] ThirdPartyUpdaterWithRetryManager:96 - Updater plugin is busy. [5/15]
2024-12-07 16:23:40,817 [INFO] ServerAccessManage:473 - Download File EmbeddedOffice.I-CUBE-FS-RTOS.pdsc
2024-12-07 16:23:41,517 [WARN] MainUpdater:1194 - Updater busy. Cannot search thirdparties
2024-12-07 16:23:41,517 [INFO] ThirdPartyUpdaterWithRetryManager:96 - Updater plugin is busy. [6/15]
2024-12-07 16:23:42,287 [INFO] ServerAccessManage:473 - Download File quantropi.X-CUBE-qispace-sdk-base.pdsc
2024-12-07 16:23:42,560 [WARN] PackLoader:240 - Cannot read IP mode file for STMicroelectronics.X-CUBE-BLEMGR.4.0.0
2024-12-07 16:23:42,579 [WARN] PackLoader:240 - Cannot read IP mode file for Infineon.AIROC-Wi-Fi-Bluetooth-STM32.1.7.0
2024-12-07 16:23:42,586 [WARN] PackLoader:240 - Cannot read IP mode file for Cesanta.I-CUBE-Mongoose.7.13.0
2024-12-07 16:23:42,592 [WARN] PackLoader:240 - Cannot read IP mode file for EmbeddedOffice.I-CUBE-FS-RTOS.1.0.1
2024-12-07 16:23:42,593 [ERROR] ConditionMgr:805 - Attr not supported : Dmpu
2024-12-07 16:23:42,593 [ERROR] ConditionMgr:805 - Attr not supported : Dmpu
2024-12-07 16:23:42,593 [ERROR] ConditionMgr:805 - Attr not supported : Dmpu
2024-12-07 16:23:42,593 [ERROR] ConditionMgr:805 - Attr not supported : Dmpu
2024-12-07 16:23:42,593 [ERROR] ConditionMgr:805 - Attr not supported : Dmpu
2024-12-07 16:23:42,593 [ERROR] ConditionMgr:805 - Attr not supported : Dmpu
2024-12-07 16:23:42,593 [ERROR] ConditionMgr:805 - Attr not supported : Dmpu
2024-12-07 16:23:42,593 [ERROR] ConditionMgr:805 - Attr not supported : Dmpu
2024-12-07 16:23:42,593 [ERROR] ConditionMgr:805 - Attr not supported : Dmpu
2024-12-07 16:23:42,593 [ERROR] ConditionMgr:805 - Attr not supported : Dmpu
2024-12-07 16:23:42,593 [ERROR] ConditionMgr:805 - Attr not supported : Dmpu
2024-12-07 16:23:42,593 [ERROR] ConditionMgr:805 - Attr not supported : Dmpu
2024-12-07 16:23:42,593 [ERROR] ConditionMgr:805 - Attr not supported : Dmpu
2024-12-07 16:23:42,593 [ERROR] ConditionMgr:805 - Attr not supported : Dmpu
2024-12-07 16:23:42,593 [ERROR] ConditionMgr:805 - Attr not supported : Dmpu
2024-12-07 16:23:42,593 [ERROR] ConditionMgr:805 - Attr not supported : Dmpu
2024-12-07 16:23:42,593 [ERROR] ConditionMgr:805 - Attr not supported : Dmpu
2024-12-07 16:23:42,593 [ERROR] ConditionMgr:805 - Attr not supported : Dmpu
2024-12-07 16:23:42,593 [ERROR] ConditionMgr:805 - Attr not supported : Dmpu
2024-12-07 16:23:42,593 [ERROR] ConditionMgr:805 - Attr not supported : Dmpu
2024-12-07 16:23:42,593 [ERROR] ConditionMgr:805 - Attr not supported : Dmpu
2024-12-07 16:23:42,593 [ERROR] ConditionMgr:805 - Attr not supported : Dmpu
2024-12-07 16:23:42,593 [ERROR] ConditionMgr:805 - Attr not supported : Dmpu
2024-12-07 16:23:42,593 [ERROR] ConditionMgr:805 - Attr not supported : Dmpu
2024-12-07 16:23:42,593 [ERROR] ConditionMgr:805 - Attr not supported : Dmpu
2024-12-07 16:23:42,594 [ERROR] ConditionMgr:805 - Attr not supported : Dmpu
2024-12-07 16:23:42,594 [ERROR] ConditionMgr:805 - Attr not supported : Dmpu
2024-12-07 16:23:42,594 [ERROR] ConditionMgr:805 - Attr not supported : Dmpu
2024-12-07 16:23:42,594 [ERROR] ConditionMgr:805 - Attr not supported : Dmpu
2024-12-07 16:23:42,594 [ERROR] ConditionMgr:805 - Attr not supported : Dmpu
2024-12-07 16:23:42,594 [ERROR] ConditionMgr:805 - Attr not supported : Dmpu
2024-12-07 16:23:42,594 [ERROR] ConditionMgr:805 - Attr not supported : Dmpu
2024-12-07 16:23:42,594 [ERROR] ConditionMgr:805 - Attr not supported : Dmpu
2024-12-07 16:23:42,594 [ERROR] ConditionMgr:805 - Attr not supported : Dmpu
2024-12-07 16:23:42,594 [ERROR] ConditionMgr:805 - Attr not supported : Dmpu
2024-12-07 16:23:42,594 [ERROR] ConditionMgr:805 - Attr not supported : Dmpu
2024-12-07 16:23:42,594 [ERROR] ConditionMgr:805 - Attr not supported : Dmpu
2024-12-07 16:23:42,594 [ERROR] ConditionMgr:805 - Attr not supported : Dmpu
2024-12-07 16:23:42,594 [ERROR] ConditionMgr:805 - Attr not supported : Dmpu
2024-12-07 16:23:42,594 [ERROR] ConditionMgr:805 - Attr not supported : Dmpu
2024-12-07 16:23:42,594 [ERROR] ConditionMgr:805 - Attr not supported : Dmpu
2024-12-07 16:23:42,594 [ERROR] ConditionMgr:805 - Attr not supported : Dmpu
2024-12-07 16:23:42,594 [ERROR] ConditionMgr:805 - Attr not supported : Dmpu
2024-12-07 16:23:42,594 [ERROR] ConditionMgr:805 - Attr not supported : Dmpu
2024-12-07 16:23:42,594 [ERROR] ConditionMgr:805 - Attr not supported : Dmpu
2024-12-07 16:23:42,594 [ERROR] ConditionMgr:805 - Attr not supported : Dmpu
2024-12-07 16:23:42,594 [ERROR] ConditionMgr:805 - Attr not supported : Dmpu
2024-12-07 16:23:42,594 [ERROR] ConditionMgr:805 - Attr not supported : Dmpu
2024-12-07 16:23:42,595 [ERROR] ConditionMgr:805 - Attr not supported : Dmpu
2024-12-07 16:23:42,595 [ERROR] ConditionMgr:805 - Attr not supported : Dmpu
2024-12-07 16:23:42,595 [ERROR] ConditionMgr:805 - Attr not supported : Dmpu
2024-12-07 16:23:42,595 [ERROR] ConditionMgr:805 - Attr not supported : Dmpu
2024-12-07 16:23:42,595 [ERROR] ConditionMgr:805 - Attr not supported : Dmpu
2024-12-07 16:23:42,595 [ERROR] ConditionMgr:805 - Attr not supported : Dmpu
2024-12-07 16:23:42,595 [ERROR] ConditionMgr:805 - Attr not supported : Dmpu
2024-12-07 16:23:42,595 [ERROR] ConditionMgr:805 - Attr not supported : Dmpu
2024-12-07 16:23:42,595 [ERROR] ConditionMgr:805 - Attr not supported : Dmpu
2024-12-07 16:23:42,595 [ERROR] ConditionMgr:805 - Attr not supported : Dmpu
2024-12-07 16:23:42,595 [ERROR] ConditionMgr:805 - Attr not supported : Dmpu
2024-12-07 16:23:42,595 [ERROR] ConditionMgr:805 - Attr not supported : Dmpu
2024-12-07 16:23:42,595 [ERROR] ConditionMgr:805 - Attr not supported : Dmpu
2024-12-07 16:23:42,595 [ERROR] ConditionMgr:805 - Attr not supported : Dmpu
2024-12-07 16:23:42,595 [ERROR] ConditionMgr:805 - Attr not supported : Dmpu
2024-12-07 16:23:42,595 [ERROR] ConditionMgr:805 - Attr not supported : Dmpu
2024-12-07 16:23:42,598 [WARN] ConditionMgr:438 - getConditionDescription Invalid condition id : Cortex-A Device cause : null
2024-12-07 16:23:42,604 [WARN] ConditionMgr:1039 - genDependencies : Invalid condition id : Cortex-A Device cause : null
2024-12-07 16:23:42,604 [WARN] ConditionMgr:1039 - genDependencies : Invalid condition id : Cortex-A Device cause : null
2024-12-07 16:23:42,604 [WARN] ConditionMgr:1039 - genDependencies : Invalid condition id : Cortex-A Device cause : null
2024-12-07 16:23:42,604 [INFO] PopulateThirdPartyThread:66 - Ending populate Thread
2024-12-07 16:23:42,605 [INFO] ThirdParty:1030 - CMSIS Pack Vendor :STMicroelectronics X-CUBE-BLEMGR 4.0.0
2024-12-07 16:23:42,605 [INFO] ThirdParty:1030 - CMSIS Pack Vendor :EmbeddedOffice I-CUBE-FS-RTOS 1.0.1
2024-12-07 16:23:42,605 [INFO] ThirdParty:1030 - CMSIS Pack Vendor :Cesanta I-CUBE-Mongoose 7.13.0
2024-12-07 16:23:42,605 [INFO] ThirdParty:1030 - CMSIS Pack Vendor :Infineon AIROC-Wi-Fi-Bluetooth-STM32 1.7.0
2024-12-07 16:23:42,605 [INFO] ThirdParty:1030 - CMSIS Pack Vendor :quantropi X-CUBE-qispace-sdk-base 1.9.3
2024-12-07 16:23:42,605 [INFO] LoadServerUpdatesThread:375 - End of LoadServerUpdate Thread
2024-12-07 16:23:42,663 [INFO] CheckServerUpdateThread:120 - End of CheckServer Thread
2024-12-07 16:23:44,600 [WARN] PackLoader:240 - Cannot read IP mode file for STMicroelectronics.X-CUBE-SMBUS.2.1.0
2024-12-07 16:23:44,611 [WARN] PackLoader:240 - Cannot read IP mode file for STMicroelectronics.X-CUBE-AZRTOS-F7.1.1.0
2024-12-07 16:23:44,616 [WARN] PackLoader:240 - Cannot read IP mode file for STMicroelectronics.FP-SNS-FLIGHT1.5.0.2
2024-12-07 16:23:44,626 [WARN] PackLoader:240 - Cannot read IP mode file for Infineon.AIROC-Wi-Fi-Bluetooth-STM32.1.7.0
2024-12-07 16:23:44,632 [WARN] PackLoader:240 - Cannot read IP mode file for STMicroelectronics.X-CUBE-DISPLAY.3.0.0
2024-12-07 16:23:44,637 [WARN] PackLoader:240 - Cannot read IP mode file for STMicroelectronics.X-CUBE-BLE1.7.0.0
2024-12-07 16:23:44,640 [WARN] PackLoader:240 - Cannot read IP mode file for STMicroelectronics.X-CUBE-BLEMGR.4.0.0
2024-12-07 16:23:44,644 [WARN] PackLoader:240 - Cannot read IP mode file for STMicroelectronics.X-CUBE-BLEMGR.3.1.0
2024-12-07 16:23:44,647 [WARN] PackLoader:240 - Cannot read IP mode file for STMicroelectronics.FP-SNS-SMARTAG2.1.2.0
2024-12-07 16:23:44,651 [INFO] LogOutputStream:77 - [STDOUT_REDIRECT] 1 : Invalid condition id : UX_CORESTACK_Condition cause : null
2024-12-07 16:23:44,652 [INFO] LogOutputStream:77 - [STDOUT_REDIRECT] 1 : Invalid condition id : UX_CORESTACK_Condition cause : null
2024-12-07 16:23:44,652 [INFO] LogOutputStream:77 - [STDOUT_REDIRECT] 1 : Invalid condition id : UX_CORESTACK_Condition cause : null
2024-12-07 16:23:44,652 [INFO] LogOutputStream:77 - [STDOUT_REDIRECT] 1 : Invalid condition id : UX_CORESTACK_Condition cause : null
2024-12-07 16:23:44,653 [INFO] LogOutputStream:77 - [STDOUT_REDIRECT] 1 : Invalid condition id : UX_CORESTACK_Condition cause : null
2024-12-07 16:23:44,654 [WARN] PackLoader:240 - Cannot read IP mode file for STMicroelectronics.X-CUBE-AZRTOS-WL.2.0.0
2024-12-07 16:23:44,658 [WARN] PackLoader:240 - Cannot read IP mode file for WES.I-CUBE-Cesium.1.3.0
2024-12-07 16:23:44,660 [WARN] PackLoader:240 - Cannot read IP mode file for STMicroelectronics.X-CUBE-BLE2.3.3.0
2024-12-07 16:23:44,666 [WARN] PackLoader:240 - Cannot read IP mode file for STMicroelectronics.X-CUBE-AZRTOS-G0.1.1.0
2024-12-07 16:23:44,670 [WARN] PackLoader:240 - Cannot read IP mode file for STMicroelectronics.X-CUBE-NFC4.3.0.0
2024-12-07 16:23:44,674 [WARN] PackLoader:240 - Cannot read IP mode file for EmbeddedOffice.I-CUBE-FS-RTOS.1.0.1
2024-12-07 16:23:44,674 [ERROR] ConditionMgr:805 - Attr not supported : Dmpu
2024-12-07 16:23:44,674 [ERROR] ConditionMgr:805 - Attr not supported : Dmpu
2024-12-07 16:23:44,674 [ERROR] ConditionMgr:805 - Attr not supported : Dmpu
2024-12-07 16:23:44,674 [ERROR] ConditionMgr:805 - Attr not supported : Dmpu
2024-12-07 16:23:44,674 [ERROR] ConditionMgr:805 - Attr not supported : Dmpu
2024-12-07 16:23:44,674 [ERROR] ConditionMgr:805 - Attr not supported : Dmpu
2024-12-07 16:23:44,674 [ERROR] ConditionMgr:805 - Attr not supported : Dmpu
2024-12-07 16:23:44,674 [ERROR] ConditionMgr:805 - Attr not supported : Dmpu
2024-12-07 16:23:44,674 [ERROR] ConditionMgr:805 - Attr not supported : Dmpu
2024-12-07 16:23:44,674 [ERROR] ConditionMgr:805 - Attr not supported : Dmpu
2024-12-07 16:23:44,674 [ERROR] ConditionMgr:805 - Attr not supported : Dmpu
2024-12-07 16:23:44,674 [ERROR] ConditionMgr:805 - Attr not supported : Dmpu
2024-12-07 16:23:44,674 [ERROR] ConditionMgr:805 - Attr not supported : Dmpu
2024-12-07 16:23:44,674 [ERROR] ConditionMgr:805 - Attr not supported : Dmpu
2024-12-07 16:23:44,674 [ERROR] ConditionMgr:805 - Attr not supported : Dmpu
2024-12-07 16:23:44,674 [ERROR] ConditionMgr:805 - Attr not supported : Dmpu
2024-12-07 16:23:44,674 [ERROR] ConditionMgr:805 - Attr not supported : Dmpu
2024-12-07 16:23:44,674 [ERROR] ConditionMgr:805 - Attr not supported : Dmpu
2024-12-07 16:23:44,674 [ERROR] ConditionMgr:805 - Attr not supported : Dmpu
2024-12-07 16:23:44,674 [ERROR] ConditionMgr:805 - Attr not supported : Dmpu
2024-12-07 16:23:44,675 [ERROR] ConditionMgr:805 - Attr not supported : Dmpu
2024-12-07 16:23:44,675 [ERROR] ConditionMgr:805 - Attr not supported : Dmpu
2024-12-07 16:23:44,675 [ERROR] ConditionMgr:805 - Attr not supported : Dmpu
2024-12-07 16:23:44,675 [ERROR] ConditionMgr:805 - Attr not supported : Dmpu
2024-12-07 16:23:44,675 [ERROR] ConditionMgr:805 - Attr not supported : Dmpu
2024-12-07 16:23:44,675 [ERROR] ConditionMgr:805 - Attr not supported : Dmpu
2024-12-07 16:23:44,675 [ERROR] ConditionMgr:805 - Attr not supported : Dmpu
2024-12-07 16:23:44,675 [ERROR] ConditionMgr:805 - Attr not supported : Dmpu
2024-12-07 16:23:44,675 [ERROR] ConditionMgr:805 - Attr not supported : Dmpu
2024-12-07 16:23:44,675 [ERROR] ConditionMgr:805 - Attr not supported : Dmpu
2024-12-07 16:23:44,675 [ERROR] ConditionMgr:805 - Attr not supported : Dmpu
2024-12-07 16:23:44,675 [ERROR] ConditionMgr:805 - Attr not supported : Dmpu
2024-12-07 16:23:44,675 [ERROR] ConditionMgr:805 - Attr not supported : Dmpu
2024-12-07 16:23:44,675 [ERROR] ConditionMgr:805 - Attr not supported : Dmpu
2024-12-07 16:23:44,675 [ERROR] ConditionMgr:805 - Attr not supported : Dmpu
2024-12-07 16:23:44,675 [ERROR] ConditionMgr:805 - Attr not supported : Dmpu
2024-12-07 16:23:44,675 [ERROR] ConditionMgr:805 - Attr not supported : Dmpu
2024-12-07 16:23:44,675 [ERROR] ConditionMgr:805 - Attr not supported : Dmpu
2024-12-07 16:23:44,675 [ERROR] ConditionMgr:805 - Attr not supported : Dmpu
2024-12-07 16:23:44,675 [ERROR] ConditionMgr:805 - Attr not supported : Dmpu
2024-12-07 16:23:44,675 [ERROR] ConditionMgr:805 - Attr not supported : Dmpu
2024-12-07 16:23:44,675 [ERROR] ConditionMgr:805 - Attr not supported : Dmpu
2024-12-07 16:23:44,675 [ERROR] ConditionMgr:805 - Attr not supported : Dmpu
2024-12-07 16:23:44,675 [ERROR] ConditionMgr:805 - Attr not supported : Dmpu
2024-12-07 16:23:44,675 [ERROR] ConditionMgr:805 - Attr not supported : Dmpu
2024-12-07 16:23:44,675 [ERROR] ConditionMgr:805 - Attr not supported : Dmpu
2024-12-07 16:23:44,675 [ERROR] ConditionMgr:805 - Attr not supported : Dmpu
2024-12-07 16:23:44,675 [ERROR] ConditionMgr:805 - Attr not supported : Dmpu
2024-12-07 16:23:44,675 [ERROR] ConditionMgr:805 - Attr not supported : Dmpu
2024-12-07 16:23:44,675 [ERROR] ConditionMgr:805 - Attr not supported : Dmpu
2024-12-07 16:23:44,675 [ERROR] ConditionMgr:805 - Attr not supported : Dmpu
2024-12-07 16:23:44,675 [ERROR] ConditionMgr:805 - Attr not supported : Dmpu
2024-12-07 16:23:44,675 [ERROR] ConditionMgr:805 - Attr not supported : Dmpu
2024-12-07 16:23:44,675 [ERROR] ConditionMgr:805 - Attr not supported : Dmpu
2024-12-07 16:23:44,675 [ERROR] ConditionMgr:805 - Attr not supported : Dmpu
2024-12-07 16:23:44,675 [ERROR] ConditionMgr:805 - Attr not supported : Dmpu
2024-12-07 16:23:44,675 [ERROR] ConditionMgr:805 - Attr not supported : Dmpu
2024-12-07 16:23:44,676 [ERROR] ConditionMgr:805 - Attr not supported : Dmpu
2024-12-07 16:23:44,676 [ERROR] ConditionMgr:805 - Attr not supported : Dmpu
2024-12-07 16:23:44,676 [ERROR] ConditionMgr:805 - Attr not supported : Dmpu
2024-12-07 16:23:44,676 [ERROR] ConditionMgr:805 - Attr not supported : Dmpu
2024-12-07 16:23:44,676 [ERROR] ConditionMgr:805 - Attr not supported : Dmpu
2024-12-07 16:23:44,676 [ERROR] ConditionMgr:805 - Attr not supported : Dmpu
2024-12-07 16:23:44,676 [ERROR] ConditionMgr:805 - Attr not supported : Dmpu
2024-12-07 16:23:44,679 [WARN] PackLoader:240 - Cannot read IP mode file for STMicroelectronics.FP-ATR-SIGFOX1.3.2.0
2024-12-07 16:23:44,681 [WARN] ConditionMgr:438 - getConditionDescription Invalid condition id : Cortex-A Device cause : null
2024-12-07 16:23:44,685 [WARN] ConditionMgr:1039 - genDependencies : Invalid condition id : Cortex-A Device cause : null
2024-12-07 16:23:44,685 [WARN] ConditionMgr:1039 - genDependencies : Invalid condition id : Cortex-A Device cause : null
2024-12-07 16:23:44,685 [WARN] ConditionMgr:1039 - genDependencies : Invalid condition id : Cortex-A Device cause : null
2024-12-07 16:23:44,704 [WARN] PackLoader:240 - Cannot read IP mode file for SEGGER.I-CUBE-embOS.1.3.1
2024-12-07 16:23:44,729 [WARN] PackLoader:240 - Cannot read IP mode file for STMicroelectronics.X-CUBE-AZRTOS-F4.1.1.0
2024-12-07 16:23:44,739 [WARN] PackLoader:240 - Cannot read IP mode file for STMicroelectronics.X-CUBE-AZRTOS-L5.2.0.0
2024-12-07 16:23:44,746 [WARN] PackLoader:240 - Cannot read IP mode file for STMicroelectronics.X-CUBE-NFC7.1.0.1
2024-12-07 16:23:44,757 [WARN] ConditionMgr:438 - getConditionDescription Invalid condition id : LAN8742 Phy interface Condition cause : null
2024-12-07 16:23:44,757 [WARN] PackLoader:240 - Cannot read IP mode file for STMicroelectronics.X-CUBE-AZRTOS-L4.2.0.0
2024-12-07 16:23:44,758 [WARN] ConditionMgr:1039 - genDependencies : Invalid condition id : LAN8742 Phy interface Condition cause : null
2024-12-07 16:23:44,758 [WARN] ConditionMgr:1039 - genDependencies : Invalid condition id : LAN8742 Phy interface Condition cause : null
2024-12-07 16:23:44,759 [WARN] ConditionMgr:1039 - genDependencies : Invalid condition id : LAN8742 Phy interface Condition cause : null
2024-12-07 16:23:44,765 [WARN] PackLoader:240 - Cannot read IP mode file for STMicroelectronics.X-CUBE-SFXS2LP1.4.0.0
2024-12-07 16:23:44,774 [WARN] ConditionMgr:438 - getConditionDescription Invalid condition id : UX DEVICE CLASS RTOS Condition cause : null
2024-12-07 16:23:44,774 [WARN] ConditionMgr:438 - getConditionDescription Invalid condition id : UX DEVICE CLASS RTOS Condition cause : null
2024-12-07 16:23:44,775 [WARN] PackLoader:240 - Cannot read IP mode file for STMicroelectronics.X-CUBE-AZRTOS-WB.2.0.0
2024-12-07 16:23:44,775 [WARN] ConditionMgr:1039 - genDependencies : Invalid condition id : UX DEVICE CLASS RTOS Condition cause : null
2024-12-07 16:23:44,775 [WARN] ConditionMgr:1039 - genDependencies : Invalid condition id : UX DEVICE CLASS RTOS Condition cause : null
2024-12-07 16:23:44,776 [WARN] ConditionMgr:1039 - genDependencies : Invalid condition id : UX DEVICE CLASS RTOS Condition cause : null
2024-12-07 16:23:44,776 [WARN] ConditionMgr:1039 - genDependencies : Invalid condition id : UX DEVICE CLASS RTOS Condition cause : null
2024-12-07 16:23:44,776 [WARN] ConditionMgr:1039 - genDependencies : Invalid condition id : UX DEVICE CLASS RTOS Condition cause : null
2024-12-07 16:23:44,783 [WARN] PackLoader:240 - Cannot read IP mode file for STMicroelectronics.X-CUBE-SUBG2.5.0.0
2024-12-07 16:23:44,789 [WARN] PackLoader:240 - Cannot read IP mode file for Cesanta.I-CUBE-Mongoose.7.13.0
2024-12-07 16:23:44,798 [WARN] PackLoader:240 - Cannot read IP mode file for STMicroelectronics.X-CUBE-AZRTOS-G4.2.0.0
2024-12-07 16:23:44,803 [WARN] PackLoader:240 - Cannot read IP mode file for portGmbH.I-Cube-SoM-uGOAL.1.1.0
2024-12-07 16:23:44,804 [INFO] ThirdParty:978 - Integrity check success = true
2024-12-07 16:23:44,804 [INFO] IntegrityCheckThread:100 - exiting critical section [integrity check]
2024-12-07 16:23:44,804 [INFO] IntegrityCheckThread:103 - End integrity checks thread
2024-12-07 16:23:47,395 [ERROR] LogOutputStream:75 - [STDERR_REDIRECT] SLF4J: Failed to load class "org.slf4j.impl.StaticLoggerBinder".
2024-12-07 16:23:47,396 [ERROR] LogOutputStream:75 - [STDERR_REDIRECT] SLF4J: Defaulting to no-operation (NOP) logger implementation
2024-12-07 16:23:47,396 [ERROR] LogOutputStream:75 - [STDERR_REDIRECT] SLF4J: See http://www.slf4j.org/codes.html#StaticLoggerBinder for further details.
2024-12-07 17:15:59,364 [ERROR] LogOutputStream:75 - [STDERR_REDIRECT] 
