2025-03-20 12:05:32,227 [INFO] Activator:176 - 


2025-03-20 12:05:32,230 [INFO] Activator:177 - !SESSION log4j initialized
2025-03-20 12:05:36,873 [INFO] LogOutputStream:77 - [STDOUT_REDIRECT] 
2025-03-20 12:05:45,340 [INFO] ApplicationProperties:184 - Using Application install path: C:\ST\STM32CubeIDE_1.14.1\STM32CubeIDE\plugins\com.st.stm32cube.common.mx_6.14.0.202502271554
2025-03-20 12:05:45,380 [INFO] DbMcusXml:78 - Set database path to: C:\ST\STM32CubeIDE_1.14.1\STM32CubeIDE\plugins\com.st.stm32cube.common.mx_6.14.0.202502271554\\db\/mcu/
2025-03-20 12:05:45,380 [INFO] ApiDb:274 - Set plugin database path to: C:\ST\STM32CubeIDE_1.14.1\STM32CubeIDE\plugins\com.st.stm32cube.common.mx_6.14.0.202502271554\\db\/plugins/boardmanager/
2025-03-20 12:05:45,381 [WARN] ApiDb:259 - Overriding images path with different value:  => C:\ST\STM32CubeIDE_1.14.1\STM32CubeIDE\plugins\com.st.stm32cube.common.mx_6.14.0.202502271554\\db\/plugins/mcufinder/images/
2025-03-20 12:05:45,388 [INFO] ApiDb:250 - Set database path to: C:\Users\user\.stmcufinder\plugins\mcufinder//mcu/
2025-03-20 12:05:45,389 [INFO] DbMcusAds:125 - Set database path to: C:\Users\user\.stmcufinder\plugins\mcufinder//mcu/
2025-03-20 12:05:45,390 [INFO] CrossReferenceDbSqlite:203 - Set database path to: C:\Users\user\.stmcufinder\plugins\mcufinder//mcu/cs/
2025-03-20 12:05:45,462 [INFO] RulesReader:64 - Compatibility file has been processed (301 Rules)
2025-03-20 12:05:45,523 [INFO] DbMcusXml:78 - Set database path to: C:\ST\STM32CubeIDE_1.14.1\STM32CubeIDE\plugins\com.st.stm32cube.common.mx_6.14.0.202502271554\\db\/mcu/
2025-03-20 12:05:45,523 [INFO] ApiDb:274 - Set plugin database path to: C:\ST\STM32CubeIDE_1.14.1\STM32CubeIDE\plugins\com.st.stm32cube.common.mx_6.14.0.202502271554\\db\/plugins/boardmanager/
2025-03-20 12:05:45,523 [INFO] ApiDb:261 - Set plugin images path to: C:\ST\STM32CubeIDE_1.14.1\STM32CubeIDE\plugins\com.st.stm32cube.common.mx_6.14.0.202502271554\\db\/plugins/mcufinder/images/
2025-03-20 12:05:45,523 [WARN] DbFile:41 - Overriding database path with different value: C:\Users\user\.stmcufinder\plugins\mcufinder/ => C:\Users\user\.stmcufinder\plugins\mcufinder
2025-03-20 12:05:45,524 [INFO] ApiDb:250 - Set database path to: C:\Users\user\.stmcufinder\plugins\mcufinder//mcu/
2025-03-20 12:05:45,524 [WARN] DbFile:41 - Overriding database path with different value: C:\Users\user\.stmcufinder\plugins\mcufinder/ => C:\Users\user\.stmcufinder\plugins\mcufinder
2025-03-20 12:05:45,524 [INFO] DbMcusAds:125 - Set database path to: C:\Users\user\.stmcufinder\plugins\mcufinder//mcu/
2025-03-20 12:05:45,524 [WARN] DbFile:41 - Overriding database path with different value: C:\Users\user\.stmcufinder\plugins\mcufinder/ => C:\Users\user\.stmcufinder\plugins\mcufinder
2025-03-20 12:05:45,524 [WARN] DbFile:41 - Overriding database path with different value: C:\Users\user\.stmcufinder\plugins\mcufinder/ => C:\Users\user\.stmcufinder\plugins\mcufinder
2025-03-20 12:05:45,524 [INFO] CrossReferenceDbSqlite:203 - Set database path to: C:\Users\user\.stmcufinder\plugins\mcufinder//mcu/cs/
2025-03-20 12:05:45,572 [INFO] MainPanel:272 - HeapMemory: 268435456
2025-03-20 12:05:45,637 [INFO] DbMcusXml:78 - Set database path to: C:\ST\STM32CubeIDE_1.14.1\STM32CubeIDE\plugins\com.st.stm32cube.common.mx_6.14.0.202502271554\\db\/mcu/
2025-03-20 12:05:45,637 [INFO] ApiDb:274 - Set plugin database path to: C:\ST\STM32CubeIDE_1.14.1\STM32CubeIDE\plugins\com.st.stm32cube.common.mx_6.14.0.202502271554\\db\/plugins/boardmanager/
2025-03-20 12:05:45,637 [INFO] ApiDb:261 - Set plugin images path to: C:\ST\STM32CubeIDE_1.14.1\STM32CubeIDE\plugins\com.st.stm32cube.common.mx_6.14.0.202502271554\\db\/plugins/mcufinder/images/
2025-03-20 12:05:45,638 [WARN] DbFile:41 - Overriding database path with different value: C:\Users\user\.stmcufinder\plugins\mcufinder/ => C:\Users\user\.stmcufinder\plugins\mcufinder
2025-03-20 12:05:45,638 [INFO] ApiDb:250 - Set database path to: C:\Users\user\.stmcufinder\plugins\mcufinder//mcu/
2025-03-20 12:05:45,638 [WARN] DbFile:41 - Overriding database path with different value: C:\Users\user\.stmcufinder\plugins\mcufinder/ => C:\Users\user\.stmcufinder\plugins\mcufinder
2025-03-20 12:05:45,638 [INFO] DbMcusAds:125 - Set database path to: C:\Users\user\.stmcufinder\plugins\mcufinder//mcu/
2025-03-20 12:05:45,638 [WARN] DbFile:41 - Overriding database path with different value: C:\Users\user\.stmcufinder\plugins\mcufinder/ => C:\Users\user\.stmcufinder\plugins\mcufinder
2025-03-20 12:05:45,638 [WARN] DbFile:41 - Overriding database path with different value: C:\Users\user\.stmcufinder\plugins\mcufinder/ => C:\Users\user\.stmcufinder\plugins\mcufinder
2025-03-20 12:05:45,638 [INFO] CrossReferenceDbSqlite:203 - Set database path to: C:\Users\user\.stmcufinder\plugins\mcufinder//mcu/cs/
2025-03-20 12:05:45,650 [INFO] ApplicationProperties:184 - Using Application install path: C:\ST\STM32CubeIDE_1.14.1\STM32CubeIDE\plugins\com.st.stm32cube.common.mx_6.14.0.202502271554
2025-03-20 12:05:45,650 [INFO] PluginManage:196 - Search for loadable plugins [exclusion list=, ]
2025-03-20 12:05:45,652 [INFO] PluginManage:310 - Check plugin analytics
2025-03-20 12:05:45,787 [INFO] AnalyticsPlugin:253 - Accepted Software Licenses: 
2025-03-20 12:05:45,787 [INFO] AnalyticsPlugin:255 - Accepted CMSIS Pack Licenses: 
2025-03-20 12:05:45,787 [INFO] AnalyticsPlugin:257 - Accepted Firmware Licenses: FW.F4.1.28.0
2025-03-20 12:05:45,789 [INFO] PluginManage:359 - Loaded plugin analytics (category:tool,tabindex:-1)
2025-03-20 12:05:45,790 [INFO] PluginManage:310 - Check plugin cadmodel
2025-03-20 12:05:45,794 [INFO] CADModel:105 - Init CAD model plugin
2025-03-20 12:05:45,794 [INFO] PluginManage:359 - Loaded plugin cadmodel (category:power,tabindex:5)
2025-03-20 12:05:45,794 [INFO] PluginManage:310 - Check plugin clock
2025-03-20 12:05:45,803 [INFO] PluginManage:359 - Loaded plugin clock (category:base,tabindex:2)
2025-03-20 12:05:45,803 [INFO] PluginManage:310 - Check plugin ddr
2025-03-20 12:05:45,805 [INFO] PluginManage:359 - Loaded plugin ddr (category:tool,tabindex:6)
2025-03-20 12:05:45,805 [INFO] PluginManage:310 - Check plugin filemanager
2025-03-20 12:05:45,916 [INFO] PluginManage:359 - Loaded plugin filemanager (category:base,tabindex:10)
2025-03-20 12:05:45,916 [INFO] PluginManage:310 - Check plugin ipmanager
2025-03-20 12:05:45,920 [INFO] PluginManage:359 - Loaded plugin ipmanager (category:base,tabindex:5)
2025-03-20 12:05:45,920 [INFO] PluginManage:310 - Check plugin lpbam
2025-03-20 12:05:45,925 [INFO] PluginManage:359 - Loaded plugin lpbam (category:base,tabindex:0)
2025-03-20 12:05:45,925 [INFO] PluginManage:310 - Check plugin memorymap
2025-03-20 12:05:45,935 [INFO] PluginManage:359 - Loaded plugin memorymap (category:base,tabindex:4)
2025-03-20 12:05:45,935 [INFO] PluginManage:310 - Check plugin pinoutandconfiguration
2025-03-20 12:05:45,940 [INFO] PluginManage:359 - Loaded plugin pinoutandconfiguration (category:base,tabindex:1)
2025-03-20 12:05:45,940 [INFO] PluginManage:310 - Check plugin pinoutconfig
2025-03-20 12:05:45,993 [WARN] SupportedApi:132 - Cannot load RTOS API schema: s4s-elt-must-match.1: The content of 'definitions' must match (annotation?, (simpleType | complexType)?, (unique | key | keyref)*)). A problem was found starting at: attribute.
2025-03-20 12:05:46,084 [INFO] PluginManage:359 - Loaded plugin pinoutconfig (category:base,tabindex:0)
2025-03-20 12:05:46,084 [INFO] PluginManage:310 - Check plugin power
2025-03-20 12:05:46,092 [INFO] PluginManage:359 - Loaded plugin power (category:power,tabindex:4)
2025-03-20 12:05:46,092 [INFO] PluginManage:310 - Check plugin projectmanager
2025-03-20 12:05:46,103 [INFO] PluginManage:359 - Loaded plugin projectmanager (category:projectmanager,tabindex:4)
2025-03-20 12:05:46,103 [INFO] PluginManage:310 - Check plugin rif
2025-03-20 12:05:46,109 [INFO] PluginManage:359 - Loaded plugin rif (category:base,tabindex:3)
2025-03-20 12:05:46,109 [INFO] PluginManage:310 - Check plugin thirdparty
2025-03-20 12:05:46,202 [INFO] PluginManage:359 - Loaded plugin thirdparty (category:base,tabindex:-1)
2025-03-20 12:05:46,202 [INFO] PluginManage:310 - Check plugin tools
2025-03-20 12:05:46,202 [WARN] IntegrityCheckThread:84 - waiting for thirdparty lock release [integrity check]
2025-03-20 12:05:46,202 [INFO] IntegrityCheckThread:86 - entering critical section [integrity check]
2025-03-20 12:05:46,203 [INFO] ThirdPartyUpdaterWithRetryManager:70 - Updater plugin not ready yet. [1/15]
2025-03-20 12:05:46,204 [INFO] PluginManage:359 - Loaded plugin tools (category:base,tabindex:7)
2025-03-20 12:05:46,205 [INFO] PluginManage:310 - Check plugin tutovideos
2025-03-20 12:05:46,344 [INFO] PluginManage:359 - Loaded plugin tutovideos (category:base,tabindex:-1)
2025-03-20 12:05:46,344 [INFO] PluginManage:310 - Check plugin updater
2025-03-20 12:05:46,359 [INFO] PluginManage:359 - Loaded plugin updater (category:base,tabindex:12)
2025-03-20 12:05:46,359 [INFO] PluginManage:310 - Check plugin userauth
2025-03-20 12:05:46,362 [INFO] UserAuth:118 - Init User Auth plugin
2025-03-20 12:05:46,363 [INFO] PluginManage:359 - Loaded plugin userauth (category:base,tabindex:14)
2025-03-20 12:05:46,363 [INFO] PluginManage:283 - PluginManage : Loaded plugins [18]
2025-03-20 12:05:46,510 [INFO] PinOutPanel:1589 - setPackage(No Configuration,No Configuration)
2025-03-20 12:05:46,574 [INFO] CADModel:165 - CPN selected for project level
2025-03-20 12:05:46,574 [INFO] CADModel:114 - Register for checkConnection events
2025-03-20 12:05:46,588 [INFO] IPUIPlugin:80 - create IPUIPlugin
2025-03-20 12:05:46,588 [INFO] PluginManager:220 - loadIPPluginJar : add adc
2025-03-20 12:05:46,591 [INFO] IPUIPlugin:80 - create IPUIPlugin
2025-03-20 12:05:46,591 [INFO] PluginManager:220 - loadIPPluginJar : add aes
2025-03-20 12:05:46,593 [INFO] IPUIPlugin:80 - create IPUIPlugin
2025-03-20 12:05:46,593 [INFO] PluginManager:220 - loadIPPluginJar : add can
2025-03-20 12:05:46,594 [INFO] IPUIPlugin:80 - create IPUIPlugin
2025-03-20 12:05:46,594 [INFO] PluginManager:220 - loadIPPluginJar : add comp
2025-03-20 12:05:46,596 [INFO] IPUIPlugin:80 - create IPUIPlugin
2025-03-20 12:05:46,596 [INFO] PluginManager:220 - loadIPPluginJar : add cryp
2025-03-20 12:05:46,598 [INFO] IPUIPlugin:80 - create IPUIPlugin
2025-03-20 12:05:46,598 [INFO] PluginManager:220 - loadIPPluginJar : add ddr_ctrl_phy
2025-03-20 12:05:46,600 [INFO] IPUIPlugin:80 - create IPUIPlugin
2025-03-20 12:05:46,600 [INFO] PluginManager:220 - loadIPPluginJar : add dfsdm
2025-03-20 12:05:46,604 [INFO] IPUIPlugin:80 - create IPUIPlugin
2025-03-20 12:05:46,604 [INFO] PluginManager:220 - loadIPPluginJar : add dma
2025-03-20 12:05:46,606 [INFO] IPUIPlugin:80 - create IPUIPlugin
2025-03-20 12:05:46,606 [INFO] PluginManager:220 - loadIPPluginJar : add dma3
2025-03-20 12:05:46,608 [INFO] IPUIPlugin:80 - create IPUIPlugin
2025-03-20 12:05:46,608 [INFO] PluginManager:220 - loadIPPluginJar : add extmemmanager
2025-03-20 12:05:46,609 [INFO] IPUIPlugin:80 - create IPUIPlugin
2025-03-20 12:05:46,609 [INFO] PluginManager:220 - loadIPPluginJar : add fatfs
2025-03-20 12:05:46,612 [INFO] IPUIPlugin:80 - create IPUIPlugin
2025-03-20 12:05:46,612 [INFO] PluginManager:220 - loadIPPluginJar : add fmc
2025-03-20 12:05:46,616 [INFO] IPUIPlugin:80 - create IPUIPlugin
2025-03-20 12:05:46,616 [INFO] PluginManager:220 - loadIPPluginJar : add freertos
2025-03-20 12:05:46,617 [INFO] IPUIPlugin:80 - create IPUIPlugin
2025-03-20 12:05:46,617 [INFO] PluginManager:220 - loadIPPluginJar : add genericplugin
2025-03-20 12:05:46,618 [INFO] IPUIPlugin:80 - create IPUIPlugin
2025-03-20 12:05:46,619 [INFO] PluginManager:220 - loadIPPluginJar : add gfxmmu
2025-03-20 12:05:46,621 [INFO] IPUIPlugin:80 - create IPUIPlugin
2025-03-20 12:05:46,621 [INFO] PluginManager:220 - loadIPPluginJar : add gic
2025-03-20 12:05:46,624 [INFO] IPUIPlugin:80 - create IPUIPlugin
2025-03-20 12:05:46,624 [INFO] PluginManager:220 - loadIPPluginJar : add gpio
2025-03-20 12:05:46,626 [INFO] IPUIPlugin:80 - create IPUIPlugin
2025-03-20 12:05:46,626 [INFO] PluginManager:220 - loadIPPluginJar : add gtzc
2025-03-20 12:05:46,628 [INFO] IPUIPlugin:80 - create IPUIPlugin
2025-03-20 12:05:46,628 [INFO] PluginManager:220 - loadIPPluginJar : add hash
2025-03-20 12:05:46,630 [INFO] IPUIPlugin:80 - create IPUIPlugin
2025-03-20 12:05:46,630 [INFO] PluginManager:220 - loadIPPluginJar : add i2c
2025-03-20 12:05:46,632 [INFO] IPUIPlugin:80 - create IPUIPlugin
2025-03-20 12:05:46,632 [INFO] PluginManager:220 - loadIPPluginJar : add i2s
2025-03-20 12:05:46,633 [INFO] IPUIPlugin:80 - create IPUIPlugin
2025-03-20 12:05:46,634 [INFO] PluginManager:220 - loadIPPluginJar : add i3c
2025-03-20 12:05:46,636 [INFO] IPUIPlugin:80 - create IPUIPlugin
2025-03-20 12:05:46,636 [INFO] PluginManager:220 - loadIPPluginJar : add ipddr
2025-03-20 12:05:46,641 [INFO] IPUIPlugin:80 - create IPUIPlugin
2025-03-20 12:05:46,641 [INFO] PluginManager:220 - loadIPPluginJar : add linkedlist
2025-03-20 12:05:46,644 [INFO] IPUIPlugin:80 - create IPUIPlugin
2025-03-20 12:05:46,644 [INFO] PluginManager:220 - loadIPPluginJar : add lorawan
2025-03-20 12:05:46,645 [INFO] IPUIPlugin:80 - create IPUIPlugin
2025-03-20 12:05:46,645 [INFO] PluginManager:220 - loadIPPluginJar : add ltdc
2025-03-20 12:05:46,649 [INFO] IPUIPlugin:80 - create IPUIPlugin
2025-03-20 12:05:46,649 [INFO] PluginManager:220 - loadIPPluginJar : add mdma
2025-03-20 12:05:46,651 [INFO] IPUIPlugin:80 - create IPUIPlugin
2025-03-20 12:05:46,651 [INFO] PluginManager:220 - loadIPPluginJar : add nvic
2025-03-20 12:05:46,653 [INFO] IPUIPlugin:80 - create IPUIPlugin
2025-03-20 12:05:46,654 [INFO] PluginManager:220 - loadIPPluginJar : add opamp
2025-03-20 12:05:46,656 [INFO] IPUIPlugin:80 - create IPUIPlugin
2025-03-20 12:05:46,657 [INFO] PluginManager:220 - loadIPPluginJar : add openamp
2025-03-20 12:05:46,660 [INFO] IPUIPlugin:80 - create IPUIPlugin
2025-03-20 12:05:46,660 [INFO] PluginManager:220 - loadIPPluginJar : add pdm2pcm
2025-03-20 12:05:46,665 [INFO] IPUIPlugin:80 - create IPUIPlugin
2025-03-20 12:05:46,667 [INFO] PluginManager:220 - loadIPPluginJar : add plateformsettings
2025-03-20 12:05:46,668 [INFO] IPUIPlugin:80 - create IPUIPlugin
2025-03-20 12:05:46,668 [INFO] PluginManager:220 - loadIPPluginJar : add quadspi
2025-03-20 12:05:46,670 [INFO] IPUIPlugin:80 - create IPUIPlugin
2025-03-20 12:05:46,670 [INFO] PluginManager:220 - loadIPPluginJar : add radio
2025-03-20 12:05:46,673 [INFO] IPUIPlugin:80 - create IPUIPlugin
2025-03-20 12:05:46,673 [INFO] PluginManager:220 - loadIPPluginJar : add resmgrutility
2025-03-20 12:05:46,676 [INFO] IPUIPlugin:80 - create IPUIPlugin
2025-03-20 12:05:46,676 [INFO] PluginManager:220 - loadIPPluginJar : add sai
2025-03-20 12:05:46,678 [INFO] IPUIPlugin:80 - create IPUIPlugin
2025-03-20 12:05:46,678 [INFO] PluginManager:220 - loadIPPluginJar : add spi
2025-03-20 12:05:46,683 [INFO] IPUIPlugin:80 - create IPUIPlugin
2025-03-20 12:05:46,683 [INFO] PluginManager:220 - loadIPPluginJar : add stm32_wpan
2025-03-20 12:05:46,684 [INFO] IPUIPlugin:80 - create IPUIPlugin
2025-03-20 12:05:46,685 [INFO] PluginManager:220 - loadIPPluginJar : add tim
2025-03-20 12:05:46,687 [INFO] IPUIPlugin:80 - create IPUIPlugin
2025-03-20 12:05:46,687 [INFO] PluginManager:220 - loadIPPluginJar : add touchsensing
2025-03-20 12:05:46,689 [INFO] IPUIPlugin:80 - create IPUIPlugin
2025-03-20 12:05:46,689 [INFO] PluginManager:220 - loadIPPluginJar : add tracer_emb
2025-03-20 12:05:46,690 [INFO] IPUIPlugin:80 - create IPUIPlugin
2025-03-20 12:05:46,690 [INFO] PluginManager:220 - loadIPPluginJar : add ts
2025-03-20 12:05:46,691 [INFO] IPUIPlugin:80 - create IPUIPlugin
2025-03-20 12:05:46,692 [INFO] PluginManager:220 - loadIPPluginJar : add tsc
2025-03-20 12:05:46,693 [INFO] IPUIPlugin:80 - create IPUIPlugin
2025-03-20 12:05:46,693 [INFO] PluginManager:220 - loadIPPluginJar : add ucpd
2025-03-20 12:05:46,695 [INFO] IPUIPlugin:80 - create IPUIPlugin
2025-03-20 12:05:46,695 [INFO] PluginManager:220 - loadIPPluginJar : add usart
2025-03-20 12:05:46,698 [INFO] IPUIPlugin:80 - create IPUIPlugin
2025-03-20 12:05:46,698 [INFO] PluginManager:220 - loadIPPluginJar : add usbx
2025-03-20 12:05:46,797 [FATAL] Updater:351 - Updater called before beeing initialized
2025-03-20 12:05:46,817 [INFO] RulesReader:64 - Compatibility file has been processed (301 Rules)
2025-03-20 12:05:46,826 [INFO] RulesReader:64 - Compatibility file has been processed (301 Rules)
2025-03-20 12:05:46,832 [INFO] CADModel:165 - CPN selected for project level
2025-03-20 12:05:46,832 [INFO] CADModel:114 - Register for checkConnection events
2025-03-20 12:05:46,832 [FATAL] Updater:351 - Updater called before beeing initialized
2025-03-20 12:05:46,832 [ERROR] CADModel:125 - Updater not yet initialized, retry later 
2025-03-20 12:05:46,930 [FATAL] Updater:351 - Updater called before beeing initialized
2025-03-20 12:05:46,932 [INFO] CADModel:165 - CPN selected for project level
2025-03-20 12:05:46,932 [INFO] CADModel:114 - Register for checkConnection events
2025-03-20 12:05:46,932 [FATAL] Updater:351 - Updater called before beeing initialized
2025-03-20 12:05:46,932 [ERROR] CADModel:125 - Updater not yet initialized, retry later 
2025-03-20 12:05:46,934 [FATAL] Updater:351 - Updater called before beeing initialized
2025-03-20 12:05:47,011 [FATAL] Updater:351 - Updater called before beeing initialized
2025-03-20 12:05:47,014 [INFO] DbMcusAds:53 - JSON generation date=Thu Mar 06 23:54:21 KST 2025 (1741272861825)
2025-03-20 12:05:47,014 [FATAL] Updater:351 - Updater called before beeing initialized
2025-03-20 12:05:47,060 [WARN] DetailPanel:346 - Failed to get advertising image, set to default
2025-03-20 12:05:47,217 [FATAL] Updater:351 - Updater called before beeing initialized
2025-03-20 12:05:47,218 [FATAL] Updater:351 - Updater called before beeing initialized
2025-03-20 12:05:47,219 [FATAL] Updater:351 - Updater called before beeing initialized
2025-03-20 12:05:47,219 [WARN] DetailPanel:346 - Failed to get advertising image, set to default
2025-03-20 12:05:47,220 [FATAL] Updater:351 - Updater called before beeing initialized
2025-03-20 12:05:47,258 [ERROR] Updater:1198 - MainUpdater not yet initialized. External WinMGr cannot be set.
2025-03-20 12:05:47,262 [INFO] Updater:1134 - Updater Version found : 6.14.0
2025-03-20 12:05:47,278 [INFO] ApplicationProperties:184 - Using Application install path: C:\ST\STM32CubeIDE_1.14.1\STM32CubeIDE\plugins\com.st.stm32cube.common.mx_6.14.0.202502271554
2025-03-20 12:05:47,581 [INFO] MainUpdater:2872 - connection check result : 10
2025-03-20 12:05:47,582 [INFO] MainUpdater:289 - Updater Check For Update Now.
2025-03-20 12:05:47,582 [INFO] MicroXplorer:498 - Change Database Version : DB.6.0.140
2025-03-20 12:05:47,590 [INFO] McuFinderGlobals:63 - Set McuFinder mode to 2 (CubeIDE integrated)
2025-03-20 12:05:47,590 [INFO] UserAuth:171 - activating auth plugin
2025-03-20 12:05:47,594 [INFO] UserAuth:486 - Internet connection configuration mode: 1
2025-03-20 12:05:47,620 [INFO] JxBrowserEngine:152 - Initiate JxBrowser Engine with user profile folder
2025-03-20 12:05:47,735 [INFO] CheckServerUpdateThread:120 - End of CheckServer Thread
2025-03-20 12:05:49,350 [WARN] PackLoader:240 - Cannot read IP mode file for STMicroelectronics.FP-ATR-ASTRA1.2.0.2
2025-03-20 12:05:49,353 [WARN] PackLoader:240 - Cannot read IP mode file for STMicroelectronics.FP-ATR-ASTRA1.2.0.1
2025-03-20 12:05:49,358 [WARN] PackLoader:240 - Cannot read IP mode file for STMicroelectronics.X-CUBE-SMBUS.2.1.0
2025-03-20 12:05:49,372 [WARN] PackLoader:240 - Cannot read IP mode file for STMicroelectronics.X-CUBE-AZRTOS-F7.1.1.0
2025-03-20 12:05:49,409 [WARN] PackLoader:240 - Cannot read IP mode file for STMicroelectronics.X-CUBE-MEMS1.11.0.0
2025-03-20 12:05:49,517 [WARN] PackLoader:240 - Cannot read IP mode file for STMicroelectronics.FP-SNS-FLIGHT1.5.0.2
2025-03-20 12:05:49,533 [WARN] PackLoader:240 - Cannot read IP mode file for Infineon.AIROC-Wi-Fi-Bluetooth-STM32.1.7.0
2025-03-20 12:05:49,544 [WARN] PackLoader:240 - Cannot read IP mode file for STMicroelectronics.X-CUBE-DISPLAY.3.0.0
2025-03-20 12:05:49,550 [WARN] PackLoader:240 - Cannot read IP mode file for STMicroelectronics.X-CUBE-BLE1.7.0.0
2025-03-20 12:05:49,560 [WARN] PackLoader:240 - Cannot read IP mode file for STMicroelectronics.X-CUBE-BLEMGR.4.0.0
2025-03-20 12:05:49,575 [WARN] PackLoader:240 - Cannot read IP mode file for STMicroelectronics.X-CUBE-BLEMGR.3.1.0
2025-03-20 12:05:49,582 [WARN] PackLoader:240 - Cannot read IP mode file for STMicroelectronics.X-CUBE-AI.10.0.0
2025-03-20 12:05:49,589 [WARN] PackLoader:240 - Cannot read IP mode file for STMicroelectronics.FP-SNS-SMARTAG2.1.2.0
2025-03-20 12:05:49,594 [WARN] PackLoader:240 - Cannot read IP mode file for STMicroelectronics.FP-SNS-FLIGHT1.5.1.0
2025-03-20 12:05:49,651 [WARN] PackLoader:240 - Cannot read IP mode file for STMicroelectronics.X-CUBE-MEMS1.11.1.0
2025-03-20 12:05:49,714 [INFO] LogOutputStream:77 - [STDOUT_REDIRECT] 1 : Invalid condition id : UX_CORESTACK_Condition cause : null
2025-03-20 12:05:49,715 [INFO] LogOutputStream:77 - [STDOUT_REDIRECT] 1 : Invalid condition id : UX_CORESTACK_Condition cause : null
2025-03-20 12:05:49,716 [INFO] LogOutputStream:77 - [STDOUT_REDIRECT] 1 : Invalid condition id : UX_CORESTACK_Condition cause : null
2025-03-20 12:05:49,717 [INFO] LogOutputStream:77 - [STDOUT_REDIRECT] 1 : Invalid condition id : UX_CORESTACK_Condition cause : null
2025-03-20 12:05:49,718 [INFO] LogOutputStream:77 - [STDOUT_REDIRECT] 1 : Invalid condition id : UX_CORESTACK_Condition cause : null
2025-03-20 12:05:49,719 [WARN] PackLoader:240 - Cannot read IP mode file for STMicroelectronics.X-CUBE-AZRTOS-WL.2.0.0
2025-03-20 12:05:49,726 [WARN] PackLoader:240 - Cannot read IP mode file for WES.I-CUBE-Cesium.1.3.0
2025-03-20 12:05:49,730 [WARN] PackLoader:240 - Cannot read IP mode file for STMicroelectronics.X-CUBE-BLE2.3.3.0
2025-03-20 12:05:49,733 [WARN] PackLoader:240 - Cannot read IP mode file for STMicroelectronics.X-CUBE-BLE1.7.1.0
2025-03-20 12:05:49,736 [WARN] PackLoader:240 - Cannot read IP mode file for STMicroelectronics.X-CUBE-TCPP.4.1.0
2025-03-20 12:05:49,745 [WARN] PackLoader:240 - Cannot read IP mode file for STMicroelectronics.X-CUBE-AZRTOS-G0.1.1.0
2025-03-20 12:05:49,750 [WARN] PackLoader:240 - Cannot read IP mode file for STMicroelectronics.X-CUBE-NFC4.3.0.0
2025-03-20 12:05:49,755 [WARN] PackLoader:240 - Cannot read IP mode file for EmbeddedOffice.I-CUBE-FS-RTOS.1.0.1
2025-03-20 12:05:49,759 [WARN] PackLoader:240 - Cannot read IP mode file for STMicroelectronics.X-CUBE-TCPP.4.2.0
2025-03-20 12:05:49,763 [WARN] PackLoader:240 - Cannot read IP mode file for STMicroelectronics.FP-ATR-SIGFOX1.3.2.0
2025-03-20 12:05:49,766 [WARN] ConditionMgr:438 - getConditionDescription Invalid condition id : Cortex-A Device cause : null
2025-03-20 12:05:49,778 [WARN] ConditionMgr:1044 - genDependencies : Invalid condition id : Cortex-A Device cause : null
2025-03-20 12:05:49,778 [WARN] ConditionMgr:1044 - genDependencies : Invalid condition id : Cortex-A Device cause : null
2025-03-20 12:05:49,778 [WARN] ConditionMgr:1044 - genDependencies : Invalid condition id : Cortex-A Device cause : null
2025-03-20 12:05:49,791 [WARN] PackLoader:240 - Cannot read IP mode file for SEGGER.I-CUBE-embOS.1.3.1
2025-03-20 12:05:49,817 [WARN] PackLoader:240 - Cannot read IP mode file for STMicroelectronics.X-CUBE-AZRTOS-F4.1.1.0
2025-03-20 12:05:49,821 [WARN] PackLoader:240 - Cannot read IP mode file for STMicroelectronics.X-CUBE-FREERTOS.1.2.0
2025-03-20 12:05:49,829 [WARN] PackLoader:240 - Cannot read IP mode file for STMicroelectronics.X-CUBE-AZRTOS-L5.2.0.0
2025-03-20 12:05:49,833 [WARN] PackLoader:240 - Cannot read IP mode file for STMicroelectronics.X-CUBE-FREERTOS.1.3.0
2025-03-20 12:05:49,836 [WARN] PackLoader:240 - Cannot read IP mode file for STMicroelectronics.X-CUBE-NFC7.1.0.1
2025-03-20 12:05:49,845 [WARN] ConditionMgr:438 - getConditionDescription Invalid condition id : LAN8742 Phy interface Condition cause : null
2025-03-20 12:05:49,845 [WARN] PackLoader:240 - Cannot read IP mode file for STMicroelectronics.X-CUBE-AZRTOS-L4.2.0.0
2025-03-20 12:05:49,846 [WARN] ConditionMgr:1044 - genDependencies : Invalid condition id : LAN8742 Phy interface Condition cause : null
2025-03-20 12:05:49,846 [WARN] ConditionMgr:1044 - genDependencies : Invalid condition id : LAN8742 Phy interface Condition cause : null
2025-03-20 12:05:49,846 [WARN] ConditionMgr:1044 - genDependencies : Invalid condition id : LAN8742 Phy interface Condition cause : null
2025-03-20 12:05:49,850 [WARN] PackLoader:240 - Cannot read IP mode file for STMicroelectronics.X-CUBE-SFXS2LP1.4.0.0
2025-03-20 12:05:49,857 [WARN] PackLoader:240 - Cannot read IP mode file for STMicroelectronics.X-CUBE-IPS.3.0.0
2025-03-20 12:05:49,865 [WARN] ConditionMgr:438 - getConditionDescription Invalid condition id : UX DEVICE CLASS RTOS Condition cause : null
2025-03-20 12:05:49,865 [WARN] ConditionMgr:438 - getConditionDescription Invalid condition id : UX DEVICE CLASS RTOS Condition cause : null
2025-03-20 12:05:49,866 [WARN] PackLoader:240 - Cannot read IP mode file for STMicroelectronics.X-CUBE-AZRTOS-WB.2.0.0
2025-03-20 12:05:49,866 [WARN] ConditionMgr:1044 - genDependencies : Invalid condition id : UX DEVICE CLASS RTOS Condition cause : null
2025-03-20 12:05:49,866 [WARN] ConditionMgr:1044 - genDependencies : Invalid condition id : UX DEVICE CLASS RTOS Condition cause : null
2025-03-20 12:05:49,866 [WARN] ConditionMgr:1044 - genDependencies : Invalid condition id : UX DEVICE CLASS RTOS Condition cause : null
2025-03-20 12:05:49,867 [WARN] ConditionMgr:1044 - genDependencies : Invalid condition id : UX DEVICE CLASS RTOS Condition cause : null
2025-03-20 12:05:49,867 [WARN] ConditionMgr:1044 - genDependencies : Invalid condition id : UX DEVICE CLASS RTOS Condition cause : null
2025-03-20 12:05:49,871 [WARN] PackLoader:240 - Cannot read IP mode file for STMicroelectronics.X-CUBE-GNSS1.7.0.0
2025-03-20 12:05:49,874 [WARN] PackLoader:240 - Cannot read IP mode file for STMicroelectronics.X-CUBE-GNSS1.7.0.1
2025-03-20 12:05:49,879 [WARN] PackLoader:240 - Cannot read IP mode file for STMicroelectronics.X-CUBE-TOUCHGFX.4.25.0
2025-03-20 12:05:49,885 [WARN] PackLoader:240 - Cannot read IP mode file for STMicroelectronics.X-CUBE-SUBG2.5.0.0
2025-03-20 12:05:49,890 [WARN] PackLoader:240 - Cannot read IP mode file for Cesanta.I-CUBE-Mongoose.7.13.0
2025-03-20 12:05:49,900 [WARN] PackLoader:240 - Cannot read IP mode file for STMicroelectronics.X-CUBE-AZRTOS-G4.2.0.0
2025-03-20 12:05:49,912 [WARN] PackLoader:240 - Cannot read IP mode file for STMicroelectronics.X-CUBE-IPS.3.1.0
2025-03-20 12:05:49,920 [WARN] PackLoader:240 - Cannot read IP mode file for STMicroelectronics.X-CUBE-TOUCHGFX.4.24.2
2025-03-20 12:05:49,923 [WARN] PackLoader:240 - Cannot read IP mode file for STMicroelectronics.X-CUBE-TOUCHGFX.4.24.1
2025-03-20 12:05:49,936 [WARN] PackLoader:240 - Cannot read IP mode file for portGmbH.I-Cube-SoM-uGOAL.1.1.0
2025-03-20 12:05:49,937 [INFO] ThirdParty:978 - Integrity check success = true
2025-03-20 12:05:49,937 [INFO] IntegrityCheckThread:100 - exiting critical section [integrity check]
2025-03-20 12:05:49,937 [INFO] IntegrityCheckThread:103 - End integrity checks thread
2025-03-20 12:05:49,942 [INFO] WebApp:169 - Instantiating new browser for Auth
2025-03-20 12:05:50,661 [INFO] WebApp:463 - Apply proxy settings
2025-03-20 12:05:50,661 [INFO] WebApp:548 - Chromium requires no authentication
2025-03-20 12:05:50,673 [INFO] WebApp:491 - Direct internet connection detected
2025-03-20 12:05:50,698 [INFO] WebApp:894 - Register for checkConnection events
2025-03-20 12:05:50,698 [INFO] WebApp:463 - Apply proxy settings
2025-03-20 12:05:50,698 [INFO] WebApp:548 - Chromium requires no authentication
2025-03-20 12:05:50,698 [INFO] WebApp:491 - Direct internet connection detected
2025-03-20 12:05:50,839 [INFO] WebApp:225 - Starting web application
2025-03-20 12:05:50,840 [INFO] WebApp:593 - Web application path used C:\ST\STM32CubeIDE_1.14.1\STM32CubeIDE\plugins\com.st.stm32cube.common.mx_6.14.0.202502271554\db\plugins\mcufinder\reactClient1\index.html
2025-03-20 12:05:50,936 [INFO] WebApp:191 - Connection restablished
2025-03-20 12:47:51,824 [ERROR] LogOutputStream:75 - [STDERR_REDIRECT] 
