2025-03-05 11:56:49,108 [INFO] Activator:176 - 


2025-03-05 11:56:49,123 [INFO] Activator:177 - !SESSION log4j initialized
2025-03-05 11:56:53,832 [INFO] LogOutputStream:77 - [STDOUT_REDIRECT] 
2025-03-05 11:57:01,683 [INFO] ApplicationProperties:184 - Using Application install path: C:\ST\STM32CubeIDE_1.14.1\STM32CubeIDE\plugins\com.st.stm32cube.common.mx_6.10.0.202311202037
2025-03-05 11:57:01,696 [INFO] DbMcusXml:78 - Set database path to: C:\ST\STM32CubeIDE_1.14.1\STM32CubeIDE\plugins\com.st.stm32cube.common.mx_6.10.0.202311202037\\db\/mcu/
2025-03-05 11:57:01,696 [INFO] ApiDb:274 - Set plugin database path to: C:\ST\STM32CubeIDE_1.14.1\STM32CubeIDE\plugins\com.st.stm32cube.common.mx_6.10.0.202311202037\\db\/plugins/boardmanager/
2025-03-05 11:57:01,696 [WARN] ApiDb:259 - Overriding images path with different value:  => C:\ST\STM32CubeIDE_1.14.1\STM32CubeIDE\plugins\com.st.stm32cube.common.mx_6.10.0.202311202037\\db\/plugins/mcufinder/images/
2025-03-05 11:57:01,703 [INFO] ApiDb:250 - Set database path to: C:\Users\user\.stmcufinder\plugins\mcufinder//mcu/
2025-03-05 11:57:01,704 [INFO] DbMcusAds:125 - Set database path to: C:\Users\user\.stmcufinder\plugins\mcufinder//mcu/
2025-03-05 11:57:01,705 [INFO] CrossReferenceDbSqlite:203 - Set database path to: C:\Users\user\.stmcufinder\plugins\mcufinder//mcu/cs/
2025-03-05 11:57:01,782 [INFO] RulesReader:64 - Compatibility file has been processed (297 Rules)
2025-03-05 11:57:01,996 [INFO] DbMcusXml:78 - Set database path to: C:\ST\STM32CubeIDE_1.14.1\STM32CubeIDE\plugins\com.st.stm32cube.common.mx_6.10.0.202311202037\\db\/mcu/
2025-03-05 11:57:01,996 [INFO] ApiDb:274 - Set plugin database path to: C:\ST\STM32CubeIDE_1.14.1\STM32CubeIDE\plugins\com.st.stm32cube.common.mx_6.10.0.202311202037\\db\/plugins/boardmanager/
2025-03-05 11:57:01,996 [INFO] ApiDb:261 - Set plugin images path to: C:\ST\STM32CubeIDE_1.14.1\STM32CubeIDE\plugins\com.st.stm32cube.common.mx_6.10.0.202311202037\\db\/plugins/mcufinder/images/
2025-03-05 11:57:01,996 [WARN] DbFile:41 - Overriding database path with different value: C:\Users\user\.stmcufinder\plugins\mcufinder/ => C:\Users\user\.stmcufinder\plugins\mcufinder
2025-03-05 11:57:01,997 [INFO] ApiDb:250 - Set database path to: C:\Users\user\.stmcufinder\plugins\mcufinder//mcu/
2025-03-05 11:57:01,997 [WARN] DbFile:41 - Overriding database path with different value: C:\Users\user\.stmcufinder\plugins\mcufinder/ => C:\Users\user\.stmcufinder\plugins\mcufinder
2025-03-05 11:57:01,997 [INFO] DbMcusAds:125 - Set database path to: C:\Users\user\.stmcufinder\plugins\mcufinder//mcu/
2025-03-05 11:57:01,997 [WARN] DbFile:41 - Overriding database path with different value: C:\Users\user\.stmcufinder\plugins\mcufinder/ => C:\Users\user\.stmcufinder\plugins\mcufinder
2025-03-05 11:57:01,997 [WARN] DbFile:41 - Overriding database path with different value: C:\Users\user\.stmcufinder\plugins\mcufinder/ => C:\Users\user\.stmcufinder\plugins\mcufinder
2025-03-05 11:57:01,997 [INFO] CrossReferenceDbSqlite:203 - Set database path to: C:\Users\user\.stmcufinder\plugins\mcufinder//mcu/cs/
2025-03-05 11:57:02,038 [INFO] MainPanel:264 - HeapMemory: 268435456
2025-03-05 11:57:02,092 [INFO] DbMcusXml:78 - Set database path to: C:\ST\STM32CubeIDE_1.14.1\STM32CubeIDE\plugins\com.st.stm32cube.common.mx_6.10.0.202311202037\\db\/mcu/
2025-03-05 11:57:02,092 [INFO] ApiDb:274 - Set plugin database path to: C:\ST\STM32CubeIDE_1.14.1\STM32CubeIDE\plugins\com.st.stm32cube.common.mx_6.10.0.202311202037\\db\/plugins/boardmanager/
2025-03-05 11:57:02,092 [INFO] ApiDb:261 - Set plugin images path to: C:\ST\STM32CubeIDE_1.14.1\STM32CubeIDE\plugins\com.st.stm32cube.common.mx_6.10.0.202311202037\\db\/plugins/mcufinder/images/
2025-03-05 11:57:02,093 [WARN] DbFile:41 - Overriding database path with different value: C:\Users\user\.stmcufinder\plugins\mcufinder/ => C:\Users\user\.stmcufinder\plugins\mcufinder
2025-03-05 11:57:02,093 [INFO] ApiDb:250 - Set database path to: C:\Users\user\.stmcufinder\plugins\mcufinder//mcu/
2025-03-05 11:57:02,093 [WARN] DbFile:41 - Overriding database path with different value: C:\Users\user\.stmcufinder\plugins\mcufinder/ => C:\Users\user\.stmcufinder\plugins\mcufinder
2025-03-05 11:57:02,093 [INFO] DbMcusAds:125 - Set database path to: C:\Users\user\.stmcufinder\plugins\mcufinder//mcu/
2025-03-05 11:57:02,093 [WARN] DbFile:41 - Overriding database path with different value: C:\Users\user\.stmcufinder\plugins\mcufinder/ => C:\Users\user\.stmcufinder\plugins\mcufinder
2025-03-05 11:57:02,093 [WARN] DbFile:41 - Overriding database path with different value: C:\Users\user\.stmcufinder\plugins\mcufinder/ => C:\Users\user\.stmcufinder\plugins\mcufinder
2025-03-05 11:57:02,093 [INFO] CrossReferenceDbSqlite:203 - Set database path to: C:\Users\user\.stmcufinder\plugins\mcufinder//mcu/cs/
2025-03-05 11:57:02,102 [INFO] ApplicationProperties:184 - Using Application install path: C:\ST\STM32CubeIDE_1.14.1\STM32CubeIDE\plugins\com.st.stm32cube.common.mx_6.10.0.202311202037
2025-03-05 11:57:02,103 [INFO] PluginManage:196 - Search for loadable plugins [exclusion list=, ]
2025-03-05 11:57:02,104 [INFO] PluginManage:310 - Check plugin analytics
2025-03-05 11:57:02,206 [INFO] AnalyticsPlugin:253 - Accepted Software Licenses: 
2025-03-05 11:57:02,206 [INFO] AnalyticsPlugin:255 - Accepted CMSIS Pack Licenses: 
2025-03-05 11:57:02,206 [INFO] AnalyticsPlugin:257 - Accepted Firmware Licenses: FW.F4.1.28.0
2025-03-05 11:57:02,208 [INFO] PluginManage:359 - Loaded plugin analytics (category:tool,tabindex:-1)
2025-03-05 11:57:02,208 [INFO] PluginManage:310 - Check plugin cadmodel
2025-03-05 11:57:02,213 [INFO] CADModel:105 - Init CAD model plugin
2025-03-05 11:57:02,213 [INFO] PluginManage:359 - Loaded plugin cadmodel (category:power,tabindex:5)
2025-03-05 11:57:02,213 [INFO] PluginManage:310 - Check plugin clock
2025-03-05 11:57:02,221 [INFO] PluginManage:359 - Loaded plugin clock (category:base,tabindex:2)
2025-03-05 11:57:02,221 [INFO] PluginManage:310 - Check plugin ddr
2025-03-05 11:57:02,222 [INFO] PluginManage:359 - Loaded plugin ddr (category:tool,tabindex:6)
2025-03-05 11:57:02,222 [INFO] PluginManage:310 - Check plugin filemanager
2025-03-05 11:57:02,312 [INFO] PluginManage:359 - Loaded plugin filemanager (category:base,tabindex:10)
2025-03-05 11:57:02,313 [INFO] PluginManage:310 - Check plugin ipmanager
2025-03-05 11:57:02,318 [INFO] PluginManage:359 - Loaded plugin ipmanager (category:base,tabindex:5)
2025-03-05 11:57:02,318 [INFO] PluginManage:310 - Check plugin lpbam
2025-03-05 11:57:02,323 [INFO] PluginManage:359 - Loaded plugin lpbam (category:base,tabindex:0)
2025-03-05 11:57:02,323 [INFO] PluginManage:310 - Check plugin memorymap
2025-03-05 11:57:02,335 [INFO] PluginManage:359 - Loaded plugin memorymap (category:base,tabindex:4)
2025-03-05 11:57:02,335 [INFO] PluginManage:310 - Check plugin pinoutandconfiguration
2025-03-05 11:57:02,340 [INFO] PluginManage:359 - Loaded plugin pinoutandconfiguration (category:base,tabindex:1)
2025-03-05 11:57:02,340 [INFO] PluginManage:310 - Check plugin pinoutconfig
2025-03-05 11:57:02,395 [WARN] SupportedApi:132 - Cannot load RTOS API schema: s4s-elt-must-match.1: The content of 'definitions' must match (annotation?, (simpleType | complexType)?, (unique | key | keyref)*)). A problem was found starting at: attribute.
2025-03-05 11:57:02,471 [INFO] PluginManage:359 - Loaded plugin pinoutconfig (category:base,tabindex:0)
2025-03-05 11:57:02,471 [INFO] PluginManage:310 - Check plugin power
2025-03-05 11:57:02,477 [INFO] PluginManage:359 - Loaded plugin power (category:power,tabindex:4)
2025-03-05 11:57:02,477 [INFO] PluginManage:310 - Check plugin projectmanager
2025-03-05 11:57:02,488 [INFO] PluginManage:359 - Loaded plugin projectmanager (category:projectmanager,tabindex:3)
2025-03-05 11:57:02,488 [INFO] PluginManage:310 - Check plugin thirdparty
2025-03-05 11:57:02,575 [WARN] IntegrityCheckThread:84 - waiting for thirdparty lock release [integrity check]
2025-03-05 11:57:02,575 [INFO] PluginManage:359 - Loaded plugin thirdparty (category:base,tabindex:-1)
2025-03-05 11:57:02,575 [INFO] IntegrityCheckThread:86 - entering critical section [integrity check]
2025-03-05 11:57:02,575 [INFO] PluginManage:310 - Check plugin tools
2025-03-05 11:57:02,575 [INFO] ThirdPartyUpdaterWithRetryManager:70 - Updater plugin not ready yet. [1/15]
2025-03-05 11:57:02,577 [INFO] PluginManage:359 - Loaded plugin tools (category:base,tabindex:7)
2025-03-05 11:57:02,577 [INFO] PluginManage:310 - Check plugin tutovideos
2025-03-05 11:57:02,687 [INFO] PluginManage:359 - Loaded plugin tutovideos (category:base,tabindex:-1)
2025-03-05 11:57:02,687 [INFO] PluginManage:310 - Check plugin updater
2025-03-05 11:57:02,696 [INFO] PluginManage:359 - Loaded plugin updater (category:base,tabindex:12)
2025-03-05 11:57:02,696 [INFO] PluginManage:310 - Check plugin userauth
2025-03-05 11:57:02,700 [INFO] UserAuth:114 - Init User Auth plugin
2025-03-05 11:57:02,700 [INFO] PluginManage:359 - Loaded plugin userauth (category:base,tabindex:14)
2025-03-05 11:57:02,701 [INFO] PluginManage:283 - PluginManage : Loaded plugins [17]
2025-03-05 11:57:02,822 [INFO] PinOutPanel:1499 - setPackage(No Configuration,No Configuration)
2025-03-05 11:57:02,866 [INFO] CADModel:165 - CPN selected for project level
2025-03-05 11:57:02,866 [INFO] CADModel:114 - Register for checkConnection events
2025-03-05 11:57:02,877 [INFO] IPUIPlugin:80 - create IPUIPlugin
2025-03-05 11:57:02,877 [INFO] PluginManager:220 - loadIPPluginJar : add adc
2025-03-05 11:57:02,879 [INFO] IPUIPlugin:80 - create IPUIPlugin
2025-03-05 11:57:02,879 [INFO] PluginManager:220 - loadIPPluginJar : add aes
2025-03-05 11:57:02,881 [INFO] IPUIPlugin:80 - create IPUIPlugin
2025-03-05 11:57:02,881 [INFO] PluginManager:220 - loadIPPluginJar : add can
2025-03-05 11:57:02,882 [INFO] IPUIPlugin:80 - create IPUIPlugin
2025-03-05 11:57:02,882 [INFO] PluginManager:220 - loadIPPluginJar : add comp
2025-03-05 11:57:02,884 [INFO] IPUIPlugin:80 - create IPUIPlugin
2025-03-05 11:57:02,884 [INFO] PluginManager:220 - loadIPPluginJar : add cryp
2025-03-05 11:57:02,886 [INFO] IPUIPlugin:80 - create IPUIPlugin
2025-03-05 11:57:02,886 [INFO] PluginManager:220 - loadIPPluginJar : add dfsdm
2025-03-05 11:57:02,889 [INFO] IPUIPlugin:80 - create IPUIPlugin
2025-03-05 11:57:02,890 [INFO] PluginManager:220 - loadIPPluginJar : add dma
2025-03-05 11:57:02,891 [INFO] IPUIPlugin:80 - create IPUIPlugin
2025-03-05 11:57:02,891 [INFO] PluginManager:220 - loadIPPluginJar : add dma3
2025-03-05 11:57:02,892 [INFO] IPUIPlugin:80 - create IPUIPlugin
2025-03-05 11:57:02,893 [INFO] PluginManager:220 - loadIPPluginJar : add fatfs
2025-03-05 11:57:02,895 [INFO] IPUIPlugin:80 - create IPUIPlugin
2025-03-05 11:57:02,895 [INFO] PluginManager:220 - loadIPPluginJar : add fmc
2025-03-05 11:57:02,900 [INFO] IPUIPlugin:80 - create IPUIPlugin
2025-03-05 11:57:02,900 [INFO] PluginManager:220 - loadIPPluginJar : add freertos
2025-03-05 11:57:02,901 [INFO] IPUIPlugin:80 - create IPUIPlugin
2025-03-05 11:57:02,901 [INFO] PluginManager:220 - loadIPPluginJar : add genericplugin
2025-03-05 11:57:02,903 [INFO] IPUIPlugin:80 - create IPUIPlugin
2025-03-05 11:57:02,903 [INFO] PluginManager:220 - loadIPPluginJar : add gfxmmu
2025-03-05 11:57:02,906 [INFO] IPUIPlugin:80 - create IPUIPlugin
2025-03-05 11:57:02,906 [INFO] PluginManager:220 - loadIPPluginJar : add gic
2025-03-05 11:57:02,908 [INFO] IPUIPlugin:80 - create IPUIPlugin
2025-03-05 11:57:02,908 [INFO] PluginManager:220 - loadIPPluginJar : add gpio
2025-03-05 11:57:02,910 [INFO] IPUIPlugin:80 - create IPUIPlugin
2025-03-05 11:57:02,910 [INFO] PluginManager:220 - loadIPPluginJar : add gtzc
2025-03-05 11:57:02,912 [INFO] IPUIPlugin:80 - create IPUIPlugin
2025-03-05 11:57:02,912 [INFO] PluginManager:220 - loadIPPluginJar : add hash
2025-03-05 11:57:02,914 [INFO] IPUIPlugin:80 - create IPUIPlugin
2025-03-05 11:57:02,914 [INFO] PluginManager:220 - loadIPPluginJar : add i2c
2025-03-05 11:57:02,915 [INFO] IPUIPlugin:80 - create IPUIPlugin
2025-03-05 11:57:02,915 [INFO] PluginManager:220 - loadIPPluginJar : add i2s
2025-03-05 11:57:02,917 [INFO] IPUIPlugin:80 - create IPUIPlugin
2025-03-05 11:57:02,917 [INFO] PluginManager:220 - loadIPPluginJar : add i3c
2025-03-05 11:57:02,919 [INFO] IPUIPlugin:80 - create IPUIPlugin
2025-03-05 11:57:02,919 [INFO] PluginManager:220 - loadIPPluginJar : add ipddr
2025-03-05 11:57:02,924 [INFO] IPUIPlugin:80 - create IPUIPlugin
2025-03-05 11:57:02,924 [INFO] PluginManager:220 - loadIPPluginJar : add linkedlist
2025-03-05 11:57:02,926 [INFO] IPUIPlugin:80 - create IPUIPlugin
2025-03-05 11:57:02,926 [INFO] PluginManager:220 - loadIPPluginJar : add lorawan
2025-03-05 11:57:02,927 [INFO] IPUIPlugin:80 - create IPUIPlugin
2025-03-05 11:57:02,927 [INFO] PluginManager:220 - loadIPPluginJar : add ltdc
2025-03-05 11:57:02,930 [INFO] IPUIPlugin:80 - create IPUIPlugin
2025-03-05 11:57:02,930 [INFO] PluginManager:220 - loadIPPluginJar : add mdma
2025-03-05 11:57:02,932 [INFO] IPUIPlugin:80 - create IPUIPlugin
2025-03-05 11:57:02,932 [INFO] PluginManager:220 - loadIPPluginJar : add nvic
2025-03-05 11:57:02,934 [INFO] IPUIPlugin:80 - create IPUIPlugin
2025-03-05 11:57:02,934 [INFO] PluginManager:220 - loadIPPluginJar : add opamp
2025-03-05 11:57:02,936 [INFO] IPUIPlugin:80 - create IPUIPlugin
2025-03-05 11:57:02,936 [INFO] PluginManager:220 - loadIPPluginJar : add openamp
2025-03-05 11:57:02,938 [INFO] IPUIPlugin:80 - create IPUIPlugin
2025-03-05 11:57:02,938 [INFO] PluginManager:220 - loadIPPluginJar : add pdm2pcm
2025-03-05 11:57:02,942 [INFO] IPUIPlugin:80 - create IPUIPlugin
2025-03-05 11:57:02,943 [INFO] PluginManager:220 - loadIPPluginJar : add plateformsettings
2025-03-05 11:57:02,944 [INFO] IPUIPlugin:80 - create IPUIPlugin
2025-03-05 11:57:02,944 [INFO] PluginManager:220 - loadIPPluginJar : add quadspi
2025-03-05 11:57:02,946 [INFO] IPUIPlugin:80 - create IPUIPlugin
2025-03-05 11:57:02,946 [INFO] PluginManager:220 - loadIPPluginJar : add resmgrutility
2025-03-05 11:57:02,948 [INFO] IPUIPlugin:80 - create IPUIPlugin
2025-03-05 11:57:02,948 [INFO] PluginManager:220 - loadIPPluginJar : add sai
2025-03-05 11:57:02,950 [INFO] IPUIPlugin:80 - create IPUIPlugin
2025-03-05 11:57:02,950 [INFO] PluginManager:220 - loadIPPluginJar : add spi
2025-03-05 11:57:02,953 [INFO] IPUIPlugin:80 - create IPUIPlugin
2025-03-05 11:57:02,953 [INFO] PluginManager:220 - loadIPPluginJar : add stm32_wpan
2025-03-05 11:57:02,954 [INFO] IPUIPlugin:80 - create IPUIPlugin
2025-03-05 11:57:02,954 [INFO] PluginManager:220 - loadIPPluginJar : add tim
2025-03-05 11:57:02,956 [INFO] IPUIPlugin:80 - create IPUIPlugin
2025-03-05 11:57:02,956 [INFO] PluginManager:220 - loadIPPluginJar : add touchsensing
2025-03-05 11:57:02,957 [INFO] IPUIPlugin:80 - create IPUIPlugin
2025-03-05 11:57:02,957 [INFO] PluginManager:220 - loadIPPluginJar : add tracer_emb
2025-03-05 11:57:02,959 [INFO] IPUIPlugin:80 - create IPUIPlugin
2025-03-05 11:57:02,959 [INFO] PluginManager:220 - loadIPPluginJar : add ts
2025-03-05 11:57:02,960 [INFO] IPUIPlugin:80 - create IPUIPlugin
2025-03-05 11:57:02,960 [INFO] PluginManager:220 - loadIPPluginJar : add tsc
2025-03-05 11:57:02,961 [INFO] IPUIPlugin:80 - create IPUIPlugin
2025-03-05 11:57:02,961 [INFO] PluginManager:220 - loadIPPluginJar : add ucpd
2025-03-05 11:57:02,963 [INFO] IPUIPlugin:80 - create IPUIPlugin
2025-03-05 11:57:02,963 [INFO] PluginManager:220 - loadIPPluginJar : add usart
2025-03-05 11:57:02,965 [INFO] IPUIPlugin:80 - create IPUIPlugin
2025-03-05 11:57:02,965 [INFO] PluginManager:220 - loadIPPluginJar : add usbx
2025-03-05 11:57:03,067 [INFO] CADModel:165 - CPN selected for project level
2025-03-05 11:57:03,067 [INFO] CADModel:114 - Register for checkConnection events
2025-03-05 11:57:03,067 [FATAL] Updater:308 - Updater called before beeing initialized
2025-03-05 11:57:03,067 [ERROR] CADModel:125 - Updater not yet initialized, retry later 
2025-03-05 11:57:03,139 [INFO] CADModel:165 - CPN selected for project level
2025-03-05 11:57:03,139 [INFO] CADModel:114 - Register for checkConnection events
2025-03-05 11:57:03,139 [FATAL] Updater:308 - Updater called before beeing initialized
2025-03-05 11:57:03,139 [ERROR] CADModel:125 - Updater not yet initialized, retry later 
2025-03-05 11:57:03,141 [FATAL] Updater:308 - Updater called before beeing initialized
2025-03-05 11:57:03,207 [FATAL] Updater:308 - Updater called before beeing initialized
2025-03-05 11:57:03,211 [INFO] DbMcusAds:53 - JSON generation date=Wed Dec 18 01:01:15 KST 2024 (1734451275143)
2025-03-05 11:57:03,211 [FATAL] Updater:308 - Updater called before beeing initialized
2025-03-05 11:57:03,254 [WARN] DetailPanel:346 - Failed to get advertising image, set to default
2025-03-05 11:57:03,321 [FATAL] Updater:308 - Updater called before beeing initialized
2025-03-05 11:57:03,322 [FATAL] Updater:308 - Updater called before beeing initialized
2025-03-05 11:57:03,322 [FATAL] Updater:308 - Updater called before beeing initialized
2025-03-05 11:57:03,322 [WARN] DetailPanel:346 - Failed to get advertising image, set to default
2025-03-05 11:57:03,323 [FATAL] Updater:308 - Updater called before beeing initialized
2025-03-05 11:57:03,361 [ERROR] Updater:1120 - MainUpdater not yet initialized. External WinMGr cannot be set.
2025-03-05 11:57:03,363 [INFO] Updater:1056 - Updater Version found : 6.10.0
2025-03-05 11:57:03,373 [INFO] ApplicationProperties:184 - Using Application install path: C:\ST\STM32CubeIDE_1.14.1\STM32CubeIDE\plugins\com.st.stm32cube.common.mx_6.10.0.202311202037
2025-03-05 11:57:03,795 [INFO] MainUpdater:2873 - connection check result : 10
2025-03-05 11:57:03,795 [INFO] MainUpdater:290 - Updater Check For Update Now.
2025-03-05 11:57:03,795 [INFO] MicroXplorer:498 - Change Database Version : DB.6.0.100
2025-03-05 11:57:03,805 [INFO] McuFinderGlobals:63 - Set McuFinder mode to 2 (CubeIDE integrated)
2025-03-05 11:57:03,805 [INFO] UserAuth:180 - activating auth plugin
2025-03-05 11:57:03,808 [INFO] UserAuth:404 - Internet connection configuration mode: 1
2025-03-05 11:57:03,832 [INFO] JxBrowserEngine:152 - Initiate JxBrowser Engine with user profile folder
2025-03-05 11:57:03,943 [INFO] CheckServerUpdateThread:120 - End of CheckServer Thread
2025-03-05 11:57:05,410 [INFO] WebApp:161 - Instantiating new browser for Auth
2025-03-05 11:57:05,712 [WARN] PackLoader:240 - Cannot read IP mode file for STMicroelectronics.FP-ATR-ASTRA1.2.0.2
2025-03-05 11:57:05,715 [WARN] PackLoader:240 - Cannot read IP mode file for STMicroelectronics.FP-ATR-ASTRA1.2.0.1
2025-03-05 11:57:05,721 [WARN] PackLoader:240 - Cannot read IP mode file for STMicroelectronics.X-CUBE-SMBUS.2.1.0
2025-03-05 11:57:05,736 [WARN] PackLoader:240 - Cannot read IP mode file for STMicroelectronics.X-CUBE-AZRTOS-F7.1.1.0
2025-03-05 11:57:05,776 [WARN] PackLoader:240 - Cannot read IP mode file for STMicroelectronics.X-CUBE-MEMS1.11.0.0
2025-03-05 11:57:05,842 [WARN] PackLoader:240 - Cannot read IP mode file for STMicroelectronics.FP-SNS-FLIGHT1.5.0.2
2025-03-05 11:57:05,861 [WARN] PackLoader:240 - Cannot read IP mode file for Infineon.AIROC-Wi-Fi-Bluetooth-STM32.1.7.0
2025-03-05 11:57:05,869 [WARN] PackLoader:240 - Cannot read IP mode file for STMicroelectronics.X-CUBE-DISPLAY.3.0.0
2025-03-05 11:57:05,878 [WARN] PackLoader:240 - Cannot read IP mode file for STMicroelectronics.X-CUBE-BLE1.7.0.0
2025-03-05 11:57:05,902 [WARN] PackLoader:240 - Cannot read IP mode file for STMicroelectronics.X-CUBE-BLEMGR.4.0.0
2025-03-05 11:57:05,911 [WARN] PackLoader:240 - Cannot read IP mode file for STMicroelectronics.X-CUBE-BLEMGR.3.1.0
2025-03-05 11:57:05,914 [WARN] PackLoader:240 - Cannot read IP mode file for STMicroelectronics.X-CUBE-AI.10.0.0
2025-03-05 11:57:05,918 [WARN] PackLoader:240 - Cannot read IP mode file for STMicroelectronics.FP-SNS-SMARTAG2.1.2.0
2025-03-05 11:57:05,939 [WARN] PackLoader:240 - Cannot read IP mode file for STMicroelectronics.X-CUBE-MEMS1.11.1.0
2025-03-05 11:57:06,014 [INFO] LogOutputStream:77 - [STDOUT_REDIRECT] 1 : Invalid condition id : UX_CORESTACK_Condition cause : null
2025-03-05 11:57:06,014 [INFO] LogOutputStream:77 - [STDOUT_REDIRECT] 1 : Invalid condition id : UX_CORESTACK_Condition cause : null
2025-03-05 11:57:06,015 [INFO] LogOutputStream:77 - [STDOUT_REDIRECT] 1 : Invalid condition id : UX_CORESTACK_Condition cause : null
2025-03-05 11:57:06,016 [INFO] LogOutputStream:77 - [STDOUT_REDIRECT] 1 : Invalid condition id : UX_CORESTACK_Condition cause : null
2025-03-05 11:57:06,016 [INFO] LogOutputStream:77 - [STDOUT_REDIRECT] 1 : Invalid condition id : UX_CORESTACK_Condition cause : null
2025-03-05 11:57:06,019 [WARN] PackLoader:240 - Cannot read IP mode file for STMicroelectronics.X-CUBE-AZRTOS-WL.2.0.0
2025-03-05 11:57:06,021 [INFO] WebApp:780 - Register for checkConnection events
2025-03-05 11:57:06,021 [INFO] WebApp:414 - Apply proxy settings
2025-03-05 11:57:06,022 [INFO] WebApp:499 - Chromium requires no authentication
2025-03-05 11:57:06,025 [WARN] PackLoader:240 - Cannot read IP mode file for WES.I-CUBE-Cesium.1.3.0
2025-03-05 11:57:06,029 [WARN] PackLoader:240 - Cannot read IP mode file for STMicroelectronics.X-CUBE-BLE2.3.3.0
2025-03-05 11:57:06,032 [WARN] PackLoader:240 - Cannot read IP mode file for STMicroelectronics.X-CUBE-BLE1.7.1.0
2025-03-05 11:57:06,032 [INFO] WebApp:442 - Direct internet connection detected
2025-03-05 11:57:06,036 [WARN] PackLoader:240 - Cannot read IP mode file for STMicroelectronics.X-CUBE-TCPP.4.1.0
2025-03-05 11:57:06,044 [WARN] PackLoader:240 - Cannot read IP mode file for STMicroelectronics.X-CUBE-AZRTOS-G0.1.1.0
2025-03-05 11:57:06,049 [WARN] PackLoader:240 - Cannot read IP mode file for STMicroelectronics.X-CUBE-NFC4.3.0.0
2025-03-05 11:57:06,055 [WARN] PackLoader:240 - Cannot read IP mode file for EmbeddedOffice.I-CUBE-FS-RTOS.1.0.1
2025-03-05 11:57:06,055 [ERROR] ConditionMgr:805 - Attr not supported : Dmpu
2025-03-05 11:57:06,055 [ERROR] ConditionMgr:805 - Attr not supported : Dmpu
2025-03-05 11:57:06,055 [ERROR] ConditionMgr:805 - Attr not supported : Dmpu
2025-03-05 11:57:06,055 [ERROR] ConditionMgr:805 - Attr not supported : Dmpu
2025-03-05 11:57:06,055 [ERROR] ConditionMgr:805 - Attr not supported : Dmpu
2025-03-05 11:57:06,055 [ERROR] ConditionMgr:805 - Attr not supported : Dmpu
2025-03-05 11:57:06,055 [ERROR] ConditionMgr:805 - Attr not supported : Dmpu
2025-03-05 11:57:06,055 [ERROR] ConditionMgr:805 - Attr not supported : Dmpu
2025-03-05 11:57:06,055 [ERROR] ConditionMgr:805 - Attr not supported : Dmpu
2025-03-05 11:57:06,055 [ERROR] ConditionMgr:805 - Attr not supported : Dmpu
2025-03-05 11:57:06,055 [ERROR] ConditionMgr:805 - Attr not supported : Dmpu
2025-03-05 11:57:06,055 [ERROR] ConditionMgr:805 - Attr not supported : Dmpu
2025-03-05 11:57:06,055 [ERROR] ConditionMgr:805 - Attr not supported : Dmpu
2025-03-05 11:57:06,055 [ERROR] ConditionMgr:805 - Attr not supported : Dmpu
2025-03-05 11:57:06,055 [ERROR] ConditionMgr:805 - Attr not supported : Dmpu
2025-03-05 11:57:06,055 [ERROR] ConditionMgr:805 - Attr not supported : Dmpu
2025-03-05 11:57:06,055 [ERROR] ConditionMgr:805 - Attr not supported : Dmpu
2025-03-05 11:57:06,056 [ERROR] ConditionMgr:805 - Attr not supported : Dmpu
2025-03-05 11:57:06,056 [ERROR] ConditionMgr:805 - Attr not supported : Dmpu
2025-03-05 11:57:06,056 [ERROR] ConditionMgr:805 - Attr not supported : Dmpu
2025-03-05 11:57:06,056 [ERROR] ConditionMgr:805 - Attr not supported : Dmpu
2025-03-05 11:57:06,056 [ERROR] ConditionMgr:805 - Attr not supported : Dmpu
2025-03-05 11:57:06,056 [ERROR] ConditionMgr:805 - Attr not supported : Dmpu
2025-03-05 11:57:06,056 [ERROR] ConditionMgr:805 - Attr not supported : Dmpu
2025-03-05 11:57:06,056 [ERROR] ConditionMgr:805 - Attr not supported : Dmpu
2025-03-05 11:57:06,056 [ERROR] ConditionMgr:805 - Attr not supported : Dmpu
2025-03-05 11:57:06,056 [ERROR] ConditionMgr:805 - Attr not supported : Dmpu
2025-03-05 11:57:06,056 [ERROR] ConditionMgr:805 - Attr not supported : Dmpu
2025-03-05 11:57:06,056 [ERROR] ConditionMgr:805 - Attr not supported : Dmpu
2025-03-05 11:57:06,056 [ERROR] ConditionMgr:805 - Attr not supported : Dmpu
2025-03-05 11:57:06,056 [ERROR] ConditionMgr:805 - Attr not supported : Dmpu
2025-03-05 11:57:06,056 [ERROR] ConditionMgr:805 - Attr not supported : Dmpu
2025-03-05 11:57:06,056 [ERROR] ConditionMgr:805 - Attr not supported : Dmpu
2025-03-05 11:57:06,056 [ERROR] ConditionMgr:805 - Attr not supported : Dmpu
2025-03-05 11:57:06,056 [ERROR] ConditionMgr:805 - Attr not supported : Dmpu
2025-03-05 11:57:06,056 [ERROR] ConditionMgr:805 - Attr not supported : Dmpu
2025-03-05 11:57:06,056 [ERROR] ConditionMgr:805 - Attr not supported : Dmpu
2025-03-05 11:57:06,056 [ERROR] ConditionMgr:805 - Attr not supported : Dmpu
2025-03-05 11:57:06,056 [ERROR] ConditionMgr:805 - Attr not supported : Dmpu
2025-03-05 11:57:06,056 [ERROR] ConditionMgr:805 - Attr not supported : Dmpu
2025-03-05 11:57:06,056 [ERROR] ConditionMgr:805 - Attr not supported : Dmpu
2025-03-05 11:57:06,056 [ERROR] ConditionMgr:805 - Attr not supported : Dmpu
2025-03-05 11:57:06,056 [ERROR] ConditionMgr:805 - Attr not supported : Dmpu
2025-03-05 11:57:06,056 [ERROR] ConditionMgr:805 - Attr not supported : Dmpu
2025-03-05 11:57:06,056 [ERROR] ConditionMgr:805 - Attr not supported : Dmpu
2025-03-05 11:57:06,056 [ERROR] ConditionMgr:805 - Attr not supported : Dmpu
2025-03-05 11:57:06,056 [ERROR] ConditionMgr:805 - Attr not supported : Dmpu
2025-03-05 11:57:06,056 [ERROR] ConditionMgr:805 - Attr not supported : Dmpu
2025-03-05 11:57:06,056 [ERROR] ConditionMgr:805 - Attr not supported : Dmpu
2025-03-05 11:57:06,056 [ERROR] ConditionMgr:805 - Attr not supported : Dmpu
2025-03-05 11:57:06,056 [ERROR] ConditionMgr:805 - Attr not supported : Dmpu
2025-03-05 11:57:06,057 [ERROR] ConditionMgr:805 - Attr not supported : Dmpu
2025-03-05 11:57:06,057 [ERROR] ConditionMgr:805 - Attr not supported : Dmpu
2025-03-05 11:57:06,057 [ERROR] ConditionMgr:805 - Attr not supported : Dmpu
2025-03-05 11:57:06,057 [ERROR] ConditionMgr:805 - Attr not supported : Dmpu
2025-03-05 11:57:06,057 [ERROR] ConditionMgr:805 - Attr not supported : Dmpu
2025-03-05 11:57:06,057 [ERROR] ConditionMgr:805 - Attr not supported : Dmpu
2025-03-05 11:57:06,057 [ERROR] ConditionMgr:805 - Attr not supported : Dmpu
2025-03-05 11:57:06,057 [ERROR] ConditionMgr:805 - Attr not supported : Dmpu
2025-03-05 11:57:06,057 [ERROR] ConditionMgr:805 - Attr not supported : Dmpu
2025-03-05 11:57:06,057 [ERROR] ConditionMgr:805 - Attr not supported : Dmpu
2025-03-05 11:57:06,057 [ERROR] ConditionMgr:805 - Attr not supported : Dmpu
2025-03-05 11:57:06,057 [ERROR] ConditionMgr:805 - Attr not supported : Dmpu
2025-03-05 11:57:06,057 [ERROR] ConditionMgr:805 - Attr not supported : Dmpu
2025-03-05 11:57:06,060 [ERROR] Engine:466 - C:\Users\user\.stm32cubemx\thirdparties\pdsc\STMicroelectronics.X-CUBE-TCPP.4.2.0.pdsc: PDSC version is not supported
2025-03-05 11:57:06,063 [WARN] PackLoader:240 - Cannot read IP mode file for STMicroelectronics.FP-ATR-SIGFOX1.3.2.0
2025-03-05 11:57:06,066 [WARN] ConditionMgr:438 - getConditionDescription Invalid condition id : Cortex-A Device cause : null
2025-03-05 11:57:06,074 [WARN] ConditionMgr:1039 - genDependencies : Invalid condition id : Cortex-A Device cause : null
2025-03-05 11:57:06,074 [WARN] ConditionMgr:1039 - genDependencies : Invalid condition id : Cortex-A Device cause : null
2025-03-05 11:57:06,074 [WARN] ConditionMgr:1039 - genDependencies : Invalid condition id : Cortex-A Device cause : null
2025-03-05 11:57:06,106 [WARN] PackLoader:240 - Cannot read IP mode file for SEGGER.I-CUBE-embOS.1.3.1
2025-03-05 11:57:06,142 [WARN] PackLoader:240 - Cannot read IP mode file for STMicroelectronics.X-CUBE-AZRTOS-F4.1.1.0
2025-03-05 11:57:06,147 [WARN] PackLoader:240 - Cannot read IP mode file for STMicroelectronics.X-CUBE-FREERTOS.1.2.0
2025-03-05 11:57:06,155 [WARN] PackLoader:240 - Cannot read IP mode file for STMicroelectronics.X-CUBE-AZRTOS-L5.2.0.0
2025-03-05 11:57:06,159 [WARN] PackLoader:240 - Cannot read IP mode file for STMicroelectronics.X-CUBE-FREERTOS.1.3.0
2025-03-05 11:57:06,163 [WARN] PackLoader:240 - Cannot read IP mode file for STMicroelectronics.X-CUBE-NFC7.1.0.1
2025-03-05 11:57:06,174 [WARN] ConditionMgr:438 - getConditionDescription Invalid condition id : LAN8742 Phy interface Condition cause : null
2025-03-05 11:57:06,175 [WARN] PackLoader:240 - Cannot read IP mode file for STMicroelectronics.X-CUBE-AZRTOS-L4.2.0.0
2025-03-05 11:57:06,175 [WARN] ConditionMgr:1039 - genDependencies : Invalid condition id : LAN8742 Phy interface Condition cause : null
2025-03-05 11:57:06,175 [WARN] ConditionMgr:1039 - genDependencies : Invalid condition id : LAN8742 Phy interface Condition cause : null
2025-03-05 11:57:06,175 [WARN] ConditionMgr:1039 - genDependencies : Invalid condition id : LAN8742 Phy interface Condition cause : null
2025-03-05 11:57:06,181 [WARN] PackLoader:240 - Cannot read IP mode file for STMicroelectronics.X-CUBE-SFXS2LP1.4.0.0
2025-03-05 11:57:06,190 [WARN] PackLoader:240 - Cannot read IP mode file for STMicroelectronics.X-CUBE-IPS.3.0.0
2025-03-05 11:57:06,198 [WARN] ConditionMgr:438 - getConditionDescription Invalid condition id : UX DEVICE CLASS RTOS Condition cause : null
2025-03-05 11:57:06,198 [WARN] ConditionMgr:438 - getConditionDescription Invalid condition id : UX DEVICE CLASS RTOS Condition cause : null
2025-03-05 11:57:06,199 [WARN] PackLoader:240 - Cannot read IP mode file for STMicroelectronics.X-CUBE-AZRTOS-WB.2.0.0
2025-03-05 11:57:06,200 [WARN] ConditionMgr:1039 - genDependencies : Invalid condition id : UX DEVICE CLASS RTOS Condition cause : null
2025-03-05 11:57:06,200 [WARN] ConditionMgr:1039 - genDependencies : Invalid condition id : UX DEVICE CLASS RTOS Condition cause : null
2025-03-05 11:57:06,200 [WARN] ConditionMgr:1039 - genDependencies : Invalid condition id : UX DEVICE CLASS RTOS Condition cause : null
2025-03-05 11:57:06,200 [WARN] ConditionMgr:1039 - genDependencies : Invalid condition id : UX DEVICE CLASS RTOS Condition cause : null
2025-03-05 11:57:06,200 [WARN] ConditionMgr:1039 - genDependencies : Invalid condition id : UX DEVICE CLASS RTOS Condition cause : null
2025-03-05 11:57:06,204 [WARN] PackLoader:240 - Cannot read IP mode file for STMicroelectronics.X-CUBE-GNSS1.7.0.0
2025-03-05 11:57:06,207 [WARN] PackLoader:240 - Cannot read IP mode file for STMicroelectronics.X-CUBE-GNSS1.7.0.1
2025-03-05 11:57:06,214 [WARN] PackLoader:240 - Cannot read IP mode file for STMicroelectronics.X-CUBE-SUBG2.5.0.0
2025-03-05 11:57:06,219 [WARN] PackLoader:240 - Cannot read IP mode file for Cesanta.I-CUBE-Mongoose.7.13.0
2025-03-05 11:57:06,227 [WARN] PackLoader:240 - Cannot read IP mode file for STMicroelectronics.X-CUBE-AZRTOS-G4.2.0.0
2025-03-05 11:57:06,231 [ERROR] Engine:466 - C:\Users\user\.stm32cubemx\thirdparties\pdsc\STMicroelectronics.X-CUBE-IPS.3.1.0.pdsc: PDSC version is not supported
2025-03-05 11:57:06,236 [WARN] PackLoader:240 - Cannot read IP mode file for STMicroelectronics.X-CUBE-TOUCHGFX.4.24.2
2025-03-05 11:57:06,238 [WARN] PackLoader:240 - Cannot read IP mode file for STMicroelectronics.X-CUBE-TOUCHGFX.4.24.1
2025-03-05 11:57:06,241 [WARN] PackLoader:240 - Cannot read IP mode file for portGmbH.I-Cube-SoM-uGOAL.1.1.0
2025-03-05 11:57:06,242 [INFO] ThirdParty:978 - Integrity check success = true
2025-03-05 11:57:06,242 [INFO] IntegrityCheckThread:100 - exiting critical section [integrity check]
2025-03-05 11:57:06,242 [INFO] IntegrityCheckThread:103 - End integrity checks thread
2025-03-05 11:57:06,405 [INFO] WebApp:192 - Starting web application
2025-03-05 11:57:06,405 [INFO] WebApp:544 - Web application path used C:\ST\STM32CubeIDE_1.14.1\STM32CubeIDE\plugins\com.st.stm32cube.common.mx_6.10.0.202311202037\db\plugins\mcufinder\reactClient1\index.html
2025-03-05 11:57:26,786 [ERROR] LogOutputStream:75 - [STDERR_REDIRECT] SLF4J: Failed to load class "org.slf4j.impl.StaticLoggerBinder".
2025-03-05 11:57:26,787 [ERROR] LogOutputStream:75 - [STDERR_REDIRECT] SLF4J: Defaulting to no-operation (NOP) logger implementation
2025-03-05 11:57:26,787 [ERROR] LogOutputStream:75 - [STDERR_REDIRECT] SLF4J: See http://www.slf4j.org/codes.html#StaticLoggerBinder for further details.
2025-03-05 11:58:16,318 [INFO] McuFinderGlobals:63 - Set McuFinder mode to 2 (CubeIDE integrated)
2025-03-05 11:58:16,324 [INFO] MainUpdater:2873 - connection check result : 10
2025-03-05 11:58:16,324 [INFO] MainUpdater:2873 - connection check result : 10
2025-03-05 11:58:16,379 [INFO] MicroXplorer:468 - Change Database Path : 
2025-03-05 11:58:16,381 [INFO] MicroXplorer:498 - Change Database Version : DB.6.0.100
2025-03-05 11:58:16,383 [WARN] ThirdParty:871 - waiting for thirdparty lock release [close project]
2025-03-05 11:58:16,383 [INFO] ThirdParty:873 - entering critical section [close project]
2025-03-05 11:58:16,384 [INFO] ThirdParty:883 - exiting critical section [close project]
2025-03-05 11:58:16,385 [INFO] PinOutPanel:1499 - setPackage(No Configuration,No Configuration)
2025-03-05 11:58:16,386 [INFO] UtilMem:75 - Begin LoadConfig() Used Memory: 572098536 Bytes (746586112)
2025-03-05 11:58:16,386 [INFO] MicroXplorer:468 - Change Database Path : 
2025-03-05 11:58:16,386 [INFO] MicroXplorer:498 - Change Database Version : DB.6.0.100
2025-03-05 11:58:16,386 [INFO] OpenFileManager:312 - Change cursor
2025-03-05 11:58:16,400 [INFO] Mcu:2016 - Initializing MCU STM32F411R(C-E)Tx STM32F411RETx STM32F411RET6
2025-03-05 11:58:16,999 [INFO] Context:659 - Trying to add GPIOservice into a context  which must be forbidden
2025-03-05 11:58:17,247 [INFO] RtosManager:555 - Registered RTOS mode: class=CMSIS, group=RTOS, mode=CMSIS_V1, owner=FREERTOS
2025-03-05 11:58:17,247 [INFO] RtosManager:555 - Registered RTOS mode: class=CMSIS, group=RTOS2, mode=CMSIS_V2, owner=FREERTOS
2025-03-05 11:58:17,247 [INFO] RtosManager:555 - Registered RTOS mode: class=RTOS, group=Core, mode=CMSIS_V1, owner=FREERTOS
2025-03-05 11:58:17,247 [INFO] RtosManager:555 - Registered RTOS mode: class=RTOS, group=Core, mode=CMSIS_V2, owner=FREERTOS
2025-03-05 11:58:17,247 [WARN] ModelIntegratedComponent:184 - Missing modes for component STMicroelectronics:FreeRTOS:0.0.1:STMicroelectronics:RTOS:FreeRTOS:Core:::10.2.0:
2025-03-05 11:58:17,252 [WARN] ModelIntegratedComponent:182 - Modes not found for component STMicroelectronics:USB_HOST:1.0.0:STMicroelectronics:USB::USB Host:Audio HS::1.0:USB_HOST_1_0_RESTRICTED_HS
2025-03-05 11:58:17,252 [WARN] ModelIntegratedComponent:188 - Modes not found for component STMicroelectronics:USB_HOST:1.0.0:STMicroelectronics:USB::USB Host:Audio HS::1.0:USB_HOST_1_0_RESTRICTED_HS
2025-03-05 11:58:17,252 [WARN] ModelIntegratedComponent:182 - Modes not found for component STMicroelectronics:USB_HOST:1.0.0:STMicroelectronics:USB::USB Host:CDC HS::1.0:USB_HOST_1_0_RESTRICTED_HS
2025-03-05 11:58:17,252 [WARN] ModelIntegratedComponent:188 - Modes not found for component STMicroelectronics:USB_HOST:1.0.0:STMicroelectronics:USB::USB Host:CDC HS::1.0:USB_HOST_1_0_RESTRICTED_HS
2025-03-05 11:58:17,252 [WARN] ModelIntegratedComponent:182 - Modes not found for component STMicroelectronics:USB_HOST:1.0.0:STMicroelectronics:USB::USB Host:MSC HS::1.0:USB_HOST_1_0_RESTRICTED_HS
2025-03-05 11:58:17,252 [WARN] ModelIntegratedComponent:188 - Modes not found for component STMicroelectronics:USB_HOST:1.0.0:STMicroelectronics:USB::USB Host:MSC HS::1.0:USB_HOST_1_0_RESTRICTED_HS
2025-03-05 11:58:17,252 [WARN] ModelIntegratedComponent:182 - Modes not found for component STMicroelectronics:USB_HOST:1.0.0:STMicroelectronics:USB::USB Host:HID HS::1.0:USB_HOST_1_0_RESTRICTED_HS
2025-03-05 11:58:17,252 [WARN] ModelIntegratedComponent:188 - Modes not found for component STMicroelectronics:USB_HOST:1.0.0:STMicroelectronics:USB::USB Host:HID HS::1.0:USB_HOST_1_0_RESTRICTED_HS
2025-03-05 11:58:17,252 [WARN] ModelIntegratedComponent:182 - Modes not found for component STMicroelectronics:USB_HOST:1.0.0:STMicroelectronics:USB::USB Host:MTP HS::1.0:USB_HOST_1_0_RESTRICTED_HS
2025-03-05 11:58:17,252 [WARN] ModelIntegratedComponent:188 - Modes not found for component STMicroelectronics:USB_HOST:1.0.0:STMicroelectronics:USB::USB Host:MTP HS::1.0:USB_HOST_1_0_RESTRICTED_HS
2025-03-05 11:58:17,256 [WARN] ModelIntegratedComponent:63 - No mode defined for component null
2025-03-05 11:58:17,256 [WARN] ModelIntegratedComponent:63 - No mode defined for component null
2025-03-05 11:58:17,256 [WARN] ModelIntegratedComponent:63 - No mode defined for component null
2025-03-05 11:58:17,256 [WARN] ModelIntegratedComponent:63 - No mode defined for component null
2025-03-05 11:58:17,256 [WARN] ModelIntegratedComponent:63 - No mode defined for component null
2025-03-05 11:58:17,256 [WARN] ModelIntegratedComponent:63 - No mode defined for component null
2025-03-05 11:58:17,256 [WARN] ModelIntegratedComponent:63 - No mode defined for component null
2025-03-05 11:58:17,256 [WARN] ModelIntegratedComponent:63 - No mode defined for component null
2025-03-05 11:58:17,256 [WARN] ModelIntegratedComponent:63 - No mode defined for component null
2025-03-05 11:58:17,256 [WARN] ModelIntegratedComponent:63 - No mode defined for component null
2025-03-05 11:58:17,256 [WARN] ModelIntegratedComponent:63 - No mode defined for component null
2025-03-05 11:58:17,256 [WARN] ModelIntegratedComponent:63 - No mode defined for component null
2025-03-05 11:58:17,256 [WARN] ModelIntegratedComponent:63 - No mode defined for component null
2025-03-05 11:58:17,256 [WARN] ModelIntegratedComponent:63 - No mode defined for component null
2025-03-05 11:58:17,256 [WARN] ModelIntegratedComponent:63 - No mode defined for component null
2025-03-05 11:58:17,256 [WARN] ModelIntegratedComponent:63 - No mode defined for component null
2025-03-05 11:58:17,256 [WARN] ModelIntegratedComponent:63 - No mode defined for component null
2025-03-05 11:58:17,256 [WARN] ModelIntegratedComponent:63 - No mode defined for component null
2025-03-05 11:58:17,256 [WARN] ModelIntegratedComponent:63 - No mode defined for component null
2025-03-05 11:58:17,256 [WARN] ModelIntegratedComponent:63 - No mode defined for component null
2025-03-05 11:58:17,256 [WARN] ModelIntegratedComponent:63 - No mode defined for component null
2025-03-05 11:58:17,256 [WARN] ModelIntegratedComponent:63 - No mode defined for component null
2025-03-05 11:58:17,256 [WARN] ModelIntegratedComponent:63 - No mode defined for component null
2025-03-05 11:58:17,256 [WARN] ModelIntegratedComponent:63 - No mode defined for component null
2025-03-05 11:58:17,256 [WARN] ModelIntegratedComponent:63 - No mode defined for component null
2025-03-05 11:58:17,257 [WARN] ModelIntegratedComponent:63 - No mode defined for component null
2025-03-05 11:58:17,257 [WARN] ModelIntegratedComponent:63 - No mode defined for component null
2025-03-05 11:58:17,257 [WARN] ModelIntegratedComponent:63 - No mode defined for component null
2025-03-05 11:58:17,257 [WARN] ModelIntegratedComponent:63 - No mode defined for component null
2025-03-05 11:58:17,257 [WARN] ModelIntegratedComponent:63 - No mode defined for component null
2025-03-05 11:58:17,257 [WARN] ModelIntegratedComponent:63 - No mode defined for component null
2025-03-05 11:58:17,257 [WARN] ModelIntegratedComponent:63 - No mode defined for component null
2025-03-05 11:58:17,257 [WARN] ModelIntegratedComponent:63 - No mode defined for component null
2025-03-05 11:58:17,302 [WARN] ModelIntegratedComponent:182 - Modes not found for component STMicroelectronics:USB_DEVICE:1.0.0:STMicroelectronics:USB::USB Device:Audio HS::1.0:USB_DEVICE_1_0_RESTRICTED_HS
2025-03-05 11:58:17,302 [WARN] ModelIntegratedComponent:188 - Modes not found for component STMicroelectronics:USB_DEVICE:1.0.0:STMicroelectronics:USB::USB Device:Audio HS::1.0:USB_DEVICE_1_0_RESTRICTED_HS
2025-03-05 11:58:17,303 [WARN] ModelIntegratedComponent:182 - Modes not found for component STMicroelectronics:USB_DEVICE:1.0.0:STMicroelectronics:USB::USB Device:CDC HS::1.0:USB_DEVICE_1_0_RESTRICTED_HS
2025-03-05 11:58:17,303 [WARN] ModelIntegratedComponent:188 - Modes not found for component STMicroelectronics:USB_DEVICE:1.0.0:STMicroelectronics:USB::USB Device:CDC HS::1.0:USB_DEVICE_1_0_RESTRICTED_HS
2025-03-05 11:58:17,303 [WARN] ModelIntegratedComponent:182 - Modes not found for component STMicroelectronics:USB_DEVICE:1.0.0:STMicroelectronics:USB::USB Device:DFU HS::1.0:USB_DEVICE_1_0_RESTRICTED_HS
2025-03-05 11:58:17,303 [WARN] ModelIntegratedComponent:188 - Modes not found for component STMicroelectronics:USB_DEVICE:1.0.0:STMicroelectronics:USB::USB Device:DFU HS::1.0:USB_DEVICE_1_0_RESTRICTED_HS
2025-03-05 11:58:17,303 [WARN] ModelIntegratedComponent:182 - Modes not found for component STMicroelectronics:USB_DEVICE:1.0.0:STMicroelectronics:USB::USB Device:HID HS::1.0:USB_DEVICE_1_0_RESTRICTED_HS
2025-03-05 11:58:17,303 [WARN] ModelIntegratedComponent:188 - Modes not found for component STMicroelectronics:USB_DEVICE:1.0.0:STMicroelectronics:USB::USB Device:HID HS::1.0:USB_DEVICE_1_0_RESTRICTED_HS
2025-03-05 11:58:17,303 [WARN] ModelIntegratedComponent:182 - Modes not found for component STMicroelectronics:USB_DEVICE:1.0.0:STMicroelectronics:USB::USB Device:Custom HID HS::1.0:USB_DEVICE_1_0_RESTRICTED_HS
2025-03-05 11:58:17,303 [WARN] ModelIntegratedComponent:188 - Modes not found for component STMicroelectronics:USB_DEVICE:1.0.0:STMicroelectronics:USB::USB Device:Custom HID HS::1.0:USB_DEVICE_1_0_RESTRICTED_HS
2025-03-05 11:58:17,303 [WARN] ModelIntegratedComponent:182 - Modes not found for component STMicroelectronics:USB_DEVICE:1.0.0:STMicroelectronics:USB::USB Device:MSC HS::1.0:USB_DEVICE_1_0_RESTRICTED_HS
2025-03-05 11:58:17,303 [WARN] ModelIntegratedComponent:188 - Modes not found for component STMicroelectronics:USB_DEVICE:1.0.0:STMicroelectronics:USB::USB Device:MSC HS::1.0:USB_DEVICE_1_0_RESTRICTED_HS
2025-03-05 11:58:17,310 [INFO] ThirdPartyModel:298 - Start build external matchings
2025-03-05 11:58:17,446 [INFO] ThirdPartyModel:316 - End build external matchings
2025-03-05 11:58:17,455 [INFO] ImportTextPane:194 - (OptionalMessage_ERROR) IP (RCC) : Parameter (FLatency) has Id (AdvancedSettings) currently not set
2025-03-05 11:58:17,455 [INFO] ImportTextPane:194 - (OptionalMessage_ERROR) IP (RCC) : Parameter (RTCHSEDivFreq_Value) has invalid value (4000000)
2025-03-05 11:58:17,591 [INFO] UtilMem:75 - End LoadConfig() Used Memory: 686050840 Bytes (843055104)
2025-03-05 11:58:17,661 [INFO] ApiDb:581 - Connected to CubeFinder SQLite database (C:\Users\user\.stmcufinder\plugins\mcufinder\mcu\cube-finder-db.db)
2025-03-05 11:58:17,708 [INFO] ApiDb:668 - CubeFinder database Data Model version=2.1
2025-03-05 11:58:17,708 [INFO] ApiDb:669 - CubeFinder database Configuration version=3.0.39
2025-03-05 11:58:17,708 [INFO] ApiDb:670 - CubeFinder database generation date=2025-02-18 (1739885696)
2025-03-05 11:58:17,708 [INFO] ApiDb:671 - CubeFinder database FW Pack versions=[FP-ATR-ASTRA1_V2.0.0, FP-SNS-FLIGHT1_V5.0.2, FP-SNS-MOTENV1_V5.0.0, FP-SNS-MOTENVWB1_V1.4.0, FP-SNS-SMARTAG2_V1.2.0, FP-SNS-STBOX1_V2.0.0, STM32Cube_FW_C0_V1.4.0, STM32Cube_FW_F4_V1.28.1, STM32Cube_FW_F7_V1.17.2, STM32Cube_FW_G0_V1.6.2, STM32Cube_FW_G4_V1.6.1, STM32Cube_FW_H5_V1.5.0, STM32Cube_FW_H7RS_V1.2.0, STM32Cube_FW_H7_V1.12.1, STM32Cube_FW_L0_V1.12.2, STM32Cube_FW_L4_V1.18.1, STM32Cube_FW_L5_V1.5.1, STM32Cube_FW_N6_V1.1.0, STM32Cube_FW_U0_V1.2.0, STM32Cube_FW_U3_V1.1.0, STM32Cube_FW_U5_V1.7.0, STM32Cube_FW_WB0_V1.2.0, STM32Cube_FW_WBA_V1.6.0, STM32Cube_FW_WB_V1.22.0, STM32Cube_FW_WL3_V1.1.0, STM32Cube_FW_WL_V1.3.1, X-CUBE-ALGOBUILD_V1.4.0, X-CUBE-ALS_V1.0.2, X-CUBE-AZRTOS-F4_V1.1.0, X-CUBE-AZRTOS-F7_V1.1.0, X-CUBE-AZRTOS-G0_V1.1.0, X-CUBE-AZRTOS-G4_V2.0.0, X-CUBE-AZRTOS-H7RS_V1.0.0, X-CUBE-AZRTOS-H7_V3.3.0, X-CUBE-AZRTOS-L4_V2.0.0, X-CUBE-AZRTOS-L5_V2.0.0, X-CUBE-AZRTOS-WB_V2.0.0, X-CUBE-AZRTOS-WL_V2.0.0, X-CUBE-BLE1_V7.0.0, X-CUBE-BLE2_V3.3.0, X-CUBE-BLEMGR_V4.0.0, X-CUBE-EEPRMA1_V5.1.0, X-CUBE-FREERTOS_V1.3.0, X-CUBE-GNSS1_V6.0.0, X-CUBE-MEMS1_V11.1.0, X-CUBE-NFC4_V3.0.0, X-CUBE-NFC7_V1.0.1, X-CUBE-SFXS2LP1_V4.0.0, X-CUBE-SUBG2_V5.0.0, X-CUBE-TOF1_V3.4.2]
2025-03-05 11:58:19,224 [INFO] ApiDb:240 - Found 371 in-development CPN: [B-G473E-ZEST1S, B-WB1M-WPAN1, B-WL5M-SUBG1, NUCLEO-C031C6, NUCLEO-H503RB, NUCLEO-H563ZI, NUCLEO-U545RE-Q, NUCLEO-U5A5ZJ-Q, NUCLEO-WBA52CG, NUCLEO-WBA55CG, STEVAL-MKBOXPRO, STEVAL-PROTEUS1, STEVAL-STWINBX1, STM320518-EVAL, STM32C0116-DK, STM32C011D6Y3TR, STM32C011D6Y6TR, STM32C011F4P3, STM32C011F4P6, STM32C011F4U3, STM32C011F4U6TR, STM32C011F6P3, STM32C011F6P6, STM32C011F6U3, STM32C011F6U6TR, STM32C011J4M3, STM32C011J4M6, STM32C011J6M3, STM32C011J6M6, STM32C0316-DK, STM32C031C4T3, STM32C031C4T6, STM32C031C4U3, STM32C031C4U6, STM32C031C6T3, STM32C031C6T6, STM32C031C6U3, STM32C031C6U6, STM32C031F4P3, STM32C031F4P6, STM32C031F6P3, STM32C031F6P6, STM32C031G4U3, STM32C031G4U6, STM32C031G6U3, STM32C031G6U6, STM32C031K4T3, STM32C031K4T6, STM32C031K4U3, STM32C031K4U6, STM32C031K6T3, STM32C031K6T6, STM32C031K6U3, STM32C031K6U6, STM32G071K8TXN, STM32G071K8UXN, STM32G081GBU6N, STM32G081KBT6N, STM32G081KBUXN, STM32G0B1CCT6N, STM32G0B1KCT6, STM32G0B1NEY6TR, STM32G0B1RCT6N, STM32G0C1CCT6, STM32G0C1CCT6N, STM32G0C1CCU6N, STM32G0C1CET6N, STM32G0C1CEU6N, STM32G0C1KCT6, STM32G0C1NEY6TR, STM32G0C1RCI6N, STM32G0C1RCT6N, STM32G0C1REI6N, STM32G0C1RET6N, STM32G0C1VCI6, STM32G0C1VEI6, STM32G471CCT6, STM32G471CCU6, STM32G471CET3, STM32G471CET6, STM32G471CEU3, STM32G471CEU6, STM32G471MCT6, STM32G471MET3, STM32G471MET6, STM32G471MEY6TR, STM32G471QCT6, STM32G471QET3, STM32G471RCT6, STM32G471RET3, STM32G471RET6, STM32G471VCH6, STM32G471VCI6, STM32G471VCT6, STM32G471VEH3, STM32G471VEH6, STM32G471VEI3, STM32G471VEI6, STM32G471VET3, STM32G471VET6, STM32G474CCT6, STM32H503CBT6, STM32H503CBU6, STM32H503EBY6TR, STM32H503KBU6, STM32H503RBT6, STM32H562AGI6, STM32H562AII6, STM32H562IGK6, STM32H562IGT6, STM32H562IIK6, STM32H562IIT6, STM32H562RGT6, STM32H562RGV6, STM32H562RIT6, STM32H562RIV6, STM32H562VGT6, STM32H562VIT6, STM32H562ZGT6, STM32H562ZIT6, STM32H563AGI6, STM32H563AII3Q, STM32H563AII6, STM32H563IGK6, STM32H563IGT6, STM32H563IIK3Q, STM32H563IIK6, STM32H563IIT3Q, STM32H563IIT6, STM32H563MIY3QTR, STM32H563RGT6, STM32H563RGV6, STM32H563RIT6, STM32H563RIV6, STM32H563VGT6, STM32H563VIT3Q, STM32H563VIT6, STM32H563ZGT6, STM32H563ZIT3Q, STM32H563ZIT6, STM32H573AII3Q, STM32H573AII6, STM32H573I-DK, STM32H573IIK3Q, STM32H573IIK6, STM32H573IIT3Q, STM32H573IIT6, STM32H573MIY3QTR, STM32H573RIT6, STM32H573RIV6, STM32H573VIT3Q, STM32H573VIT6, STM32H573ZIT3Q, STM32H573ZIT6, STM32L4R5QGI6STR, STM32MP131AAE3, STM32MP131AAF3, STM32MP131AAG3, STM32MP131CAE3, STM32MP131CAF3, STM32MP131CAG3, STM32MP131DAE7, STM32MP131DAF7, STM32MP131DAG7, STM32MP131FAE7, STM32MP131FAF7, STM32MP131FAG7, STM32MP133AAE3, STM32MP133AAF3, STM32MP133AAG3, STM32MP133CAE3, STM32MP133CAF3, STM32MP133CAG3, STM32MP133DAE7, STM32MP133DAF7, STM32MP133DAG7, STM32MP133FAE7, STM32MP133FAF7, STM32MP133FAG7, STM32MP135AAE3, STM32MP135AAF3, STM32MP135AAG3, STM32MP135CAE3, STM32MP135CAF3, STM32MP135CAG3, STM32MP135DAE7, STM32MP135DAF7, STM32MP135DAG7, STM32MP135F-DK, STM32MP135FAE7, STM32MP135FAF7, STM32MP135FAF7T, STM32MP135FAF7U, STM32MP135FAG7, STM32U535CBT6, STM32U535CBT6Q, STM32U535CBU6, STM32U535CBU6Q, STM32U535CCT6, STM32U535CCT6Q, STM32U535CCU6, STM32U535CCU6Q, STM32U535CET6, STM32U535CET6Q, STM32U535CEU6, STM32U535CEU6Q, STM32U535JEY6QTR, STM32U535NCY6QTR, STM32U535NEY6QTR, STM32U535RBI6, STM32U535RBI6Q, STM32U535RBT6, STM32U535RBT6Q, STM32U535RCI6, STM32U535RCI6Q, STM32U535RCT6, STM32U535RCT6Q, STM32U535REI6, STM32U535REI6Q, STM32U535RET6, STM32U535RET6Q, STM32U535VCI6, STM32U535VCI6Q, STM32U535VCT6, STM32U535VCT6Q, STM32U535VEI6, STM32U535VEI6Q, STM32U535VET6, STM32U535VET6Q, STM32U545CET6, STM32U545CET6Q, STM32U545CEU6, STM32U545CEU6Q, STM32U545JEY6QTR, STM32U545NEY6QTR, STM32U545REI6, STM32U545REI6Q, STM32U545RET6, STM32U545RET6Q, STM32U545VEI6, STM32U545VEI6Q, STM32U545VET6, STM32U545VET6Q, STM32U595AIH6, STM32U595AIH6Q, STM32U595AJH6, STM32U595AJH6Q, STM32U595QII6, STM32U595QII6Q, STM32U595QJI6, STM32U595QJI6Q, STM32U595RIT6, STM32U595RIT6Q, STM32U595RJT6, STM32U595RJT6Q, STM32U595VIT6, STM32U595VIT6Q, STM32U595VJT6, STM32U595VJT6Q, STM32U595ZIT6, STM32U595ZIT6Q, STM32U595ZIY6QTR, STM32U595ZJT6, STM32U595ZJT6Q, STM32U595ZJY6QTR, STM32U599BJY6QTR, STM32U599NIH6Q, STM32U599NJH6Q, STM32U599VIT6Q, STM32U599VJT6, STM32U599VJT6Q, STM32U599ZIT6Q, STM32U599ZIY6QTR, STM32U599ZJT6Q, STM32U599ZJY6QTR, STM32U5A5AJH6, STM32U5A5AJH6Q, STM32U5A5QJI6, STM32U5A5QJI6Q, STM32U5A5RJT6, STM32U5A5RJT6Q, STM32U5A5VJT6, STM32U5A5VJT6Q, STM32U5A5ZJT6, STM32U5A5ZJT6Q, STM32U5A5ZJY6QTR, STM32U5A9BJY6QTR, STM32U5A9J-DK, STM32U5A9NJH6Q, STM32U5A9VJT6Q, STM32U5A9ZJT6Q, STM32U5A9ZJY6QTR, STM32U5F7VIT6, STM32U5F7VIT6Q, STM32U5F7VJT6, STM32U5F7VJT6Q, STM32U5F9BJY6QTR, STM32U5F9NJH6Q, STM32U5F9VIT6Q, STM32U5F9VJT6Q, STM32U5F9ZIJ6QTR, STM32U5F9ZIT6Q, STM32U5F9ZJJ6QTR, STM32U5F9ZJT6Q, STM32U5G7VJT6, STM32U5G7VJT6Q, STM32U5G9BJY6QTR, STM32U5G9J-DK1, STM32U5G9J-DK2, STM32U5G9NJH6Q, STM32U5G9VJT6Q, STM32U5G9ZJJ6QTR, STM32U5G9ZJT6Q, STM32WB1MMCH6, STM32WBA50KEU6, STM32WBA50KEU6TR, STM32WBA50KGU6, STM32WBA50KGU6TR, STM32WBA52CEU6, STM32WBA52CEU6TR, STM32WBA52CEU7, STM32WBA52CEU7TR, STM32WBA52CGU6, STM32WBA52CGU6TR, STM32WBA52CGU6U, STM32WBA52CGU7, STM32WBA52CGU7TR, STM32WBA52KEU6, STM32WBA52KEU6TR, STM32WBA52KGU6, STM32WBA52KGU6TR, STM32WBA54CEU6, STM32WBA54CEU6TR, STM32WBA54CEU7, STM32WBA54CEU7TR, STM32WBA54CGU6, STM32WBA54CGU6TR, STM32WBA54CGU7, STM32WBA54CGU7TR, STM32WBA54KEU6, STM32WBA54KEU6TR, STM32WBA54KEU7, STM32WBA54KEU7TR, STM32WBA54KGU6, STM32WBA54KGU6TR, STM32WBA54KGU7, STM32WBA54KGU7TR, STM32WBA55CEU6, STM32WBA55CEU6TR, STM32WBA55CEU7, STM32WBA55CEU7TR, STM32WBA55CGU6, STM32WBA55CGU6TR, STM32WBA55CGU6U, STM32WBA55CGU7, STM32WBA55CGU7TR, STM32WBA55G-DK1, STM32WBA55HEF6, STM32WBA55HEF7, STM32WBA55HGF6, STM32WBA55HGF7, STM32WBA55UEI6, STM32WBA55UEI6TR, STM32WBA55UEI7, STM32WBA55UEI7TR, STM32WBA55UGI6, STM32WBA55UGI6TR, STM32WBA55UGI7, STM32WBA55UGI7TR, STM32WL5MOCH6, STM32WL5MOCH6TR]
2025-03-05 11:58:19,227 [INFO] DbMcus:218 - Found 4565 MCUs, 4565 are supported
2025-03-05 11:58:19,228 [INFO] ApiDb:423 - Load user favorites file C:\Users\user/.stm32cubeide/favorites.mcus.txt: 0 item(s)
2025-03-05 11:58:19,230 [INFO] ApiDb:427 - User favorites MCUs=[]
2025-03-05 11:58:19,230 [INFO] DbMcus:224 - Set 0 / 0 favorites MCUs
2025-03-05 11:58:19,426 [INFO] MicroXplorer:468 - Change Database Path : 
2025-03-05 11:58:19,426 [INFO] MicroXplorer:498 - Change Database Version : DB.6.0.100
2025-03-05 11:58:19,426 [WARN] ThirdParty:833 - waiting for thirdparty lock release [change project]
2025-03-05 11:58:19,426 [INFO] ThirdParty:835 - entering critical section [change project]
2025-03-05 11:58:19,426 [INFO] ThirdParty:1030 - CMSIS Pack Vendor :STMicroelectronics USBPD 4.1
2025-03-05 11:58:19,426 [INFO] ThirdParty:1030 - CMSIS Pack Vendor :STMicroelectronics USB_HOST 2.0.0
2025-03-05 11:58:19,426 [INFO] ThirdParty:1030 - CMSIS Pack Vendor :STMicroelectronics X-CUBE-AZRTOS-F4 1.1.0
2025-03-05 11:58:19,426 [INFO] ThirdParty:1030 - CMSIS Pack Vendor :STMicroelectronics LIBJPEG 8.0.0
2025-03-05 11:58:19,426 [INFO] ThirdParty:1030 - CMSIS Pack Vendor :STMicroelectronics FP-ATR-ASTRA1 2.0.2
2025-03-05 11:58:19,426 [INFO] ThirdParty:1030 - CMSIS Pack Vendor :STMicroelectronics FP-ATR-ASTRA1 2.0.1
2025-03-05 11:58:19,426 [INFO] ThirdParty:1030 - CMSIS Pack Vendor :STMicroelectronics X-CUBE-BLE1 7.1.0
2025-03-05 11:58:19,427 [INFO] ThirdParty:1030 - CMSIS Pack Vendor :STMicroelectronics X-CUBE-SMBUS 2.1.0
2025-03-05 11:58:19,427 [INFO] ThirdParty:1030 - CMSIS Pack Vendor :STMicroelectronics USB_DEVICE 3.0.0
2025-03-05 11:58:19,427 [INFO] ThirdParty:1030 - CMSIS Pack Vendor :STMicroelectronics X-CUBE-TCPP 4.1.0
2025-03-05 11:58:19,427 [INFO] ThirdParty:1030 - CMSIS Pack Vendor :STMicroelectronics X-CUBE-FREERTOS 1.2.0
2025-03-05 11:58:19,427 [INFO] ThirdParty:1030 - CMSIS Pack Vendor :STMicroelectronics X-CUBE-IPS 3.0.0
2025-03-05 11:58:19,427 [INFO] ThirdParty:1030 - CMSIS Pack Vendor :STMicroelectronics X-CUBE-AZRTOS-WB 2.0.0
2025-03-05 11:58:19,427 [INFO] ThirdParty:1030 - CMSIS Pack Vendor :STMicroelectronics X-CUBE-GNSS1 7.0.0
2025-03-05 11:58:19,427 [INFO] ThirdParty:1030 - CMSIS Pack Vendor :STMicroelectronics X-CUBE-GNSS1 7.0.1
2025-03-05 11:58:19,427 [INFO] ThirdParty:1030 - CMSIS Pack Vendor :STMicroelectronics X-CUBE-AZRTOS-F7 1.1.0
2025-03-05 11:58:19,427 [INFO] ThirdParty:1030 - CMSIS Pack Vendor :STMicroelectronics X-CUBE-AZRTOS-L5 2.0.0
2025-03-05 11:58:19,427 [INFO] ThirdParty:1030 - CMSIS Pack Vendor :STMicroelectronics USB_DEVICE 2.0.0
2025-03-05 11:58:19,427 [INFO] ThirdParty:1030 - CMSIS Pack Vendor :STMicroelectronics X-CUBE-MEMS1 11.0.0
2025-03-05 11:58:19,427 [INFO] ThirdParty:1030 - CMSIS Pack Vendor :STMicroelectronics FreeRTOS 0.0.1
2025-03-05 11:58:19,427 [INFO] ThirdParty:1030 - CMSIS Pack Vendor :STMicroelectronics X-CUBE-AZRTOS-G0 1.1.0
2025-03-05 11:58:19,427 [INFO] ThirdParty:1030 - CMSIS Pack Vendor :STMicroelectronics X-CUBE-NFC4 3.0.0
2025-03-05 11:58:19,427 [INFO] ThirdParty:1030 - CMSIS Pack Vendor :STMicroelectronics X-CUBE-SUBG2 5.0.0
2025-03-05 11:58:19,427 [INFO] ThirdParty:1030 - CMSIS Pack Vendor :STMicroelectronics STM32_WPAN 1.0.0
2025-03-05 11:58:19,427 [INFO] ThirdParty:1030 - CMSIS Pack Vendor :EmbeddedOffice I-CUBE-FS-RTOS 1.0.1
2025-03-05 11:58:19,427 [INFO] ThirdParty:1030 - CMSIS Pack Vendor :STMicroelectronics lwIP 2.0.3
2025-03-05 11:58:19,427 [INFO] ThirdParty:1030 - CMSIS Pack Vendor :STMicroelectronics FP-SNS-FLIGHT1 5.0.2
2025-03-05 11:58:19,427 [INFO] ThirdParty:1030 - CMSIS Pack Vendor :Cesanta I-CUBE-Mongoose 7.13.0
2025-03-05 11:58:19,427 [INFO] ThirdParty:1030 - CMSIS Pack Vendor :STMicroelectronics USB_HOST 1.0.0
2025-03-05 11:58:19,427 [INFO] ThirdParty:1030 - CMSIS Pack Vendor :Infineon AIROC-Wi-Fi-Bluetooth-STM32 1.7.0
2025-03-05 11:58:19,427 [INFO] ThirdParty:1030 - CMSIS Pack Vendor :STMicroelectronics X-CUBE-AZRTOS-G4 2.0.0
2025-03-05 11:58:19,427 [INFO] ThirdParty:1030 - CMSIS Pack Vendor :STMicroelectronics PDM2PCM 3.1.0
2025-03-05 11:58:19,427 [INFO] ThirdParty:1030 - CMSIS Pack Vendor :STMicroelectronics PDM2PCM 3.3.0
2025-03-05 11:58:19,427 [INFO] ThirdParty:1030 - CMSIS Pack Vendor :STMicroelectronics X-CUBE-DISPLAY 3.0.0
2025-03-05 11:58:19,427 [INFO] ThirdParty:1030 - CMSIS Pack Vendor :STMicroelectronics X-CUBE-BLE1 7.0.0
2025-03-05 11:58:19,427 [INFO] ThirdParty:1030 - CMSIS Pack Vendor :STMicroelectronics FP-ATR-SIGFOX1 3.2.0
2025-03-05 11:58:19,427 [INFO] ThirdParty:1030 - CMSIS Pack Vendor :quantropi X-CUBE-qispace-sdk-base 1.9.3
2025-03-05 11:58:19,427 [INFO] ThirdParty:1030 - CMSIS Pack Vendor :STMicroelectronics X-CUBE-BLEMGR 4.0.0
2025-03-05 11:58:19,427 [INFO] ThirdParty:1030 - CMSIS Pack Vendor :STMicroelectronics HAL Drivers 0.0.0
2025-03-05 11:58:19,427 [INFO] ThirdParty:1030 - CMSIS Pack Vendor :STMicroelectronics MBEDTLS 2.16.2
2025-03-05 11:58:19,427 [INFO] ThirdParty:1030 - CMSIS Pack Vendor :STMicroelectronics X-CUBE-FREERTOS 1.3.0
2025-03-05 11:58:19,427 [INFO] ThirdParty:1030 - CMSIS Pack Vendor :STMicroelectronics X-CUBE-NFC7 1.0.1
2025-03-05 11:58:19,427 [INFO] ThirdParty:1030 - CMSIS Pack Vendor :STMicroelectronics MBEDTLS 2.14.1
2025-03-05 11:58:19,427 [INFO] ThirdParty:1030 - CMSIS Pack Vendor :STMicroelectronics X-CUBE-TOUCHGFX 4.24.2
2025-03-05 11:58:19,427 [INFO] ThirdParty:1030 - CMSIS Pack Vendor :STMicroelectronics X-CUBE-TOUCHGFX 4.24.1
2025-03-05 11:58:19,427 [INFO] ThirdParty:1030 - CMSIS Pack Vendor :portGmbH I-Cube-SoM-uGOAL 1.1.0
2025-03-05 11:58:19,427 [INFO] ThirdParty:1030 - CMSIS Pack Vendor :STMicroelectronics X-CUBE-BLEMGR 3.1.0
2025-03-05 11:58:19,427 [INFO] ThirdParty:1030 - CMSIS Pack Vendor :STMicroelectronics X-CUBE-AI 10.0.0
2025-03-05 11:58:19,427 [INFO] ThirdParty:1030 - CMSIS Pack Vendor :STMicroelectronics ThreadX 1.0.0
2025-03-05 11:58:19,427 [INFO] ThirdParty:1030 - CMSIS Pack Vendor :STMicroelectronics FP-SNS-SMARTAG2 1.2.0
2025-03-05 11:58:19,427 [INFO] ThirdParty:1030 - CMSIS Pack Vendor :STMicroelectronics X-CUBE-MEMS1 11.1.0
2025-03-05 11:58:19,427 [INFO] ThirdParty:1030 - CMSIS Pack Vendor :STMicroelectronics X-CUBE-AZRTOS-WL 2.0.0
2025-03-05 11:58:19,427 [INFO] ThirdParty:1030 - CMSIS Pack Vendor :SEGGER I-CUBE-embOS 1.3.1
2025-03-05 11:58:19,427 [INFO] ThirdParty:1030 - CMSIS Pack Vendor :STMicroelectronics USB_DEVICE 1.0.0
2025-03-05 11:58:19,427 [INFO] ThirdParty:1030 - CMSIS Pack Vendor :STMicroelectronics X-CUBE-AZRTOS-L4 2.0.0
2025-03-05 11:58:19,427 [INFO] ThirdParty:1030 - CMSIS Pack Vendor :STMicroelectronics ThreadX 0.0.2
2025-03-05 11:58:19,427 [INFO] ThirdParty:1030 - CMSIS Pack Vendor :WES I-CUBE-Cesium 1.3.0
2025-03-05 11:58:19,427 [INFO] ThirdParty:1030 - CMSIS Pack Vendor :STMicroelectronics lwIP 2.1.2
2025-03-05 11:58:19,427 [INFO] ThirdParty:1030 - CMSIS Pack Vendor :STMicroelectronics X-CUBE-SFXS2LP1 4.0.0
2025-03-05 11:58:19,427 [INFO] ThirdParty:1030 - CMSIS Pack Vendor :STMicroelectronics X-CUBE-BLE2 3.3.0
2025-03-05 11:58:19,427 [INFO] ThirdParty:1030 - CMSIS Pack Vendor :STMicroelectronics PDM2PCM 3.2.0
2025-03-05 11:58:19,427 [INFO] ThirdParty:841 - exiting critical section [change project]
2025-03-05 11:58:19,617 [INFO] PinOutPanel:1499 - setPackage(No Configuration,No Configuration)
2025-03-05 11:58:19,619 [INFO] PinOutPanel:1499 - setPackage(STM32F411RETx,LQFP64)
2025-03-05 11:58:19,857 [INFO] UtilMem:75 - Before build in PCC Used Memory: 655913544 Bytes (919601152)
2025-03-05 11:58:20,384 [INFO] UtilMem:75 - After build in PCC Used Memory: 529386640 Bytes (919601152)
2025-03-05 11:58:20,407 [INFO] IPUIPlugin:80 - create IPUIPlugin
2025-03-05 11:58:20,407 [INFO] IPUIPlugin:80 - create IPUIPlugin
2025-03-05 11:58:20,407 [INFO] IPUIPlugin:80 - create IPUIPlugin
2025-03-05 11:58:20,407 [INFO] IPUIPlugin:80 - create IPUIPlugin
2025-03-05 11:58:20,407 [INFO] IPUIPlugin:80 - create IPUIPlugin
2025-03-05 11:58:20,407 [INFO] IPUIPlugin:80 - create IPUIPlugin
2025-03-05 11:58:20,407 [INFO] IPUIPlugin:80 - create IPUIPlugin
2025-03-05 11:58:20,408 [INFO] IPUIPlugin:80 - create IPUIPlugin
2025-03-05 11:58:20,408 [INFO] IPUIPlugin:80 - create IPUIPlugin
2025-03-05 11:58:20,408 [INFO] IPUIPlugin:80 - create IPUIPlugin
2025-03-05 11:58:20,408 [INFO] IPUIPlugin:80 - create IPUIPlugin
2025-03-05 11:58:20,408 [INFO] IPUIPlugin:80 - create IPUIPlugin
2025-03-05 11:58:20,408 [INFO] IPUIPlugin:80 - create IPUIPlugin
2025-03-05 11:58:20,408 [INFO] IPUIPlugin:80 - create IPUIPlugin
2025-03-05 11:58:20,408 [INFO] IPUIPlugin:80 - create IPUIPlugin
2025-03-05 11:58:20,408 [INFO] IPUIPlugin:80 - create IPUIPlugin
2025-03-05 11:58:20,408 [INFO] IPUIPlugin:80 - create IPUIPlugin
2025-03-05 11:58:20,408 [INFO] IPUIPlugin:80 - create IPUIPlugin
2025-03-05 11:58:20,408 [INFO] IPUIPlugin:80 - create IPUIPlugin
2025-03-05 11:58:20,408 [INFO] IPUIPlugin:80 - create IPUIPlugin
2025-03-05 11:58:20,408 [INFO] IPUIPlugin:80 - create IPUIPlugin
2025-03-05 11:58:20,409 [INFO] IPUIPlugin:80 - create IPUIPlugin
2025-03-05 11:58:20,409 [INFO] IPUIPlugin:80 - create IPUIPlugin
2025-03-05 11:58:20,409 [INFO] IPUIPlugin:80 - create IPUIPlugin
2025-03-05 11:58:20,409 [INFO] IPUIPlugin:80 - create IPUIPlugin
2025-03-05 11:58:20,409 [INFO] IPUIPlugin:80 - create IPUIPlugin
2025-03-05 11:58:20,409 [INFO] IPUIPlugin:80 - create IPUIPlugin
2025-03-05 11:58:20,410 [INFO] IPUIPlugin:80 - create IPUIPlugin
2025-03-05 11:58:20,410 [INFO] IPUIPlugin:80 - create IPUIPlugin
2025-03-05 11:58:20,410 [INFO] IPUIPlugin:80 - create IPUIPlugin
2025-03-05 11:58:20,410 [INFO] IPUIPlugin:80 - create IPUIPlugin
2025-03-05 11:58:20,410 [INFO] IPUIPlugin:80 - create IPUIPlugin
2025-03-05 11:58:20,410 [INFO] IPUIPlugin:80 - create IPUIPlugin
2025-03-05 11:58:20,411 [INFO] IPUIPlugin:80 - create IPUIPlugin
2025-03-05 11:58:20,411 [INFO] IPUIPlugin:80 - create IPUIPlugin
2025-03-05 11:58:20,411 [INFO] IPUIPlugin:80 - create IPUIPlugin
2025-03-05 11:58:20,411 [INFO] IPUIPlugin:80 - create IPUIPlugin
2025-03-05 11:58:20,411 [INFO] IPUIPlugin:80 - create IPUIPlugin
2025-03-05 11:58:20,412 [INFO] IPUIPlugin:80 - create IPUIPlugin
2025-03-05 11:58:20,412 [INFO] IPUIPlugin:80 - create IPUIPlugin
2025-03-05 11:58:20,412 [INFO] IPUIPlugin:80 - create IPUIPlugin
2025-03-05 11:58:20,413 [INFO] IPUIPlugin:80 - create IPUIPlugin
2025-03-05 11:58:20,413 [INFO] IPUIPlugin:80 - create IPUIPlugin
2025-03-05 11:58:20,492 [INFO] ApiDbMcu:508 - Load IP Config File for PDM2PCM
2025-03-05 11:58:20,614 [INFO] CADModel:165 - CPN selected for project levelSTM32F411RET6
2025-03-05 11:58:20,614 [INFO] CADModel:114 - Register for checkConnection events
2025-03-05 11:58:20,655 [INFO] OpenFileManager:343 - Restore cursor
2025-03-05 12:12:34,452 [INFO] Gpio:277 - dependency for GPIO [RCC, SYS, USART2]
2025-03-05 12:12:59,220 [INFO] UtilMem:75 - End SaveConfig() Used Memory: 709534784 Bytes (1073741824)
2025-03-05 12:12:59,972 [INFO] UtilMem:75 - End SaveConfig() Used Memory: 656800032 Bytes (1073741824)
2025-03-05 12:13:00,443 [INFO] UtilMem:75 - End SaveConfig() Used Memory: 690880800 Bytes (1073741824)
2025-03-05 12:13:00,663 [INFO] BlockDiagram:2759 - set Specific Code input for plugin: NVIC
2025-03-05 12:13:00,663 [INFO] BlockDiagram:2759 - set Specific Code input for plugin: USART
2025-03-05 12:13:00,663 [INFO] BlockDiagram:2759 - set Specific Code input for plugin: SYS
2025-03-05 12:13:00,663 [INFO] BlockDiagram:2759 - set Specific Code input for plugin: GPIO
2025-03-05 12:13:00,663 [INFO] BlockDiagram:2759 - set Specific Code input for plugin: RCC
2025-03-05 12:13:00,664 [INFO] CodeGenerator:807 - code generatio: config db path: C:\ST\STM32CubeIDE_1.14.1\STM32CubeIDE\plugins\com.st.stm32cube.common.mx_6.10.0.202311202037\\db\
2025-03-05 12:13:00,783 [INFO] CodeEngine:255 - oldGeneratedFile, C:\Users\user\source\repos\STM32\Loadcell_hx711\MXTmpFiles\license.tmp_save
2025-03-05 12:13:00,958 [INFO] CodeEngine:279 - Generated code: C:\Users\user\source\repos\STM32\Loadcell_hx711\MXTmpFiles\license.tmp
2025-03-05 12:13:00,991 [INFO] CodeEngine:255 - oldGeneratedFile, C:\Users\user\source\repos\STM32\Loadcell_hx711\MXTmpFiles\gpio.tmp_save
2025-03-05 12:13:01,077 [INFO] CodeEngine:279 - Generated code: C:\Users\user\source\repos\STM32\Loadcell_hx711\MXTmpFiles\gpio.tmp
2025-03-05 12:13:01,129 [INFO] CodeEngine:255 - oldGeneratedFile, C:\Users\user\source\repos\STM32\Loadcell_hx711\Core\Src\stm32f4xx_it.c_save
2025-03-05 12:13:01,198 [INFO] CodeEngine:279 - Generated code: C:\Users\user\source\repos\STM32\Loadcell_hx711\Core\Src\stm32f4xx_it.c
2025-03-05 12:13:01,203 [INFO] CodeEngine:255 - oldGeneratedFile, C:\Users\user\source\repos\STM32\Loadcell_hx711\Core\Inc\stm32f4xx_it.h_save
2025-03-05 12:13:01,245 [INFO] CodeEngine:279 - Generated code: C:\Users\user\source\repos\STM32\Loadcell_hx711\Core\Inc\stm32f4xx_it.h
2025-03-05 12:13:01,257 [INFO] CodeEngine:255 - oldGeneratedFile, C:\Users\user\source\repos\STM32\Loadcell_hx711\Core\Src\stm32f4xx_hal_msp.c_save
2025-03-05 12:13:01,319 [INFO] CodeEngine:279 - Generated code: C:\Users\user\source\repos\STM32\Loadcell_hx711\Core\Src\stm32f4xx_hal_msp.c
2025-03-05 12:13:01,322 [INFO] CodeEngine:255 - oldGeneratedFile, C:\Users\user\source\repos\STM32\Loadcell_hx711\MXTmpFiles\system.tmp_save
2025-03-05 12:13:01,358 [INFO] CodeEngine:279 - Generated code: C:\Users\user\source\repos\STM32\Loadcell_hx711\MXTmpFiles\system.tmp
2025-03-05 12:13:01,368 [INFO] CodeEngine:311 - oldGeneratedFile, C:\Users\user\source\repos\STM32\Loadcell_hx711\Core\Inc\stm32f4xx_hal_conf.h_save
2025-03-05 12:13:01,410 [INFO] CodeEngine:335 - Generated code: C:\Users\user\source\repos\STM32\Loadcell_hx711\Core\Inc\stm32f4xx_hal_conf.h
2025-03-05 12:13:01,436 [INFO] CodeEngine:255 - oldGeneratedFile, C:\Users\user\source\repos\STM32\Loadcell_hx711\Core\Inc\main.h_save
2025-03-05 12:13:01,479 [INFO] CodeEngine:279 - Generated code: C:\Users\user\source\repos\STM32\Loadcell_hx711\Core\Inc\main.h
2025-03-05 12:13:01,484 [INFO] CodeEngine:255 - oldGeneratedFile, C:\Users\user\source\repos\STM32\Loadcell_hx711\Core\Src\main.c_save
2025-03-05 12:13:01,585 [INFO] CodeEngine:279 - Generated code: C:\Users\user\source\repos\STM32\Loadcell_hx711\Core\Src\main.c
2025-03-05 12:13:01,949 [INFO] ProjectBuilder:3076 - Time for Copy HAL[1] : 153mS.
2025-03-05 12:13:01,953 [INFO] ProjectBuilder:4485 - Project Generator version: 4.2.0-B44
2025-03-05 12:13:02,084 [INFO] ConfigFileManager:1495 - The Die is : DIE431
2025-03-05 12:13:02,089 [INFO] ApiDbMcu:508 - Load IP Config File for FATFS
2025-03-05 12:13:02,093 [INFO] ApiDbMcu:508 - Load IP Config File for FREERTOS
2025-03-05 12:13:02,095 [INFO] ApiDbMcu:508 - Load IP Config File for LIBJPEG
2025-03-05 12:13:02,099 [INFO] ApiDbMcu:508 - Load IP Config File for MBEDTLS
2025-03-05 12:13:02,106 [INFO] ApiDbMcu:508 - Load IP Config File for USB_DEVICE
2025-03-05 12:13:02,109 [INFO] ApiDbMcu:508 - Load IP Config File for USB_HOST
2025-03-05 12:13:02,525 [INFO] LogOutputStream:77 - [STDOUT_REDIRECT] 
2025-03-05 12:13:03,265 [INFO] ProjectBuilder:4747 - Time for Generating toolchain IDE Files: 1312mS.
2025-03-05 12:13:03,265 [INFO] ProjectBuilder:2947 - Time for Copy CMSIS : 0mS.
2025-03-05 12:13:03,269 [INFO] ProjectBuilder:2947 - Time for Copy CMSIS : 0mS.
2025-03-05 12:20:02,819 [INFO] MainUpdater:2873 - connection check result : 10
2025-03-05 12:20:02,915 [INFO] ApiDb:668 - CubeFinder database Data Model version=2.1
2025-03-05 12:20:02,915 [INFO] ApiDb:669 - CubeFinder database Configuration version=3.0.39
2025-03-05 12:20:02,915 [INFO] ApiDb:670 - CubeFinder database generation date=2025-02-18 (1739885696)
2025-03-05 12:20:02,915 [INFO] ApiDb:671 - CubeFinder database FW Pack versions=[FP-ATR-ASTRA1_V2.0.0, FP-SNS-FLIGHT1_V5.0.2, FP-SNS-MOTENV1_V5.0.0, FP-SNS-MOTENVWB1_V1.4.0, FP-SNS-SMARTAG2_V1.2.0, FP-SNS-STBOX1_V2.0.0, STM32Cube_FW_C0_V1.4.0, STM32Cube_FW_F4_V1.28.1, STM32Cube_FW_F7_V1.17.2, STM32Cube_FW_G0_V1.6.2, STM32Cube_FW_G4_V1.6.1, STM32Cube_FW_H5_V1.5.0, STM32Cube_FW_H7RS_V1.2.0, STM32Cube_FW_H7_V1.12.1, STM32Cube_FW_L0_V1.12.2, STM32Cube_FW_L4_V1.18.1, STM32Cube_FW_L5_V1.5.1, STM32Cube_FW_N6_V1.1.0, STM32Cube_FW_U0_V1.2.0, STM32Cube_FW_U3_V1.1.0, STM32Cube_FW_U5_V1.7.0, STM32Cube_FW_WB0_V1.2.0, STM32Cube_FW_WBA_V1.6.0, STM32Cube_FW_WB_V1.22.0, STM32Cube_FW_WL3_V1.1.0, STM32Cube_FW_WL_V1.3.1, X-CUBE-ALGOBUILD_V1.4.0, X-CUBE-ALS_V1.0.2, X-CUBE-AZRTOS-F4_V1.1.0, X-CUBE-AZRTOS-F7_V1.1.0, X-CUBE-AZRTOS-G0_V1.1.0, X-CUBE-AZRTOS-G4_V2.0.0, X-CUBE-AZRTOS-H7RS_V1.0.0, X-CUBE-AZRTOS-H7_V3.3.0, X-CUBE-AZRTOS-L4_V2.0.0, X-CUBE-AZRTOS-L5_V2.0.0, X-CUBE-AZRTOS-WB_V2.0.0, X-CUBE-AZRTOS-WL_V2.0.0, X-CUBE-BLE1_V7.0.0, X-CUBE-BLE2_V3.3.0, X-CUBE-BLEMGR_V4.0.0, X-CUBE-EEPRMA1_V5.1.0, X-CUBE-FREERTOS_V1.3.0, X-CUBE-GNSS1_V6.0.0, X-CUBE-MEMS1_V11.1.0, X-CUBE-NFC4_V3.0.0, X-CUBE-NFC7_V1.0.1, X-CUBE-SFXS2LP1_V4.0.0, X-CUBE-SUBG2_V5.0.0, X-CUBE-TOF1_V3.4.2]
2025-03-05 12:20:02,946 [INFO] DbBoardsSqlite:226 - include board P-NUCLEO-WB55-NUCLEO as a kit item of type 'Nucleo-64'
2025-03-05 12:20:02,946 [INFO] DbBoardsSqlite:226 - include board P-NUCLEO-WB55-USBDONGLE as a kit item of type 'Nucleo USB Dongle'
2025-03-05 12:20:02,946 [INFO] DbBoardsSqlite:226 - include board STEVAL-IDP005V1 as a kit item of type 'Evaluation Board'
2025-03-05 12:20:02,946 [INFO] DbBoardsSqlite:226 - include board STEVAL-IDP005V2 as a kit item of type 'Evaluation Board'
2025-03-05 12:20:02,977 [INFO] ApiDb:240 - Found 371 in-development CPN: [B-G473E-ZEST1S, B-WB1M-WPAN1, B-WL5M-SUBG1, NUCLEO-C031C6, NUCLEO-H503RB, NUCLEO-H563ZI, NUCLEO-U545RE-Q, NUCLEO-U5A5ZJ-Q, NUCLEO-WBA52CG, NUCLEO-WBA55CG, STEVAL-MKBOXPRO, STEVAL-PROTEUS1, STEVAL-STWINBX1, STM320518-EVAL, STM32C0116-DK, STM32C011D6Y3TR, STM32C011D6Y6TR, STM32C011F4P3, STM32C011F4P6, STM32C011F4U3, STM32C011F4U6TR, STM32C011F6P3, STM32C011F6P6, STM32C011F6U3, STM32C011F6U6TR, STM32C011J4M3, STM32C011J4M6, STM32C011J6M3, STM32C011J6M6, STM32C0316-DK, STM32C031C4T3, STM32C031C4T6, STM32C031C4U3, STM32C031C4U6, STM32C031C6T3, STM32C031C6T6, STM32C031C6U3, STM32C031C6U6, STM32C031F4P3, STM32C031F4P6, STM32C031F6P3, STM32C031F6P6, STM32C031G4U3, STM32C031G4U6, STM32C031G6U3, STM32C031G6U6, STM32C031K4T3, STM32C031K4T6, STM32C031K4U3, STM32C031K4U6, STM32C031K6T3, STM32C031K6T6, STM32C031K6U3, STM32C031K6U6, STM32G071K8TXN, STM32G071K8UXN, STM32G081GBU6N, STM32G081KBT6N, STM32G081KBUXN, STM32G0B1CCT6N, STM32G0B1KCT6, STM32G0B1NEY6TR, STM32G0B1RCT6N, STM32G0C1CCT6, STM32G0C1CCT6N, STM32G0C1CCU6N, STM32G0C1CET6N, STM32G0C1CEU6N, STM32G0C1KCT6, STM32G0C1NEY6TR, STM32G0C1RCI6N, STM32G0C1RCT6N, STM32G0C1REI6N, STM32G0C1RET6N, STM32G0C1VCI6, STM32G0C1VEI6, STM32G471CCT6, STM32G471CCU6, STM32G471CET3, STM32G471CET6, STM32G471CEU3, STM32G471CEU6, STM32G471MCT6, STM32G471MET3, STM32G471MET6, STM32G471MEY6TR, STM32G471QCT6, STM32G471QET3, STM32G471RCT6, STM32G471RET3, STM32G471RET6, STM32G471VCH6, STM32G471VCI6, STM32G471VCT6, STM32G471VEH3, STM32G471VEH6, STM32G471VEI3, STM32G471VEI6, STM32G471VET3, STM32G471VET6, STM32G474CCT6, STM32H503CBT6, STM32H503CBU6, STM32H503EBY6TR, STM32H503KBU6, STM32H503RBT6, STM32H562AGI6, STM32H562AII6, STM32H562IGK6, STM32H562IGT6, STM32H562IIK6, STM32H562IIT6, STM32H562RGT6, STM32H562RGV6, STM32H562RIT6, STM32H562RIV6, STM32H562VGT6, STM32H562VIT6, STM32H562ZGT6, STM32H562ZIT6, STM32H563AGI6, STM32H563AII3Q, STM32H563AII6, STM32H563IGK6, STM32H563IGT6, STM32H563IIK3Q, STM32H563IIK6, STM32H563IIT3Q, STM32H563IIT6, STM32H563MIY3QTR, STM32H563RGT6, STM32H563RGV6, STM32H563RIT6, STM32H563RIV6, STM32H563VGT6, STM32H563VIT3Q, STM32H563VIT6, STM32H563ZGT6, STM32H563ZIT3Q, STM32H563ZIT6, STM32H573AII3Q, STM32H573AII6, STM32H573I-DK, STM32H573IIK3Q, STM32H573IIK6, STM32H573IIT3Q, STM32H573IIT6, STM32H573MIY3QTR, STM32H573RIT6, STM32H573RIV6, STM32H573VIT3Q, STM32H573VIT6, STM32H573ZIT3Q, STM32H573ZIT6, STM32L4R5QGI6STR, STM32MP131AAE3, STM32MP131AAF3, STM32MP131AAG3, STM32MP131CAE3, STM32MP131CAF3, STM32MP131CAG3, STM32MP131DAE7, STM32MP131DAF7, STM32MP131DAG7, STM32MP131FAE7, STM32MP131FAF7, STM32MP131FAG7, STM32MP133AAE3, STM32MP133AAF3, STM32MP133AAG3, STM32MP133CAE3, STM32MP133CAF3, STM32MP133CAG3, STM32MP133DAE7, STM32MP133DAF7, STM32MP133DAG7, STM32MP133FAE7, STM32MP133FAF7, STM32MP133FAG7, STM32MP135AAE3, STM32MP135AAF3, STM32MP135AAG3, STM32MP135CAE3, STM32MP135CAF3, STM32MP135CAG3, STM32MP135DAE7, STM32MP135DAF7, STM32MP135DAG7, STM32MP135F-DK, STM32MP135FAE7, STM32MP135FAF7, STM32MP135FAF7T, STM32MP135FAF7U, STM32MP135FAG7, STM32U535CBT6, STM32U535CBT6Q, STM32U535CBU6, STM32U535CBU6Q, STM32U535CCT6, STM32U535CCT6Q, STM32U535CCU6, STM32U535CCU6Q, STM32U535CET6, STM32U535CET6Q, STM32U535CEU6, STM32U535CEU6Q, STM32U535JEY6QTR, STM32U535NCY6QTR, STM32U535NEY6QTR, STM32U535RBI6, STM32U535RBI6Q, STM32U535RBT6, STM32U535RBT6Q, STM32U535RCI6, STM32U535RCI6Q, STM32U535RCT6, STM32U535RCT6Q, STM32U535REI6, STM32U535REI6Q, STM32U535RET6, STM32U535RET6Q, STM32U535VCI6, STM32U535VCI6Q, STM32U535VCT6, STM32U535VCT6Q, STM32U535VEI6, STM32U535VEI6Q, STM32U535VET6, STM32U535VET6Q, STM32U545CET6, STM32U545CET6Q, STM32U545CEU6, STM32U545CEU6Q, STM32U545JEY6QTR, STM32U545NEY6QTR, STM32U545REI6, STM32U545REI6Q, STM32U545RET6, STM32U545RET6Q, STM32U545VEI6, STM32U545VEI6Q, STM32U545VET6, STM32U545VET6Q, STM32U595AIH6, STM32U595AIH6Q, STM32U595AJH6, STM32U595AJH6Q, STM32U595QII6, STM32U595QII6Q, STM32U595QJI6, STM32U595QJI6Q, STM32U595RIT6, STM32U595RIT6Q, STM32U595RJT6, STM32U595RJT6Q, STM32U595VIT6, STM32U595VIT6Q, STM32U595VJT6, STM32U595VJT6Q, STM32U595ZIT6, STM32U595ZIT6Q, STM32U595ZIY6QTR, STM32U595ZJT6, STM32U595ZJT6Q, STM32U595ZJY6QTR, STM32U599BJY6QTR, STM32U599NIH6Q, STM32U599NJH6Q, STM32U599VIT6Q, STM32U599VJT6, STM32U599VJT6Q, STM32U599ZIT6Q, STM32U599ZIY6QTR, STM32U599ZJT6Q, STM32U599ZJY6QTR, STM32U5A5AJH6, STM32U5A5AJH6Q, STM32U5A5QJI6, STM32U5A5QJI6Q, STM32U5A5RJT6, STM32U5A5RJT6Q, STM32U5A5VJT6, STM32U5A5VJT6Q, STM32U5A5ZJT6, STM32U5A5ZJT6Q, STM32U5A5ZJY6QTR, STM32U5A9BJY6QTR, STM32U5A9J-DK, STM32U5A9NJH6Q, STM32U5A9VJT6Q, STM32U5A9ZJT6Q, STM32U5A9ZJY6QTR, STM32U5F7VIT6, STM32U5F7VIT6Q, STM32U5F7VJT6, STM32U5F7VJT6Q, STM32U5F9BJY6QTR, STM32U5F9NJH6Q, STM32U5F9VIT6Q, STM32U5F9VJT6Q, STM32U5F9ZIJ6QTR, STM32U5F9ZIT6Q, STM32U5F9ZJJ6QTR, STM32U5F9ZJT6Q, STM32U5G7VJT6, STM32U5G7VJT6Q, STM32U5G9BJY6QTR, STM32U5G9J-DK1, STM32U5G9J-DK2, STM32U5G9NJH6Q, STM32U5G9VJT6Q, STM32U5G9ZJJ6QTR, STM32U5G9ZJT6Q, STM32WB1MMCH6, STM32WBA50KEU6, STM32WBA50KEU6TR, STM32WBA50KGU6, STM32WBA50KGU6TR, STM32WBA52CEU6, STM32WBA52CEU6TR, STM32WBA52CEU7, STM32WBA52CEU7TR, STM32WBA52CGU6, STM32WBA52CGU6TR, STM32WBA52CGU6U, STM32WBA52CGU7, STM32WBA52CGU7TR, STM32WBA52KEU6, STM32WBA52KEU6TR, STM32WBA52KGU6, STM32WBA52KGU6TR, STM32WBA54CEU6, STM32WBA54CEU6TR, STM32WBA54CEU7, STM32WBA54CEU7TR, STM32WBA54CGU6, STM32WBA54CGU6TR, STM32WBA54CGU7, STM32WBA54CGU7TR, STM32WBA54KEU6, STM32WBA54KEU6TR, STM32WBA54KEU7, STM32WBA54KEU7TR, STM32WBA54KGU6, STM32WBA54KGU6TR, STM32WBA54KGU7, STM32WBA54KGU7TR, STM32WBA55CEU6, STM32WBA55CEU6TR, STM32WBA55CEU7, STM32WBA55CEU7TR, STM32WBA55CGU6, STM32WBA55CGU6TR, STM32WBA55CGU6U, STM32WBA55CGU7, STM32WBA55CGU7TR, STM32WBA55G-DK1, STM32WBA55HEF6, STM32WBA55HEF7, STM32WBA55HGF6, STM32WBA55HGF7, STM32WBA55UEI6, STM32WBA55UEI6TR, STM32WBA55UEI7, STM32WBA55UEI7TR, STM32WBA55UGI6, STM32WBA55UGI6TR, STM32WBA55UGI7, STM32WBA55UGI7TR, STM32WL5MOCH6, STM32WL5MOCH6TR]
2025-03-05 12:20:02,993 [INFO] BoardInfo:889 - No configuration file found for board NUCLEO-C071RB
2025-03-05 12:20:02,993 [INFO] DbBoards:161 - Board is not supported: NUCLEO-C071RB
2025-03-05 12:20:03,024 [INFO] BoardInfo:889 - No configuration file found for board NUCLEO-H533RE
2025-03-05 12:20:03,024 [INFO] DbBoards:161 - Board is not supported: NUCLEO-H533RE
2025-03-05 12:20:03,024 [INFO] BoardInfo:889 - No configuration file found for board NUCLEO-H7S3L8
2025-03-05 12:20:03,024 [INFO] DbBoards:161 - Board is not supported: NUCLEO-H7S3L8
2025-03-05 12:20:03,043 [INFO] BoardInfo:889 - No configuration file found for board NUCLEO-N657X0-Q
2025-03-05 12:20:03,043 [INFO] DbBoards:161 - Board is not supported: NUCLEO-N657X0-Q
2025-03-05 12:20:03,043 [INFO] BoardInfo:889 - No configuration file found for board NUCLEO-U031R8
2025-03-05 12:20:03,043 [INFO] DbBoards:161 - Board is not supported: NUCLEO-U031R8
2025-03-05 12:20:03,043 [INFO] BoardInfo:889 - No configuration file found for board NUCLEO-U083RC
2025-03-05 12:20:03,043 [INFO] DbBoards:161 - Board is not supported: NUCLEO-U083RC
2025-03-05 12:20:03,043 [INFO] BoardInfo:889 - No configuration file found for board NUCLEO-WB05KZ
2025-03-05 12:20:03,043 [INFO] DbBoards:161 - Board is not supported: NUCLEO-WB05KZ
2025-03-05 12:20:03,043 [INFO] BoardInfo:889 - No configuration file found for board NUCLEO-WB07CC
2025-03-05 12:20:03,043 [INFO] DbBoards:161 - Board is not supported: NUCLEO-WB07CC
2025-03-05 12:20:03,056 [INFO] BoardInfo:889 - No configuration file found for board NUCLEO-WB09KE
2025-03-05 12:20:03,056 [INFO] DbBoards:161 - Board is not supported: NUCLEO-WB09KE
2025-03-05 12:20:03,056 [INFO] BoardInfo:889 - No configuration file found for board NUCLEO-WL33CC1
2025-03-05 12:20:03,056 [INFO] DbBoards:161 - Board is not supported: NUCLEO-WL33CC1
2025-03-05 12:20:03,056 [INFO] BoardInfo:889 - No configuration file found for board NUCLEO-WL33CC2
2025-03-05 12:20:03,056 [INFO] DbBoards:161 - Board is not supported: NUCLEO-WL33CC2
2025-03-05 12:20:03,056 [INFO] BoardInfo:889 - No configuration file found for board P-NUCLEO-WB55
2025-03-05 12:20:03,056 [INFO] DbBoards:161 - Kit is not supported: P-NUCLEO-WB55
2025-03-05 12:20:03,056 [INFO] BoardInfo:889 - No configuration file found for board STEVAL-BFA001V1B
2025-03-05 12:20:03,056 [INFO] DbBoards:161 - Kit is not supported: STEVAL-BFA001V1B
2025-03-05 12:20:03,056 [INFO] BoardInfo:889 - No configuration file found for board STEVAL-BFA001V2B
2025-03-05 12:20:03,056 [INFO] DbBoards:161 - Kit is not supported: STEVAL-BFA001V2B
2025-03-05 12:20:03,103 [INFO] BoardInfo:889 - No configuration file found for board STM32H7S78-DK
2025-03-05 12:20:03,103 [INFO] DbBoards:161 - Board is not supported: STM32H7S78-DK
2025-03-05 12:20:03,118 [INFO] BoardInfo:889 - No configuration file found for board STM32MP257F-DK
2025-03-05 12:20:03,118 [INFO] DbBoards:161 - Board is not supported: STM32MP257F-DK
2025-03-05 12:20:03,118 [INFO] BoardInfo:889 - No configuration file found for board STM32MP257F-EV1
2025-03-05 12:20:03,118 [INFO] DbBoards:161 - Board is not supported: STM32MP257F-EV1
2025-03-05 12:20:03,118 [INFO] BoardInfo:889 - No configuration file found for board STM32N6570-DK
2025-03-05 12:20:03,118 [INFO] DbBoards:161 - Board is not supported: STM32N6570-DK
2025-03-05 12:20:03,118 [INFO] BoardInfo:889 - No configuration file found for board STM32U083C-DK
2025-03-05 12:20:03,118 [INFO] DbBoards:161 - Board is not supported: STM32U083C-DK
2025-03-05 12:20:03,118 [INFO] DbBoards:168 - Found 205 boards, 186 are supported
2025-03-05 12:20:03,118 [INFO] DbBoards:169 - Found 205 boards, 3 of them is supported for  Bsp
2025-03-05 12:20:03,118 [INFO] ApiDb:423 - Load user favorites file C:\Users\user/.stm32cubeide/favorites.boards.txt: 1 item(s)
2025-03-05 12:20:03,118 [INFO] ApiDb:427 - User favorites Boards=[NUCLEO-F411RE]
2025-03-05 12:20:03,118 [INFO] DbBoards:198 - Set 1 / 1 favorites Boards
2025-03-05 12:20:03,118 [INFO] McuFinderGlobals:76 - Set McuFinderConnectedMode to true
2025-03-05 12:20:03,134 [INFO] MultiScanPanel:200 - Auto-refresh data requested => check proxy status ongoing
2025-03-05 12:20:03,134 [INFO] FinderPluginLoader:95 - Searching for filters in installed packs
2025-03-05 12:20:03,759 [INFO] LoadUrlFilesThread:185 - End of LoadServerUrlFiles without Thread
2025-03-05 12:20:03,763 [INFO] DetailPanel:341 - Set advertising image to C:/Users/user/STM32Cube/Repository/\en.prom-stm32n6-mcu-finder.png
2025-03-05 12:20:07,211 [INFO] McuFinderGlobals:76 - Set McuFinderConnectedMode to true
2025-03-05 12:20:07,459 [INFO] ApiDb:448 - Save user favorites file C:\Users\user/.stm32cubeide/favorites.mcus.txt: 0 item(s)
2025-03-05 12:20:07,459 [INFO] ApiDb:452 - User favorites MCUs=[]
2025-03-05 12:20:49,169 [ERROR] LogOutputStream:75 - [STDERR_REDIRECT] Managed Build system manifest file error: Option com.atollic.truestudio.general.runtimelib.1648136682 uses a null category that is invalid in its context. The option was ignored.
2025-03-05 12:20:49,171 [ERROR] LogOutputStream:75 - [STDERR_REDIRECT] Managed Build system manifest file error: Option com.atollic.truestudio.toolchain_options.mcu.1638165727 uses a null category that is invalid in its context. The option was ignored.
2025-03-05 12:20:49,172 [ERROR] LogOutputStream:75 - [STDERR_REDIRECT] Managed Build system manifest file error: Option com.atollic.truestudio.toolchain_options.vendor.2102207071 uses a null category that is invalid in its context. The option was ignored.
2025-03-05 12:20:49,191 [ERROR] LogOutputStream:75 - [STDERR_REDIRECT] Managed Build system manifest file error: Option com.atollic.truestudio.general.runtimelib.264948838 uses a null category that is invalid in its context. The option was ignored.
2025-03-05 12:20:49,192 [ERROR] LogOutputStream:75 - [STDERR_REDIRECT] Managed Build system manifest file error: Option com.atollic.truestudio.toolchain_options.mcu.626987688 uses a null category that is invalid in its context. The option was ignored.
2025-03-05 12:20:49,194 [ERROR] LogOutputStream:75 - [STDERR_REDIRECT] Managed Build system manifest file error: Option com.atollic.truestudio.toolchain_options.vendor.2076690361 uses a null category that is invalid in its context. The option was ignored.
2025-03-05 12:20:49,242 [ERROR] LogOutputStream:75 - [STDERR_REDIRECT] Managed Build system manifest file error: Option com.atollic.truestudio.general.runtimelib.1648136682 uses a null category that is invalid in its context. The option was ignored.
2025-03-05 12:20:49,243 [ERROR] LogOutputStream:75 - [STDERR_REDIRECT] Managed Build system manifest file error: Option com.atollic.truestudio.toolchain_options.mcu.1638165727 uses a null category that is invalid in its context. The option was ignored.
2025-03-05 12:20:49,245 [ERROR] LogOutputStream:75 - [STDERR_REDIRECT] Managed Build system manifest file error: Option com.atollic.truestudio.toolchain_options.vendor.2102207071 uses a null category that is invalid in its context. The option was ignored.
2025-03-05 12:20:49,259 [ERROR] LogOutputStream:75 - [STDERR_REDIRECT] Managed Build system manifest file error: Option com.atollic.truestudio.general.runtimelib.264948838 uses a null category that is invalid in its context. The option was ignored.
2025-03-05 12:20:49,260 [ERROR] LogOutputStream:75 - [STDERR_REDIRECT] Managed Build system manifest file error: Option com.atollic.truestudio.toolchain_options.mcu.626987688 uses a null category that is invalid in its context. The option was ignored.
2025-03-05 12:20:49,262 [ERROR] LogOutputStream:75 - [STDERR_REDIRECT] Managed Build system manifest file error: Option com.atollic.truestudio.toolchain_options.vendor.2076690361 uses a null category that is invalid in its context. The option was ignored.
2025-03-05 12:35:33,591 [INFO] UtilMem:75 - End SaveConfig() Used Memory: 740169696 Bytes (1073741824)
2025-03-05 12:35:34,328 [INFO] UtilMem:75 - End SaveConfig() Used Memory: 773197792 Bytes (1073741824)
2025-03-05 12:35:35,022 [INFO] UtilMem:75 - End SaveConfig() Used Memory: 807800800 Bytes (1073741824)
2025-03-05 12:35:35,110 [INFO] BlockDiagram:2759 - set Specific Code input for plugin: NVIC
2025-03-05 12:35:35,110 [INFO] BlockDiagram:2759 - set Specific Code input for plugin: USART
2025-03-05 12:35:35,110 [INFO] BlockDiagram:2759 - set Specific Code input for plugin: SYS
2025-03-05 12:35:35,110 [INFO] BlockDiagram:2759 - set Specific Code input for plugin: GPIO
2025-03-05 12:35:35,110 [INFO] BlockDiagram:2759 - set Specific Code input for plugin: RCC
2025-03-05 12:35:35,110 [INFO] CodeGenerator:807 - code generatio: config db path: C:\ST\STM32CubeIDE_1.14.1\STM32CubeIDE\plugins\com.st.stm32cube.common.mx_6.10.0.202311202037\\db\
2025-03-05 12:35:35,173 [INFO] CodeEngine:255 - oldGeneratedFile, C:\Users\user\source\repos\STM32\Loadcell_hx711\MXTmpFiles\license.tmp_save
2025-03-05 12:35:35,241 [INFO] CodeEngine:279 - Generated code: C:\Users\user\source\repos\STM32\Loadcell_hx711\MXTmpFiles\license.tmp
2025-03-05 12:35:35,254 [INFO] CodeEngine:255 - oldGeneratedFile, C:\Users\user\source\repos\STM32\Loadcell_hx711\MXTmpFiles\gpio.tmp_save
2025-03-05 12:35:35,310 [INFO] CodeEngine:279 - Generated code: C:\Users\user\source\repos\STM32\Loadcell_hx711\MXTmpFiles\gpio.tmp
2025-03-05 12:35:35,340 [INFO] CodeEngine:255 - oldGeneratedFile, C:\Users\user\source\repos\STM32\Loadcell_hx711\Core\Src\stm32f4xx_it.c_save
2025-03-05 12:35:35,465 [INFO] CodeEngine:279 - Generated code: C:\Users\user\source\repos\STM32\Loadcell_hx711\Core\Src\stm32f4xx_it.c
2025-03-05 12:35:35,472 [INFO] CodeEngine:255 - oldGeneratedFile, C:\Users\user\source\repos\STM32\Loadcell_hx711\Core\Inc\stm32f4xx_it.h_save
2025-03-05 12:35:35,517 [INFO] CodeEngine:279 - Generated code: C:\Users\user\source\repos\STM32\Loadcell_hx711\Core\Inc\stm32f4xx_it.h
2025-03-05 12:35:35,528 [INFO] CodeEngine:255 - oldGeneratedFile, C:\Users\user\source\repos\STM32\Loadcell_hx711\Core\Src\stm32f4xx_hal_msp.c_save
2025-03-05 12:35:35,607 [INFO] CodeEngine:279 - Generated code: C:\Users\user\source\repos\STM32\Loadcell_hx711\Core\Src\stm32f4xx_hal_msp.c
2025-03-05 12:35:35,611 [INFO] CodeEngine:255 - oldGeneratedFile, C:\Users\user\source\repos\STM32\Loadcell_hx711\MXTmpFiles\system.tmp_save
2025-03-05 12:35:35,645 [INFO] CodeEngine:279 - Generated code: C:\Users\user\source\repos\STM32\Loadcell_hx711\MXTmpFiles\system.tmp
2025-03-05 12:35:35,654 [INFO] CodeEngine:311 - oldGeneratedFile, C:\Users\user\source\repos\STM32\Loadcell_hx711\Core\Inc\stm32f4xx_hal_conf.h_save
2025-03-05 12:35:35,696 [INFO] CodeEngine:335 - Generated code: C:\Users\user\source\repos\STM32\Loadcell_hx711\Core\Inc\stm32f4xx_hal_conf.h
2025-03-05 12:35:35,720 [INFO] CodeEngine:255 - oldGeneratedFile, C:\Users\user\source\repos\STM32\Loadcell_hx711\Core\Inc\main.h_save
2025-03-05 12:35:35,773 [INFO] CodeEngine:279 - Generated code: C:\Users\user\source\repos\STM32\Loadcell_hx711\Core\Inc\main.h
2025-03-05 12:35:35,779 [INFO] CodeEngine:255 - oldGeneratedFile, C:\Users\user\source\repos\STM32\Loadcell_hx711\Core\Src\main.c_save
2025-03-05 12:35:35,844 [INFO] CodeEngine:279 - Generated code: C:\Users\user\source\repos\STM32\Loadcell_hx711\Core\Src\main.c
2025-03-05 12:35:36,166 [INFO] ProjectBuilder:3076 - Time for Copy HAL[1] : 141mS.
2025-03-05 12:35:36,169 [INFO] ProjectBuilder:4485 - Project Generator version: 4.2.0-B44
2025-03-05 12:35:36,288 [INFO] ConfigFileManager:1495 - The Die is : DIE431
2025-03-05 12:35:36,985 [INFO] ProjectBuilder:4747 - Time for Generating toolchain IDE Files: 816mS.
2025-03-05 12:35:36,986 [INFO] ProjectBuilder:2947 - Time for Copy CMSIS : 1mS.
2025-03-05 12:35:36,991 [INFO] ProjectBuilder:2947 - Time for Copy CMSIS : 0mS.
2025-03-05 12:35:43,041 [ERROR] ConfigurationRetriever:142 - IOException on connection: Read timed out
2025-03-05 20:07:53,944 [ERROR] LogOutputStream:75 - [STDERR_REDIRECT] 
