2025-03-18 09:48:19,771 [INFO] Activator:176 - 


2025-03-18 09:48:19,774 [INFO] Activator:177 - !SESSION log4j initialized
2025-03-18 09:48:23,846 [INFO] LogOutputStream:77 - [STDOUT_REDIRECT] 
2025-03-18 09:48:26,727 [INFO] ApplicationProperties:184 - Using Application install path: C:\ST\STM32CubeIDE_1.14.1\STM32CubeIDE\plugins\com.st.stm32cube.common.mx_6.14.0.202502271554
2025-03-18 09:48:26,739 [INFO] DbMcusXml:78 - Set database path to: C:\ST\STM32CubeIDE_1.14.1\STM32CubeIDE\plugins\com.st.stm32cube.common.mx_6.14.0.202502271554\\db\/mcu/
2025-03-18 09:48:26,739 [INFO] ApiDb:274 - Set plugin database path to: C:\ST\STM32CubeIDE_1.14.1\STM32CubeIDE\plugins\com.st.stm32cube.common.mx_6.14.0.202502271554\\db\/plugins/boardmanager/
2025-03-18 09:48:26,740 [WARN] ApiDb:259 - Overriding images path with different value:  => C:\ST\STM32CubeIDE_1.14.1\STM32CubeIDE\plugins\com.st.stm32cube.common.mx_6.14.0.202502271554\\db\/plugins/mcufinder/images/
2025-03-18 09:48:26,746 [INFO] ApiDb:250 - Set database path to: C:\Users\user\.stmcufinder\plugins\mcufinder//mcu/
2025-03-18 09:48:26,746 [INFO] DbMcusAds:125 - Set database path to: C:\Users\user\.stmcufinder\plugins\mcufinder//mcu/
2025-03-18 09:48:26,748 [INFO] CrossReferenceDbSqlite:203 - Set database path to: C:\Users\user\.stmcufinder\plugins\mcufinder//mcu/cs/
2025-03-18 09:48:26,817 [INFO] RulesReader:64 - Compatibility file has been processed (301 Rules)
2025-03-18 09:48:26,870 [INFO] DbMcusXml:78 - Set database path to: C:\ST\STM32CubeIDE_1.14.1\STM32CubeIDE\plugins\com.st.stm32cube.common.mx_6.14.0.202502271554\\db\/mcu/
2025-03-18 09:48:26,871 [INFO] ApiDb:274 - Set plugin database path to: C:\ST\STM32CubeIDE_1.14.1\STM32CubeIDE\plugins\com.st.stm32cube.common.mx_6.14.0.202502271554\\db\/plugins/boardmanager/
2025-03-18 09:48:26,871 [INFO] ApiDb:261 - Set plugin images path to: C:\ST\STM32CubeIDE_1.14.1\STM32CubeIDE\plugins\com.st.stm32cube.common.mx_6.14.0.202502271554\\db\/plugins/mcufinder/images/
2025-03-18 09:48:26,871 [WARN] DbFile:41 - Overriding database path with different value: C:\Users\user\.stmcufinder\plugins\mcufinder/ => C:\Users\user\.stmcufinder\plugins\mcufinder
2025-03-18 09:48:26,871 [INFO] ApiDb:250 - Set database path to: C:\Users\user\.stmcufinder\plugins\mcufinder//mcu/
2025-03-18 09:48:26,871 [WARN] DbFile:41 - Overriding database path with different value: C:\Users\user\.stmcufinder\plugins\mcufinder/ => C:\Users\user\.stmcufinder\plugins\mcufinder
2025-03-18 09:48:26,871 [INFO] DbMcusAds:125 - Set database path to: C:\Users\user\.stmcufinder\plugins\mcufinder//mcu/
2025-03-18 09:48:26,871 [WARN] DbFile:41 - Overriding database path with different value: C:\Users\user\.stmcufinder\plugins\mcufinder/ => C:\Users\user\.stmcufinder\plugins\mcufinder
2025-03-18 09:48:26,871 [WARN] DbFile:41 - Overriding database path with different value: C:\Users\user\.stmcufinder\plugins\mcufinder/ => C:\Users\user\.stmcufinder\plugins\mcufinder
2025-03-18 09:48:26,871 [INFO] CrossReferenceDbSqlite:203 - Set database path to: C:\Users\user\.stmcufinder\plugins\mcufinder//mcu/cs/
2025-03-18 09:48:26,917 [INFO] MainPanel:272 - HeapMemory: 268435456
2025-03-18 09:48:26,979 [INFO] DbMcusXml:78 - Set database path to: C:\ST\STM32CubeIDE_1.14.1\STM32CubeIDE\plugins\com.st.stm32cube.common.mx_6.14.0.202502271554\\db\/mcu/
2025-03-18 09:48:26,979 [INFO] ApiDb:274 - Set plugin database path to: C:\ST\STM32CubeIDE_1.14.1\STM32CubeIDE\plugins\com.st.stm32cube.common.mx_6.14.0.202502271554\\db\/plugins/boardmanager/
2025-03-18 09:48:26,979 [INFO] ApiDb:261 - Set plugin images path to: C:\ST\STM32CubeIDE_1.14.1\STM32CubeIDE\plugins\com.st.stm32cube.common.mx_6.14.0.202502271554\\db\/plugins/mcufinder/images/
2025-03-18 09:48:26,979 [WARN] DbFile:41 - Overriding database path with different value: C:\Users\user\.stmcufinder\plugins\mcufinder/ => C:\Users\user\.stmcufinder\plugins\mcufinder
2025-03-18 09:48:26,979 [INFO] ApiDb:250 - Set database path to: C:\Users\user\.stmcufinder\plugins\mcufinder//mcu/
2025-03-18 09:48:26,979 [WARN] DbFile:41 - Overriding database path with different value: C:\Users\user\.stmcufinder\plugins\mcufinder/ => C:\Users\user\.stmcufinder\plugins\mcufinder
2025-03-18 09:48:26,979 [INFO] DbMcusAds:125 - Set database path to: C:\Users\user\.stmcufinder\plugins\mcufinder//mcu/
2025-03-18 09:48:26,979 [WARN] DbFile:41 - Overriding database path with different value: C:\Users\user\.stmcufinder\plugins\mcufinder/ => C:\Users\user\.stmcufinder\plugins\mcufinder
2025-03-18 09:48:26,979 [WARN] DbFile:41 - Overriding database path with different value: C:\Users\user\.stmcufinder\plugins\mcufinder/ => C:\Users\user\.stmcufinder\plugins\mcufinder
2025-03-18 09:48:26,979 [INFO] CrossReferenceDbSqlite:203 - Set database path to: C:\Users\user\.stmcufinder\plugins\mcufinder//mcu/cs/
2025-03-18 09:48:26,990 [INFO] ApplicationProperties:184 - Using Application install path: C:\ST\STM32CubeIDE_1.14.1\STM32CubeIDE\plugins\com.st.stm32cube.common.mx_6.14.0.202502271554
2025-03-18 09:48:26,990 [INFO] PluginManage:196 - Search for loadable plugins [exclusion list=, ]
2025-03-18 09:48:26,991 [INFO] PluginManage:310 - Check plugin analytics
2025-03-18 09:48:27,104 [INFO] AnalyticsPlugin:253 - Accepted Software Licenses: 
2025-03-18 09:48:27,104 [INFO] AnalyticsPlugin:255 - Accepted CMSIS Pack Licenses: 
2025-03-18 09:48:27,104 [INFO] AnalyticsPlugin:257 - Accepted Firmware Licenses: FW.F4.1.28.0
2025-03-18 09:48:27,106 [INFO] PluginManage:359 - Loaded plugin analytics (category:tool,tabindex:-1)
2025-03-18 09:48:27,106 [INFO] PluginManage:310 - Check plugin cadmodel
2025-03-18 09:48:27,110 [INFO] CADModel:105 - Init CAD model plugin
2025-03-18 09:48:27,110 [INFO] PluginManage:359 - Loaded plugin cadmodel (category:power,tabindex:5)
2025-03-18 09:48:27,110 [INFO] PluginManage:310 - Check plugin clock
2025-03-18 09:48:27,117 [INFO] PluginManage:359 - Loaded plugin clock (category:base,tabindex:2)
2025-03-18 09:48:27,118 [INFO] PluginManage:310 - Check plugin ddr
2025-03-18 09:48:27,119 [INFO] PluginManage:359 - Loaded plugin ddr (category:tool,tabindex:6)
2025-03-18 09:48:27,120 [INFO] PluginManage:310 - Check plugin filemanager
2025-03-18 09:48:27,213 [INFO] PluginManage:359 - Loaded plugin filemanager (category:base,tabindex:10)
2025-03-18 09:48:27,213 [INFO] PluginManage:310 - Check plugin ipmanager
2025-03-18 09:48:27,217 [INFO] PluginManage:359 - Loaded plugin ipmanager (category:base,tabindex:5)
2025-03-18 09:48:27,217 [INFO] PluginManage:310 - Check plugin lpbam
2025-03-18 09:48:27,221 [INFO] PluginManage:359 - Loaded plugin lpbam (category:base,tabindex:0)
2025-03-18 09:48:27,222 [INFO] PluginManage:310 - Check plugin memorymap
2025-03-18 09:48:27,231 [INFO] PluginManage:359 - Loaded plugin memorymap (category:base,tabindex:4)
2025-03-18 09:48:27,231 [INFO] PluginManage:310 - Check plugin pinoutandconfiguration
2025-03-18 09:48:27,235 [INFO] PluginManage:359 - Loaded plugin pinoutandconfiguration (category:base,tabindex:1)
2025-03-18 09:48:27,235 [INFO] PluginManage:310 - Check plugin pinoutconfig
2025-03-18 09:48:27,287 [WARN] SupportedApi:132 - Cannot load RTOS API schema: s4s-elt-must-match.1: The content of 'definitions' must match (annotation?, (simpleType | complexType)?, (unique | key | keyref)*)). A problem was found starting at: attribute.
2025-03-18 09:48:27,359 [INFO] PluginManage:359 - Loaded plugin pinoutconfig (category:base,tabindex:0)
2025-03-18 09:48:27,359 [INFO] PluginManage:310 - Check plugin power
2025-03-18 09:48:27,364 [INFO] PluginManage:359 - Loaded plugin power (category:power,tabindex:4)
2025-03-18 09:48:27,364 [INFO] PluginManage:310 - Check plugin projectmanager
2025-03-18 09:48:27,373 [INFO] PluginManage:359 - Loaded plugin projectmanager (category:projectmanager,tabindex:4)
2025-03-18 09:48:27,374 [INFO] PluginManage:310 - Check plugin rif
2025-03-18 09:48:27,379 [INFO] PluginManage:359 - Loaded plugin rif (category:base,tabindex:3)
2025-03-18 09:48:27,379 [INFO] PluginManage:310 - Check plugin thirdparty
2025-03-18 09:48:27,466 [INFO] PluginManage:359 - Loaded plugin thirdparty (category:base,tabindex:-1)
2025-03-18 09:48:27,467 [INFO] PluginManage:310 - Check plugin tools
2025-03-18 09:48:27,466 [WARN] IntegrityCheckThread:84 - waiting for thirdparty lock release [integrity check]
2025-03-18 09:48:27,467 [INFO] IntegrityCheckThread:86 - entering critical section [integrity check]
2025-03-18 09:48:27,467 [INFO] ThirdPartyUpdaterWithRetryManager:70 - Updater plugin not ready yet. [1/15]
2025-03-18 09:48:27,469 [INFO] PluginManage:359 - Loaded plugin tools (category:base,tabindex:7)
2025-03-18 09:48:27,469 [INFO] PluginManage:310 - Check plugin tutovideos
2025-03-18 09:48:27,567 [INFO] PluginManage:359 - Loaded plugin tutovideos (category:base,tabindex:-1)
2025-03-18 09:48:27,567 [INFO] PluginManage:310 - Check plugin updater
2025-03-18 09:48:27,580 [INFO] PluginManage:359 - Loaded plugin updater (category:base,tabindex:12)
2025-03-18 09:48:27,581 [INFO] PluginManage:310 - Check plugin userauth
2025-03-18 09:48:27,583 [INFO] UserAuth:118 - Init User Auth plugin
2025-03-18 09:48:27,583 [INFO] PluginManage:359 - Loaded plugin userauth (category:base,tabindex:14)
2025-03-18 09:48:27,584 [INFO] PluginManage:283 - PluginManage : Loaded plugins [18]
2025-03-18 09:48:27,700 [INFO] PinOutPanel:1589 - setPackage(No Configuration,No Configuration)
2025-03-18 09:48:27,757 [INFO] CADModel:165 - CPN selected for project level
2025-03-18 09:48:27,757 [INFO] CADModel:114 - Register for checkConnection events
2025-03-18 09:48:27,768 [INFO] IPUIPlugin:80 - create IPUIPlugin
2025-03-18 09:48:27,768 [INFO] PluginManager:220 - loadIPPluginJar : add adc
2025-03-18 09:48:27,770 [INFO] IPUIPlugin:80 - create IPUIPlugin
2025-03-18 09:48:27,770 [INFO] PluginManager:220 - loadIPPluginJar : add aes
2025-03-18 09:48:27,772 [INFO] IPUIPlugin:80 - create IPUIPlugin
2025-03-18 09:48:27,772 [INFO] PluginManager:220 - loadIPPluginJar : add can
2025-03-18 09:48:27,774 [INFO] IPUIPlugin:80 - create IPUIPlugin
2025-03-18 09:48:27,774 [INFO] PluginManager:220 - loadIPPluginJar : add comp
2025-03-18 09:48:27,775 [INFO] IPUIPlugin:80 - create IPUIPlugin
2025-03-18 09:48:27,775 [INFO] PluginManager:220 - loadIPPluginJar : add cryp
2025-03-18 09:48:27,777 [INFO] IPUIPlugin:80 - create IPUIPlugin
2025-03-18 09:48:27,777 [INFO] PluginManager:220 - loadIPPluginJar : add ddr_ctrl_phy
2025-03-18 09:48:27,779 [INFO] IPUIPlugin:80 - create IPUIPlugin
2025-03-18 09:48:27,779 [INFO] PluginManager:220 - loadIPPluginJar : add dfsdm
2025-03-18 09:48:27,782 [INFO] IPUIPlugin:80 - create IPUIPlugin
2025-03-18 09:48:27,783 [INFO] PluginManager:220 - loadIPPluginJar : add dma
2025-03-18 09:48:27,784 [INFO] IPUIPlugin:80 - create IPUIPlugin
2025-03-18 09:48:27,784 [INFO] PluginManager:220 - loadIPPluginJar : add dma3
2025-03-18 09:48:27,786 [INFO] IPUIPlugin:80 - create IPUIPlugin
2025-03-18 09:48:27,786 [INFO] PluginManager:220 - loadIPPluginJar : add extmemmanager
2025-03-18 09:48:27,787 [INFO] IPUIPlugin:80 - create IPUIPlugin
2025-03-18 09:48:27,787 [INFO] PluginManager:220 - loadIPPluginJar : add fatfs
2025-03-18 09:48:27,790 [INFO] IPUIPlugin:80 - create IPUIPlugin
2025-03-18 09:48:27,790 [INFO] PluginManager:220 - loadIPPluginJar : add fmc
2025-03-18 09:48:27,793 [INFO] IPUIPlugin:80 - create IPUIPlugin
2025-03-18 09:48:27,793 [INFO] PluginManager:220 - loadIPPluginJar : add freertos
2025-03-18 09:48:27,794 [INFO] IPUIPlugin:80 - create IPUIPlugin
2025-03-18 09:48:27,794 [INFO] PluginManager:220 - loadIPPluginJar : add genericplugin
2025-03-18 09:48:27,796 [INFO] IPUIPlugin:80 - create IPUIPlugin
2025-03-18 09:48:27,796 [INFO] PluginManager:220 - loadIPPluginJar : add gfxmmu
2025-03-18 09:48:27,798 [INFO] IPUIPlugin:80 - create IPUIPlugin
2025-03-18 09:48:27,798 [INFO] PluginManager:220 - loadIPPluginJar : add gic
2025-03-18 09:48:27,800 [INFO] IPUIPlugin:80 - create IPUIPlugin
2025-03-18 09:48:27,801 [INFO] PluginManager:220 - loadIPPluginJar : add gpio
2025-03-18 09:48:27,802 [INFO] IPUIPlugin:80 - create IPUIPlugin
2025-03-18 09:48:27,802 [INFO] PluginManager:220 - loadIPPluginJar : add gtzc
2025-03-18 09:48:27,804 [INFO] IPUIPlugin:80 - create IPUIPlugin
2025-03-18 09:48:27,804 [INFO] PluginManager:220 - loadIPPluginJar : add hash
2025-03-18 09:48:27,805 [INFO] IPUIPlugin:80 - create IPUIPlugin
2025-03-18 09:48:27,805 [INFO] PluginManager:220 - loadIPPluginJar : add i2c
2025-03-18 09:48:27,807 [INFO] IPUIPlugin:80 - create IPUIPlugin
2025-03-18 09:48:27,807 [INFO] PluginManager:220 - loadIPPluginJar : add i2s
2025-03-18 09:48:27,809 [INFO] IPUIPlugin:80 - create IPUIPlugin
2025-03-18 09:48:27,809 [INFO] PluginManager:220 - loadIPPluginJar : add i3c
2025-03-18 09:48:27,811 [INFO] IPUIPlugin:80 - create IPUIPlugin
2025-03-18 09:48:27,811 [INFO] PluginManager:220 - loadIPPluginJar : add ipddr
2025-03-18 09:48:27,815 [INFO] IPUIPlugin:80 - create IPUIPlugin
2025-03-18 09:48:27,816 [INFO] PluginManager:220 - loadIPPluginJar : add linkedlist
2025-03-18 09:48:27,817 [INFO] IPUIPlugin:80 - create IPUIPlugin
2025-03-18 09:48:27,818 [INFO] PluginManager:220 - loadIPPluginJar : add lorawan
2025-03-18 09:48:27,819 [INFO] IPUIPlugin:80 - create IPUIPlugin
2025-03-18 09:48:27,819 [INFO] PluginManager:220 - loadIPPluginJar : add ltdc
2025-03-18 09:48:27,822 [INFO] IPUIPlugin:80 - create IPUIPlugin
2025-03-18 09:48:27,822 [INFO] PluginManager:220 - loadIPPluginJar : add mdma
2025-03-18 09:48:27,824 [INFO] IPUIPlugin:80 - create IPUIPlugin
2025-03-18 09:48:27,824 [INFO] PluginManager:220 - loadIPPluginJar : add nvic
2025-03-18 09:48:27,826 [INFO] IPUIPlugin:80 - create IPUIPlugin
2025-03-18 09:48:27,826 [INFO] PluginManager:220 - loadIPPluginJar : add opamp
2025-03-18 09:48:27,828 [INFO] IPUIPlugin:80 - create IPUIPlugin
2025-03-18 09:48:27,828 [INFO] PluginManager:220 - loadIPPluginJar : add openamp
2025-03-18 09:48:27,829 [INFO] IPUIPlugin:80 - create IPUIPlugin
2025-03-18 09:48:27,829 [INFO] PluginManager:220 - loadIPPluginJar : add pdm2pcm
2025-03-18 09:48:27,833 [INFO] IPUIPlugin:80 - create IPUIPlugin
2025-03-18 09:48:27,834 [INFO] PluginManager:220 - loadIPPluginJar : add plateformsettings
2025-03-18 09:48:27,835 [INFO] IPUIPlugin:80 - create IPUIPlugin
2025-03-18 09:48:27,835 [INFO] PluginManager:220 - loadIPPluginJar : add quadspi
2025-03-18 09:48:27,837 [INFO] IPUIPlugin:80 - create IPUIPlugin
2025-03-18 09:48:27,837 [INFO] PluginManager:220 - loadIPPluginJar : add radio
2025-03-18 09:48:27,839 [INFO] IPUIPlugin:80 - create IPUIPlugin
2025-03-18 09:48:27,839 [INFO] PluginManager:220 - loadIPPluginJar : add resmgrutility
2025-03-18 09:48:27,841 [INFO] IPUIPlugin:80 - create IPUIPlugin
2025-03-18 09:48:27,841 [INFO] PluginManager:220 - loadIPPluginJar : add sai
2025-03-18 09:48:27,843 [INFO] IPUIPlugin:80 - create IPUIPlugin
2025-03-18 09:48:27,843 [INFO] PluginManager:220 - loadIPPluginJar : add spi
2025-03-18 09:48:27,847 [INFO] IPUIPlugin:80 - create IPUIPlugin
2025-03-18 09:48:27,847 [INFO] PluginManager:220 - loadIPPluginJar : add stm32_wpan
2025-03-18 09:48:27,848 [INFO] IPUIPlugin:80 - create IPUIPlugin
2025-03-18 09:48:27,848 [INFO] PluginManager:220 - loadIPPluginJar : add tim
2025-03-18 09:48:27,851 [INFO] IPUIPlugin:80 - create IPUIPlugin
2025-03-18 09:48:27,851 [INFO] PluginManager:220 - loadIPPluginJar : add touchsensing
2025-03-18 09:48:27,853 [INFO] IPUIPlugin:80 - create IPUIPlugin
2025-03-18 09:48:27,853 [INFO] PluginManager:220 - loadIPPluginJar : add tracer_emb
2025-03-18 09:48:27,854 [INFO] IPUIPlugin:80 - create IPUIPlugin
2025-03-18 09:48:27,854 [INFO] PluginManager:220 - loadIPPluginJar : add ts
2025-03-18 09:48:27,855 [INFO] IPUIPlugin:80 - create IPUIPlugin
2025-03-18 09:48:27,855 [INFO] PluginManager:220 - loadIPPluginJar : add tsc
2025-03-18 09:48:27,857 [INFO] IPUIPlugin:80 - create IPUIPlugin
2025-03-18 09:48:27,857 [INFO] PluginManager:220 - loadIPPluginJar : add ucpd
2025-03-18 09:48:27,858 [INFO] IPUIPlugin:80 - create IPUIPlugin
2025-03-18 09:48:27,858 [INFO] PluginManager:220 - loadIPPluginJar : add usart
2025-03-18 09:48:27,860 [INFO] IPUIPlugin:80 - create IPUIPlugin
2025-03-18 09:48:27,860 [INFO] PluginManager:220 - loadIPPluginJar : add usbx
2025-03-18 09:48:27,964 [FATAL] Updater:351 - Updater called before beeing initialized
2025-03-18 09:48:27,987 [INFO] RulesReader:64 - Compatibility file has been processed (301 Rules)
2025-03-18 09:48:27,993 [INFO] RulesReader:64 - Compatibility file has been processed (301 Rules)
2025-03-18 09:48:28,005 [INFO] CADModel:165 - CPN selected for project level
2025-03-18 09:48:28,005 [INFO] CADModel:114 - Register for checkConnection events
2025-03-18 09:48:28,005 [FATAL] Updater:351 - Updater called before beeing initialized
2025-03-18 09:48:28,006 [ERROR] CADModel:125 - Updater not yet initialized, retry later 
2025-03-18 09:48:28,105 [FATAL] Updater:351 - Updater called before beeing initialized
2025-03-18 09:48:28,115 [INFO] CADModel:165 - CPN selected for project level
2025-03-18 09:48:28,115 [INFO] CADModel:114 - Register for checkConnection events
2025-03-18 09:48:28,116 [FATAL] Updater:351 - Updater called before beeing initialized
2025-03-18 09:48:28,116 [ERROR] CADModel:125 - Updater not yet initialized, retry later 
2025-03-18 09:48:28,118 [FATAL] Updater:351 - Updater called before beeing initialized
2025-03-18 09:48:28,183 [FATAL] Updater:351 - Updater called before beeing initialized
2025-03-18 09:48:28,186 [INFO] DbMcusAds:53 - JSON generation date=Thu Mar 06 23:54:21 KST 2025 (1741272861825)
2025-03-18 09:48:28,186 [FATAL] Updater:351 - Updater called before beeing initialized
2025-03-18 09:48:28,210 [WARN] DetailPanel:346 - Failed to get advertising image, set to default
2025-03-18 09:48:28,335 [FATAL] Updater:351 - Updater called before beeing initialized
2025-03-18 09:48:28,336 [FATAL] Updater:351 - Updater called before beeing initialized
2025-03-18 09:48:28,337 [FATAL] Updater:351 - Updater called before beeing initialized
2025-03-18 09:48:28,337 [WARN] DetailPanel:346 - Failed to get advertising image, set to default
2025-03-18 09:48:28,338 [FATAL] Updater:351 - Updater called before beeing initialized
2025-03-18 09:48:28,364 [ERROR] Updater:1198 - MainUpdater not yet initialized. External WinMGr cannot be set.
2025-03-18 09:48:28,365 [INFO] Updater:1134 - Updater Version found : 6.14.0
2025-03-18 09:48:28,378 [INFO] ApplicationProperties:184 - Using Application install path: C:\ST\STM32CubeIDE_1.14.1\STM32CubeIDE\plugins\com.st.stm32cube.common.mx_6.14.0.202502271554
2025-03-18 09:48:28,675 [INFO] MainUpdater:2872 - connection check result : 10
2025-03-18 09:48:28,675 [INFO] MainUpdater:289 - Updater Check For Update Now.
2025-03-18 09:48:28,675 [INFO] MicroXplorer:498 - Change Database Version : DB.6.0.140
2025-03-18 09:48:28,682 [INFO] McuFinderGlobals:63 - Set McuFinder mode to 2 (CubeIDE integrated)
2025-03-18 09:48:28,683 [INFO] UserAuth:171 - activating auth plugin
2025-03-18 09:48:28,685 [INFO] UserAuth:486 - Internet connection configuration mode: 1
2025-03-18 09:48:28,709 [INFO] JxBrowserEngine:152 - Initiate JxBrowser Engine with user profile folder
2025-03-18 09:48:28,824 [INFO] CheckServerUpdateThread:120 - End of CheckServer Thread
2025-03-18 09:48:29,341 [INFO] WebApp:169 - Instantiating new browser for Auth
2025-03-18 09:48:29,864 [INFO] WebApp:463 - Apply proxy settings
2025-03-18 09:48:29,865 [INFO] WebApp:548 - Chromium requires no authentication
2025-03-18 09:48:29,875 [INFO] WebApp:491 - Direct internet connection detected
2025-03-18 09:48:29,901 [INFO] WebApp:894 - Register for checkConnection events
2025-03-18 09:48:29,901 [INFO] WebApp:463 - Apply proxy settings
2025-03-18 09:48:29,901 [INFO] WebApp:548 - Chromium requires no authentication
2025-03-18 09:48:29,902 [INFO] WebApp:491 - Direct internet connection detected
2025-03-18 09:48:30,038 [INFO] WebApp:225 - Starting web application
2025-03-18 09:48:30,038 [INFO] WebApp:593 - Web application path used C:\ST\STM32CubeIDE_1.14.1\STM32CubeIDE\plugins\com.st.stm32cube.common.mx_6.14.0.202502271554\db\plugins\mcufinder\reactClient1\index.html
2025-03-18 09:48:30,217 [INFO] WebApp:191 - Connection restablished
2025-03-18 09:48:30,595 [WARN] PackLoader:240 - Cannot read IP mode file for STMicroelectronics.FP-ATR-ASTRA1.2.0.2
2025-03-18 09:48:30,597 [WARN] PackLoader:240 - Cannot read IP mode file for STMicroelectronics.FP-ATR-ASTRA1.2.0.1
2025-03-18 09:48:30,602 [WARN] PackLoader:240 - Cannot read IP mode file for STMicroelectronics.X-CUBE-SMBUS.2.1.0
2025-03-18 09:48:30,616 [WARN] PackLoader:240 - Cannot read IP mode file for STMicroelectronics.X-CUBE-AZRTOS-F7.1.1.0
2025-03-18 09:48:30,652 [WARN] PackLoader:240 - Cannot read IP mode file for STMicroelectronics.X-CUBE-MEMS1.11.0.0
2025-03-18 09:48:30,720 [WARN] PackLoader:240 - Cannot read IP mode file for STMicroelectronics.FP-SNS-FLIGHT1.5.0.2
2025-03-18 09:48:30,731 [WARN] PackLoader:240 - Cannot read IP mode file for Infineon.AIROC-Wi-Fi-Bluetooth-STM32.1.7.0
2025-03-18 09:48:30,737 [WARN] PackLoader:240 - Cannot read IP mode file for STMicroelectronics.X-CUBE-DISPLAY.3.0.0
2025-03-18 09:48:30,751 [WARN] PackLoader:240 - Cannot read IP mode file for STMicroelectronics.X-CUBE-BLE1.7.0.0
2025-03-18 09:48:30,762 [WARN] PackLoader:240 - Cannot read IP mode file for STMicroelectronics.X-CUBE-BLEMGR.4.0.0
2025-03-18 09:48:30,784 [WARN] PackLoader:240 - Cannot read IP mode file for STMicroelectronics.X-CUBE-BLEMGR.3.1.0
2025-03-18 09:48:30,789 [WARN] PackLoader:240 - Cannot read IP mode file for STMicroelectronics.X-CUBE-AI.10.0.0
2025-03-18 09:48:30,792 [WARN] PackLoader:240 - Cannot read IP mode file for STMicroelectronics.FP-SNS-SMARTAG2.1.2.0
2025-03-18 09:48:30,796 [WARN] PackLoader:240 - Cannot read IP mode file for STMicroelectronics.FP-SNS-FLIGHT1.5.1.0
2025-03-18 09:48:30,827 [WARN] PackLoader:240 - Cannot read IP mode file for STMicroelectronics.X-CUBE-MEMS1.11.1.0
2025-03-18 09:48:30,881 [INFO] LogOutputStream:77 - [STDOUT_REDIRECT] 1 : Invalid condition id : UX_CORESTACK_Condition cause : null
2025-03-18 09:48:30,881 [INFO] LogOutputStream:77 - [STDOUT_REDIRECT] 1 : Invalid condition id : UX_CORESTACK_Condition cause : null
2025-03-18 09:48:30,882 [INFO] LogOutputStream:77 - [STDOUT_REDIRECT] 1 : Invalid condition id : UX_CORESTACK_Condition cause : null
2025-03-18 09:48:30,882 [INFO] LogOutputStream:77 - [STDOUT_REDIRECT] 1 : Invalid condition id : UX_CORESTACK_Condition cause : null
2025-03-18 09:48:30,884 [INFO] LogOutputStream:77 - [STDOUT_REDIRECT] 1 : Invalid condition id : UX_CORESTACK_Condition cause : null
2025-03-18 09:48:30,885 [WARN] PackLoader:240 - Cannot read IP mode file for STMicroelectronics.X-CUBE-AZRTOS-WL.2.0.0
2025-03-18 09:48:30,890 [WARN] PackLoader:240 - Cannot read IP mode file for WES.I-CUBE-Cesium.1.3.0
2025-03-18 09:48:30,893 [WARN] PackLoader:240 - Cannot read IP mode file for STMicroelectronics.X-CUBE-BLE2.3.3.0
2025-03-18 09:48:30,896 [WARN] PackLoader:240 - Cannot read IP mode file for STMicroelectronics.X-CUBE-BLE1.7.1.0
2025-03-18 09:48:30,900 [WARN] PackLoader:240 - Cannot read IP mode file for STMicroelectronics.X-CUBE-TCPP.4.1.0
2025-03-18 09:48:30,907 [WARN] PackLoader:240 - Cannot read IP mode file for STMicroelectronics.X-CUBE-AZRTOS-G0.1.1.0
2025-03-18 09:48:30,912 [WARN] PackLoader:240 - Cannot read IP mode file for STMicroelectronics.X-CUBE-NFC4.3.0.0
2025-03-18 09:48:30,917 [WARN] PackLoader:240 - Cannot read IP mode file for EmbeddedOffice.I-CUBE-FS-RTOS.1.0.1
2025-03-18 09:48:30,920 [WARN] PackLoader:240 - Cannot read IP mode file for STMicroelectronics.X-CUBE-TCPP.4.2.0
2025-03-18 09:48:30,923 [WARN] PackLoader:240 - Cannot read IP mode file for STMicroelectronics.FP-ATR-SIGFOX1.3.2.0
2025-03-18 09:48:30,926 [WARN] ConditionMgr:438 - getConditionDescription Invalid condition id : Cortex-A Device cause : null
2025-03-18 09:48:30,933 [WARN] ConditionMgr:1044 - genDependencies : Invalid condition id : Cortex-A Device cause : null
2025-03-18 09:48:30,933 [WARN] ConditionMgr:1044 - genDependencies : Invalid condition id : Cortex-A Device cause : null
2025-03-18 09:48:30,933 [WARN] ConditionMgr:1044 - genDependencies : Invalid condition id : Cortex-A Device cause : null
2025-03-18 09:48:30,948 [WARN] PackLoader:240 - Cannot read IP mode file for SEGGER.I-CUBE-embOS.1.3.1
2025-03-18 09:48:30,967 [WARN] PackLoader:240 - Cannot read IP mode file for STMicroelectronics.X-CUBE-AZRTOS-F4.1.1.0
2025-03-18 09:48:30,972 [WARN] PackLoader:240 - Cannot read IP mode file for STMicroelectronics.X-CUBE-FREERTOS.1.2.0
2025-03-18 09:48:30,979 [WARN] PackLoader:240 - Cannot read IP mode file for STMicroelectronics.X-CUBE-AZRTOS-L5.2.0.0
2025-03-18 09:48:30,985 [WARN] PackLoader:240 - Cannot read IP mode file for STMicroelectronics.X-CUBE-FREERTOS.1.3.0
2025-03-18 09:48:30,989 [WARN] PackLoader:240 - Cannot read IP mode file for STMicroelectronics.X-CUBE-NFC7.1.0.1
2025-03-18 09:48:30,998 [WARN] ConditionMgr:438 - getConditionDescription Invalid condition id : LAN8742 Phy interface Condition cause : null
2025-03-18 09:48:30,999 [WARN] PackLoader:240 - Cannot read IP mode file for STMicroelectronics.X-CUBE-AZRTOS-L4.2.0.0
2025-03-18 09:48:30,999 [WARN] ConditionMgr:1044 - genDependencies : Invalid condition id : LAN8742 Phy interface Condition cause : null
2025-03-18 09:48:30,999 [WARN] ConditionMgr:1044 - genDependencies : Invalid condition id : LAN8742 Phy interface Condition cause : null
2025-03-18 09:48:31,000 [WARN] ConditionMgr:1044 - genDependencies : Invalid condition id : LAN8742 Phy interface Condition cause : null
2025-03-18 09:48:31,007 [WARN] PackLoader:240 - Cannot read IP mode file for STMicroelectronics.X-CUBE-SFXS2LP1.4.0.0
2025-03-18 09:48:31,013 [WARN] PackLoader:240 - Cannot read IP mode file for STMicroelectronics.X-CUBE-IPS.3.0.0
2025-03-18 09:48:31,020 [WARN] ConditionMgr:438 - getConditionDescription Invalid condition id : UX DEVICE CLASS RTOS Condition cause : null
2025-03-18 09:48:31,020 [WARN] ConditionMgr:438 - getConditionDescription Invalid condition id : UX DEVICE CLASS RTOS Condition cause : null
2025-03-18 09:48:31,021 [WARN] PackLoader:240 - Cannot read IP mode file for STMicroelectronics.X-CUBE-AZRTOS-WB.2.0.0
2025-03-18 09:48:31,021 [WARN] ConditionMgr:1044 - genDependencies : Invalid condition id : UX DEVICE CLASS RTOS Condition cause : null
2025-03-18 09:48:31,021 [WARN] ConditionMgr:1044 - genDependencies : Invalid condition id : UX DEVICE CLASS RTOS Condition cause : null
2025-03-18 09:48:31,021 [WARN] ConditionMgr:1044 - genDependencies : Invalid condition id : UX DEVICE CLASS RTOS Condition cause : null
2025-03-18 09:48:31,021 [WARN] ConditionMgr:1044 - genDependencies : Invalid condition id : UX DEVICE CLASS RTOS Condition cause : null
2025-03-18 09:48:31,021 [WARN] ConditionMgr:1044 - genDependencies : Invalid condition id : UX DEVICE CLASS RTOS Condition cause : null
2025-03-18 09:48:31,026 [WARN] PackLoader:240 - Cannot read IP mode file for STMicroelectronics.X-CUBE-GNSS1.7.0.0
2025-03-18 09:48:31,029 [WARN] PackLoader:240 - Cannot read IP mode file for STMicroelectronics.X-CUBE-GNSS1.7.0.1
2025-03-18 09:48:31,038 [WARN] PackLoader:240 - Cannot read IP mode file for STMicroelectronics.X-CUBE-TOUCHGFX.4.25.0
2025-03-18 09:48:31,048 [WARN] PackLoader:240 - Cannot read IP mode file for STMicroelectronics.X-CUBE-SUBG2.5.0.0
2025-03-18 09:48:31,063 [WARN] PackLoader:240 - Cannot read IP mode file for Cesanta.I-CUBE-Mongoose.7.13.0
2025-03-18 09:48:31,074 [WARN] PackLoader:240 - Cannot read IP mode file for STMicroelectronics.X-CUBE-AZRTOS-G4.2.0.0
2025-03-18 09:48:31,083 [WARN] PackLoader:240 - Cannot read IP mode file for STMicroelectronics.X-CUBE-IPS.3.1.0
2025-03-18 09:48:31,088 [WARN] PackLoader:240 - Cannot read IP mode file for STMicroelectronics.X-CUBE-TOUCHGFX.4.24.2
2025-03-18 09:48:31,091 [WARN] PackLoader:240 - Cannot read IP mode file for STMicroelectronics.X-CUBE-TOUCHGFX.4.24.1
2025-03-18 09:48:31,095 [WARN] PackLoader:240 - Cannot read IP mode file for portGmbH.I-Cube-SoM-uGOAL.1.1.0
2025-03-18 09:48:31,095 [INFO] ThirdParty:978 - Integrity check success = true
2025-03-18 09:48:31,095 [INFO] IntegrityCheckThread:100 - exiting critical section [integrity check]
2025-03-18 09:48:31,095 [INFO] IntegrityCheckThread:103 - End integrity checks thread
2025-03-18 20:42:21,779 [ERROR] LogOutputStream:75 - [STDERR_REDIRECT] 
