2025-01-23 09:13:02,760 [INFO] Activator:176 - 


2025-01-23 09:13:02,760 [INFO] Activator:177 - !SESSION log4j initialized
2025-01-23 09:13:06,404 [INFO] LogOutputStream:77 - [STDOUT_REDIRECT] 
2025-01-23 09:13:08,700 [INFO] ApplicationProperties:184 - Using Application install path: C:\ST\STM32CubeIDE_1.14.1\STM32CubeIDE\plugins\com.st.stm32cube.common.mx_6.10.0.202311202037
2025-01-23 09:13:08,712 [INFO] DbMcusXml:78 - Set database path to: C:\ST\STM32CubeIDE_1.14.1\STM32CubeIDE\plugins\com.st.stm32cube.common.mx_6.10.0.202311202037\\db\/mcu/
2025-01-23 09:13:08,712 [INFO] ApiDb:274 - Set plugin database path to: C:\ST\STM32CubeIDE_1.14.1\STM32CubeIDE\plugins\com.st.stm32cube.common.mx_6.10.0.202311202037\\db\/plugins/boardmanager/
2025-01-23 09:13:08,712 [WARN] ApiDb:259 - Overriding images path with different value:  => C:\ST\STM32CubeIDE_1.14.1\STM32CubeIDE\plugins\com.st.stm32cube.common.mx_6.10.0.202311202037\\db\/plugins/mcufinder/images/
2025-01-23 09:13:08,719 [INFO] ApiDb:250 - Set database path to: C:\Users\user\.stmcufinder\plugins\mcufinder//mcu/
2025-01-23 09:13:08,720 [INFO] DbMcusAds:125 - Set database path to: C:\Users\user\.stmcufinder\plugins\mcufinder//mcu/
2025-01-23 09:13:08,721 [INFO] CrossReferenceDbSqlite:203 - Set database path to: C:\Users\user\.stmcufinder\plugins\mcufinder//mcu/cs/
2025-01-23 09:13:08,789 [INFO] RulesReader:64 - Compatibility file has been processed (297 Rules)
2025-01-23 09:13:08,847 [INFO] DbMcusXml:78 - Set database path to: C:\ST\STM32CubeIDE_1.14.1\STM32CubeIDE\plugins\com.st.stm32cube.common.mx_6.10.0.202311202037\\db\/mcu/
2025-01-23 09:13:08,847 [INFO] ApiDb:274 - Set plugin database path to: C:\ST\STM32CubeIDE_1.14.1\STM32CubeIDE\plugins\com.st.stm32cube.common.mx_6.10.0.202311202037\\db\/plugins/boardmanager/
2025-01-23 09:13:08,847 [INFO] ApiDb:261 - Set plugin images path to: C:\ST\STM32CubeIDE_1.14.1\STM32CubeIDE\plugins\com.st.stm32cube.common.mx_6.10.0.202311202037\\db\/plugins/mcufinder/images/
2025-01-23 09:13:08,847 [WARN] DbFile:41 - Overriding database path with different value: C:\Users\user\.stmcufinder\plugins\mcufinder/ => C:\Users\user\.stmcufinder\plugins\mcufinder
2025-01-23 09:13:08,847 [INFO] ApiDb:250 - Set database path to: C:\Users\user\.stmcufinder\plugins\mcufinder//mcu/
2025-01-23 09:13:08,847 [WARN] DbFile:41 - Overriding database path with different value: C:\Users\user\.stmcufinder\plugins\mcufinder/ => C:\Users\user\.stmcufinder\plugins\mcufinder
2025-01-23 09:13:08,847 [INFO] DbMcusAds:125 - Set database path to: C:\Users\user\.stmcufinder\plugins\mcufinder//mcu/
2025-01-23 09:13:08,847 [WARN] DbFile:41 - Overriding database path with different value: C:\Users\user\.stmcufinder\plugins\mcufinder/ => C:\Users\user\.stmcufinder\plugins\mcufinder
2025-01-23 09:13:08,847 [WARN] DbFile:41 - Overriding database path with different value: C:\Users\user\.stmcufinder\plugins\mcufinder/ => C:\Users\user\.stmcufinder\plugins\mcufinder
2025-01-23 09:13:08,847 [INFO] CrossReferenceDbSqlite:203 - Set database path to: C:\Users\user\.stmcufinder\plugins\mcufinder//mcu/cs/
2025-01-23 09:13:08,900 [INFO] MainPanel:264 - HeapMemory: 268435456
2025-01-23 09:13:08,959 [INFO] DbMcusXml:78 - Set database path to: C:\ST\STM32CubeIDE_1.14.1\STM32CubeIDE\plugins\com.st.stm32cube.common.mx_6.10.0.202311202037\\db\/mcu/
2025-01-23 09:13:08,960 [INFO] ApiDb:274 - Set plugin database path to: C:\ST\STM32CubeIDE_1.14.1\STM32CubeIDE\plugins\com.st.stm32cube.common.mx_6.10.0.202311202037\\db\/plugins/boardmanager/
2025-01-23 09:13:08,960 [INFO] ApiDb:261 - Set plugin images path to: C:\ST\STM32CubeIDE_1.14.1\STM32CubeIDE\plugins\com.st.stm32cube.common.mx_6.10.0.202311202037\\db\/plugins/mcufinder/images/
2025-01-23 09:13:08,960 [WARN] DbFile:41 - Overriding database path with different value: C:\Users\user\.stmcufinder\plugins\mcufinder/ => C:\Users\user\.stmcufinder\plugins\mcufinder
2025-01-23 09:13:08,960 [INFO] ApiDb:250 - Set database path to: C:\Users\user\.stmcufinder\plugins\mcufinder//mcu/
2025-01-23 09:13:08,960 [WARN] DbFile:41 - Overriding database path with different value: C:\Users\user\.stmcufinder\plugins\mcufinder/ => C:\Users\user\.stmcufinder\plugins\mcufinder
2025-01-23 09:13:08,960 [INFO] DbMcusAds:125 - Set database path to: C:\Users\user\.stmcufinder\plugins\mcufinder//mcu/
2025-01-23 09:13:08,960 [WARN] DbFile:41 - Overriding database path with different value: C:\Users\user\.stmcufinder\plugins\mcufinder/ => C:\Users\user\.stmcufinder\plugins\mcufinder
2025-01-23 09:13:08,960 [WARN] DbFile:41 - Overriding database path with different value: C:\Users\user\.stmcufinder\plugins\mcufinder/ => C:\Users\user\.stmcufinder\plugins\mcufinder
2025-01-23 09:13:08,960 [INFO] CrossReferenceDbSqlite:203 - Set database path to: C:\Users\user\.stmcufinder\plugins\mcufinder//mcu/cs/
2025-01-23 09:13:08,972 [INFO] ApplicationProperties:184 - Using Application install path: C:\ST\STM32CubeIDE_1.14.1\STM32CubeIDE\plugins\com.st.stm32cube.common.mx_6.10.0.202311202037
2025-01-23 09:13:08,973 [INFO] PluginManage:196 - Search for loadable plugins [exclusion list=, ]
2025-01-23 09:13:08,974 [INFO] PluginManage:310 - Check plugin analytics
2025-01-23 09:13:09,088 [INFO] AnalyticsPlugin:253 - Accepted Software Licenses: 
2025-01-23 09:13:09,088 [INFO] AnalyticsPlugin:255 - Accepted CMSIS Pack Licenses: 
2025-01-23 09:13:09,088 [INFO] AnalyticsPlugin:257 - Accepted Firmware Licenses: FW.F4.1.28.0
2025-01-23 09:13:09,090 [INFO] PluginManage:359 - Loaded plugin analytics (category:tool,tabindex:-1)
2025-01-23 09:13:09,090 [INFO] PluginManage:310 - Check plugin cadmodel
2025-01-23 09:13:09,097 [INFO] CADModel:105 - Init CAD model plugin
2025-01-23 09:13:09,097 [INFO] PluginManage:359 - Loaded plugin cadmodel (category:power,tabindex:5)
2025-01-23 09:13:09,097 [INFO] PluginManage:310 - Check plugin clock
2025-01-23 09:13:09,107 [INFO] PluginManage:359 - Loaded plugin clock (category:base,tabindex:2)
2025-01-23 09:13:09,107 [INFO] PluginManage:310 - Check plugin ddr
2025-01-23 09:13:09,109 [INFO] PluginManage:359 - Loaded plugin ddr (category:tool,tabindex:6)
2025-01-23 09:13:09,109 [INFO] PluginManage:310 - Check plugin filemanager
2025-01-23 09:13:09,208 [INFO] PluginManage:359 - Loaded plugin filemanager (category:base,tabindex:10)
2025-01-23 09:13:09,208 [INFO] PluginManage:310 - Check plugin ipmanager
2025-01-23 09:13:09,213 [INFO] PluginManage:359 - Loaded plugin ipmanager (category:base,tabindex:5)
2025-01-23 09:13:09,214 [INFO] PluginManage:310 - Check plugin lpbam
2025-01-23 09:13:09,220 [INFO] PluginManage:359 - Loaded plugin lpbam (category:base,tabindex:0)
2025-01-23 09:13:09,220 [INFO] PluginManage:310 - Check plugin memorymap
2025-01-23 09:13:09,231 [INFO] PluginManage:359 - Loaded plugin memorymap (category:base,tabindex:4)
2025-01-23 09:13:09,231 [INFO] PluginManage:310 - Check plugin pinoutandconfiguration
2025-01-23 09:13:09,238 [INFO] PluginManage:359 - Loaded plugin pinoutandconfiguration (category:base,tabindex:1)
2025-01-23 09:13:09,238 [INFO] PluginManage:310 - Check plugin pinoutconfig
2025-01-23 09:13:09,299 [WARN] SupportedApi:132 - Cannot load RTOS API schema: s4s-elt-must-match.1: The content of 'definitions' must match (annotation?, (simpleType | complexType)?, (unique | key | keyref)*)). A problem was found starting at: attribute.
2025-01-23 09:13:09,380 [INFO] PluginManage:359 - Loaded plugin pinoutconfig (category:base,tabindex:0)
2025-01-23 09:13:09,380 [INFO] PluginManage:310 - Check plugin power
2025-01-23 09:13:09,387 [INFO] PluginManage:359 - Loaded plugin power (category:power,tabindex:4)
2025-01-23 09:13:09,387 [INFO] PluginManage:310 - Check plugin projectmanager
2025-01-23 09:13:09,398 [INFO] PluginManage:359 - Loaded plugin projectmanager (category:projectmanager,tabindex:3)
2025-01-23 09:13:09,398 [INFO] PluginManage:310 - Check plugin thirdparty
2025-01-23 09:13:09,492 [INFO] PluginManage:359 - Loaded plugin thirdparty (category:base,tabindex:-1)
2025-01-23 09:13:09,492 [WARN] IntegrityCheckThread:84 - waiting for thirdparty lock release [integrity check]
2025-01-23 09:13:09,492 [INFO] PluginManage:310 - Check plugin tools
2025-01-23 09:13:09,492 [INFO] IntegrityCheckThread:86 - entering critical section [integrity check]
2025-01-23 09:13:09,492 [INFO] ThirdPartyUpdaterWithRetryManager:70 - Updater plugin not ready yet. [1/15]
2025-01-23 09:13:09,494 [INFO] PluginManage:359 - Loaded plugin tools (category:base,tabindex:7)
2025-01-23 09:13:09,494 [INFO] PluginManage:310 - Check plugin tutovideos
2025-01-23 09:13:09,608 [INFO] PluginManage:359 - Loaded plugin tutovideos (category:base,tabindex:-1)
2025-01-23 09:13:09,608 [INFO] PluginManage:310 - Check plugin updater
2025-01-23 09:13:09,616 [INFO] PluginManage:359 - Loaded plugin updater (category:base,tabindex:12)
2025-01-23 09:13:09,616 [INFO] PluginManage:310 - Check plugin userauth
2025-01-23 09:13:09,621 [INFO] UserAuth:114 - Init User Auth plugin
2025-01-23 09:13:09,621 [INFO] PluginManage:359 - Loaded plugin userauth (category:base,tabindex:14)
2025-01-23 09:13:09,621 [INFO] PluginManage:283 - PluginManage : Loaded plugins [17]
2025-01-23 09:13:09,757 [INFO] PinOutPanel:1499 - setPackage(No Configuration,No Configuration)
2025-01-23 09:13:09,803 [INFO] CADModel:165 - CPN selected for project level
2025-01-23 09:13:09,803 [INFO] CADModel:114 - Register for checkConnection events
2025-01-23 09:13:09,816 [INFO] IPUIPlugin:80 - create IPUIPlugin
2025-01-23 09:13:09,816 [INFO] PluginManager:220 - loadIPPluginJar : add adc
2025-01-23 09:13:09,818 [INFO] IPUIPlugin:80 - create IPUIPlugin
2025-01-23 09:13:09,818 [INFO] PluginManager:220 - loadIPPluginJar : add aes
2025-01-23 09:13:09,820 [INFO] IPUIPlugin:80 - create IPUIPlugin
2025-01-23 09:13:09,820 [INFO] PluginManager:220 - loadIPPluginJar : add can
2025-01-23 09:13:09,821 [INFO] IPUIPlugin:80 - create IPUIPlugin
2025-01-23 09:13:09,821 [INFO] PluginManager:220 - loadIPPluginJar : add comp
2025-01-23 09:13:09,823 [INFO] IPUIPlugin:80 - create IPUIPlugin
2025-01-23 09:13:09,823 [INFO] PluginManager:220 - loadIPPluginJar : add cryp
2025-01-23 09:13:09,825 [INFO] IPUIPlugin:80 - create IPUIPlugin
2025-01-23 09:13:09,825 [INFO] PluginManager:220 - loadIPPluginJar : add dfsdm
2025-01-23 09:13:09,829 [INFO] IPUIPlugin:80 - create IPUIPlugin
2025-01-23 09:13:09,829 [INFO] PluginManager:220 - loadIPPluginJar : add dma
2025-01-23 09:13:09,831 [INFO] IPUIPlugin:80 - create IPUIPlugin
2025-01-23 09:13:09,831 [INFO] PluginManager:220 - loadIPPluginJar : add dma3
2025-01-23 09:13:09,832 [INFO] IPUIPlugin:80 - create IPUIPlugin
2025-01-23 09:13:09,832 [INFO] PluginManager:220 - loadIPPluginJar : add fatfs
2025-01-23 09:13:09,835 [INFO] IPUIPlugin:80 - create IPUIPlugin
2025-01-23 09:13:09,835 [INFO] PluginManager:220 - loadIPPluginJar : add fmc
2025-01-23 09:13:09,839 [INFO] IPUIPlugin:80 - create IPUIPlugin
2025-01-23 09:13:09,839 [INFO] PluginManager:220 - loadIPPluginJar : add freertos
2025-01-23 09:13:09,840 [INFO] IPUIPlugin:80 - create IPUIPlugin
2025-01-23 09:13:09,840 [INFO] PluginManager:220 - loadIPPluginJar : add genericplugin
2025-01-23 09:13:09,842 [INFO] IPUIPlugin:80 - create IPUIPlugin
2025-01-23 09:13:09,842 [INFO] PluginManager:220 - loadIPPluginJar : add gfxmmu
2025-01-23 09:13:09,845 [INFO] IPUIPlugin:80 - create IPUIPlugin
2025-01-23 09:13:09,845 [INFO] PluginManager:220 - loadIPPluginJar : add gic
2025-01-23 09:13:09,847 [INFO] IPUIPlugin:80 - create IPUIPlugin
2025-01-23 09:13:09,848 [INFO] PluginManager:220 - loadIPPluginJar : add gpio
2025-01-23 09:13:09,849 [INFO] IPUIPlugin:80 - create IPUIPlugin
2025-01-23 09:13:09,849 [INFO] PluginManager:220 - loadIPPluginJar : add gtzc
2025-01-23 09:13:09,852 [INFO] IPUIPlugin:80 - create IPUIPlugin
2025-01-23 09:13:09,852 [INFO] PluginManager:220 - loadIPPluginJar : add hash
2025-01-23 09:13:09,853 [INFO] IPUIPlugin:80 - create IPUIPlugin
2025-01-23 09:13:09,854 [INFO] PluginManager:220 - loadIPPluginJar : add i2c
2025-01-23 09:13:09,855 [INFO] IPUIPlugin:80 - create IPUIPlugin
2025-01-23 09:13:09,855 [INFO] PluginManager:220 - loadIPPluginJar : add i2s
2025-01-23 09:13:09,857 [INFO] IPUIPlugin:80 - create IPUIPlugin
2025-01-23 09:13:09,857 [INFO] PluginManager:220 - loadIPPluginJar : add i3c
2025-01-23 09:13:09,859 [INFO] IPUIPlugin:80 - create IPUIPlugin
2025-01-23 09:13:09,859 [INFO] PluginManager:220 - loadIPPluginJar : add ipddr
2025-01-23 09:13:09,863 [INFO] IPUIPlugin:80 - create IPUIPlugin
2025-01-23 09:13:09,863 [INFO] PluginManager:220 - loadIPPluginJar : add linkedlist
2025-01-23 09:13:09,865 [INFO] IPUIPlugin:80 - create IPUIPlugin
2025-01-23 09:13:09,865 [INFO] PluginManager:220 - loadIPPluginJar : add lorawan
2025-01-23 09:13:09,866 [INFO] IPUIPlugin:80 - create IPUIPlugin
2025-01-23 09:13:09,866 [INFO] PluginManager:220 - loadIPPluginJar : add ltdc
2025-01-23 09:13:09,870 [INFO] IPUIPlugin:80 - create IPUIPlugin
2025-01-23 09:13:09,870 [INFO] PluginManager:220 - loadIPPluginJar : add mdma
2025-01-23 09:13:09,872 [INFO] IPUIPlugin:80 - create IPUIPlugin
2025-01-23 09:13:09,872 [INFO] PluginManager:220 - loadIPPluginJar : add nvic
2025-01-23 09:13:09,874 [INFO] IPUIPlugin:80 - create IPUIPlugin
2025-01-23 09:13:09,874 [INFO] PluginManager:220 - loadIPPluginJar : add opamp
2025-01-23 09:13:09,876 [INFO] IPUIPlugin:80 - create IPUIPlugin
2025-01-23 09:13:09,876 [INFO] PluginManager:220 - loadIPPluginJar : add openamp
2025-01-23 09:13:09,878 [INFO] IPUIPlugin:80 - create IPUIPlugin
2025-01-23 09:13:09,878 [INFO] PluginManager:220 - loadIPPluginJar : add pdm2pcm
2025-01-23 09:13:09,882 [INFO] IPUIPlugin:80 - create IPUIPlugin
2025-01-23 09:13:09,883 [INFO] PluginManager:220 - loadIPPluginJar : add plateformsettings
2025-01-23 09:13:09,884 [INFO] IPUIPlugin:80 - create IPUIPlugin
2025-01-23 09:13:09,884 [INFO] PluginManager:220 - loadIPPluginJar : add quadspi
2025-01-23 09:13:09,886 [INFO] IPUIPlugin:80 - create IPUIPlugin
2025-01-23 09:13:09,887 [INFO] PluginManager:220 - loadIPPluginJar : add resmgrutility
2025-01-23 09:13:09,888 [INFO] IPUIPlugin:80 - create IPUIPlugin
2025-01-23 09:13:09,888 [INFO] PluginManager:220 - loadIPPluginJar : add sai
2025-01-23 09:13:09,890 [INFO] IPUIPlugin:80 - create IPUIPlugin
2025-01-23 09:13:09,890 [INFO] PluginManager:220 - loadIPPluginJar : add spi
2025-01-23 09:13:09,893 [INFO] IPUIPlugin:80 - create IPUIPlugin
2025-01-23 09:13:09,893 [INFO] PluginManager:220 - loadIPPluginJar : add stm32_wpan
2025-01-23 09:13:09,894 [INFO] IPUIPlugin:80 - create IPUIPlugin
2025-01-23 09:13:09,894 [INFO] PluginManager:220 - loadIPPluginJar : add tim
2025-01-23 09:13:09,896 [INFO] IPUIPlugin:80 - create IPUIPlugin
2025-01-23 09:13:09,896 [INFO] PluginManager:220 - loadIPPluginJar : add touchsensing
2025-01-23 09:13:09,897 [INFO] IPUIPlugin:80 - create IPUIPlugin
2025-01-23 09:13:09,897 [INFO] PluginManager:220 - loadIPPluginJar : add tracer_emb
2025-01-23 09:13:09,898 [INFO] IPUIPlugin:80 - create IPUIPlugin
2025-01-23 09:13:09,899 [INFO] PluginManager:220 - loadIPPluginJar : add ts
2025-01-23 09:13:09,899 [INFO] IPUIPlugin:80 - create IPUIPlugin
2025-01-23 09:13:09,900 [INFO] PluginManager:220 - loadIPPluginJar : add tsc
2025-01-23 09:13:09,901 [INFO] IPUIPlugin:80 - create IPUIPlugin
2025-01-23 09:13:09,901 [INFO] PluginManager:220 - loadIPPluginJar : add ucpd
2025-01-23 09:13:09,902 [INFO] IPUIPlugin:80 - create IPUIPlugin
2025-01-23 09:13:09,902 [INFO] PluginManager:220 - loadIPPluginJar : add usart
2025-01-23 09:13:09,904 [INFO] IPUIPlugin:80 - create IPUIPlugin
2025-01-23 09:13:09,904 [INFO] PluginManager:220 - loadIPPluginJar : add usbx
2025-01-23 09:13:10,008 [INFO] CADModel:165 - CPN selected for project level
2025-01-23 09:13:10,008 [INFO] CADModel:114 - Register for checkConnection events
2025-01-23 09:13:10,008 [FATAL] Updater:308 - Updater called before beeing initialized
2025-01-23 09:13:10,008 [ERROR] CADModel:125 - Updater not yet initialized, retry later 
2025-01-23 09:13:10,088 [INFO] CADModel:165 - CPN selected for project level
2025-01-23 09:13:10,088 [INFO] CADModel:114 - Register for checkConnection events
2025-01-23 09:13:10,088 [FATAL] Updater:308 - Updater called before beeing initialized
2025-01-23 09:13:10,088 [ERROR] CADModel:125 - Updater not yet initialized, retry later 
2025-01-23 09:13:10,089 [FATAL] Updater:308 - Updater called before beeing initialized
2025-01-23 09:13:10,153 [FATAL] Updater:308 - Updater called before beeing initialized
2025-01-23 09:13:10,155 [INFO] DbMcusAds:53 - JSON generation date=Wed Dec 18 01:01:15 KST 2024 (1734451275163)
2025-01-23 09:13:10,155 [FATAL] Updater:308 - Updater called before beeing initialized
2025-01-23 09:13:10,180 [WARN] DetailPanel:346 - Failed to get advertising image, set to default
2025-01-23 09:13:10,233 [FATAL] Updater:308 - Updater called before beeing initialized
2025-01-23 09:13:10,234 [FATAL] Updater:308 - Updater called before beeing initialized
2025-01-23 09:13:10,234 [FATAL] Updater:308 - Updater called before beeing initialized
2025-01-23 09:13:10,235 [WARN] DetailPanel:346 - Failed to get advertising image, set to default
2025-01-23 09:13:10,235 [FATAL] Updater:308 - Updater called before beeing initialized
2025-01-23 09:13:10,282 [ERROR] Updater:1120 - MainUpdater not yet initialized. External WinMGr cannot be set.
2025-01-23 09:13:10,284 [INFO] Updater:1056 - Updater Version found : 6.10.0
2025-01-23 09:13:10,298 [INFO] ApplicationProperties:184 - Using Application install path: C:\ST\STM32CubeIDE_1.14.1\STM32CubeIDE\plugins\com.st.stm32cube.common.mx_6.10.0.202311202037
2025-01-23 09:13:10,584 [INFO] MainUpdater:2873 - connection check result : 10
2025-01-23 09:13:10,584 [INFO] MainUpdater:290 - Updater Check For Update Now.
2025-01-23 09:13:10,585 [INFO] MicroXplorer:498 - Change Database Version : DB.6.0.100
2025-01-23 09:13:10,591 [INFO] McuFinderGlobals:63 - Set McuFinder mode to 2 (CubeIDE integrated)
2025-01-23 09:13:10,591 [INFO] UserAuth:180 - activating auth plugin
2025-01-23 09:13:10,594 [INFO] UserAuth:404 - Internet connection configuration mode: 1
2025-01-23 09:13:10,618 [INFO] JxBrowserEngine:152 - Initiate JxBrowser Engine with user profile folder
2025-01-23 09:13:10,738 [INFO] CheckServerUpdateThread:120 - End of CheckServer Thread
2025-01-23 09:13:11,236 [INFO] WebApp:161 - Instantiating new browser for Auth
2025-01-23 09:13:11,581 [INFO] WebApp:780 - Register for checkConnection events
2025-01-23 09:13:11,581 [INFO] WebApp:414 - Apply proxy settings
2025-01-23 09:13:11,581 [INFO] WebApp:499 - Chromium requires no authentication
2025-01-23 09:13:11,586 [INFO] WebApp:442 - Direct internet connection detected
2025-01-23 09:13:11,669 [INFO] WebApp:192 - Starting web application
2025-01-23 09:13:11,669 [INFO] WebApp:544 - Web application path used C:\ST\STM32CubeIDE_1.14.1\STM32CubeIDE\plugins\com.st.stm32cube.common.mx_6.10.0.202311202037\db\plugins\mcufinder\reactClient1\index.html
2025-01-23 09:13:12,624 [WARN] PackLoader:240 - Cannot read IP mode file for STMicroelectronics.X-CUBE-SMBUS.2.1.0
2025-01-23 09:13:12,646 [WARN] PackLoader:240 - Cannot read IP mode file for STMicroelectronics.X-CUBE-AZRTOS-F7.1.1.0
2025-01-23 09:13:12,682 [WARN] PackLoader:240 - Cannot read IP mode file for STMicroelectronics.X-CUBE-MEMS1.11.0.0
2025-01-23 09:13:12,755 [WARN] PackLoader:240 - Cannot read IP mode file for STMicroelectronics.FP-SNS-FLIGHT1.5.0.2
2025-01-23 09:13:12,787 [WARN] PackLoader:240 - Cannot read IP mode file for Infineon.AIROC-Wi-Fi-Bluetooth-STM32.1.7.0
2025-01-23 09:13:12,799 [WARN] PackLoader:240 - Cannot read IP mode file for STMicroelectronics.X-CUBE-DISPLAY.3.0.0
2025-01-23 09:13:12,810 [WARN] PackLoader:240 - Cannot read IP mode file for STMicroelectronics.X-CUBE-BLE1.7.0.0
2025-01-23 09:13:12,817 [WARN] PackLoader:240 - Cannot read IP mode file for STMicroelectronics.X-CUBE-BLEMGR.4.0.0
2025-01-23 09:13:12,825 [WARN] PackLoader:240 - Cannot read IP mode file for STMicroelectronics.X-CUBE-BLEMGR.3.1.0
2025-01-23 09:13:12,829 [WARN] PackLoader:240 - Cannot read IP mode file for STMicroelectronics.FP-SNS-SMARTAG2.1.2.0
2025-01-23 09:13:12,851 [WARN] PackLoader:240 - Cannot read IP mode file for STMicroelectronics.X-CUBE-MEMS1.11.1.0
2025-01-23 09:13:12,911 [INFO] LogOutputStream:77 - [STDOUT_REDIRECT] 1 : Invalid condition id : UX_CORESTACK_Condition cause : null
2025-01-23 09:13:12,912 [INFO] LogOutputStream:77 - [STDOUT_REDIRECT] 1 : Invalid condition id : UX_CORESTACK_Condition cause : null
2025-01-23 09:13:12,913 [INFO] LogOutputStream:77 - [STDOUT_REDIRECT] 1 : Invalid condition id : UX_CORESTACK_Condition cause : null
2025-01-23 09:13:12,914 [INFO] LogOutputStream:77 - [STDOUT_REDIRECT] 1 : Invalid condition id : UX_CORESTACK_Condition cause : null
2025-01-23 09:13:12,915 [INFO] LogOutputStream:77 - [STDOUT_REDIRECT] 1 : Invalid condition id : UX_CORESTACK_Condition cause : null
2025-01-23 09:13:12,918 [WARN] PackLoader:240 - Cannot read IP mode file for STMicroelectronics.X-CUBE-AZRTOS-WL.2.0.0
2025-01-23 09:13:12,926 [WARN] PackLoader:240 - Cannot read IP mode file for WES.I-CUBE-Cesium.1.3.0
2025-01-23 09:13:12,931 [WARN] PackLoader:240 - Cannot read IP mode file for STMicroelectronics.X-CUBE-BLE2.3.3.0
2025-01-23 09:13:12,935 [WARN] PackLoader:240 - Cannot read IP mode file for STMicroelectronics.X-CUBE-TCPP.4.1.0
2025-01-23 09:13:12,943 [WARN] PackLoader:240 - Cannot read IP mode file for STMicroelectronics.X-CUBE-AZRTOS-G0.1.1.0
2025-01-23 09:13:12,948 [WARN] PackLoader:240 - Cannot read IP mode file for STMicroelectronics.X-CUBE-NFC4.3.0.0
2025-01-23 09:13:12,956 [WARN] PackLoader:240 - Cannot read IP mode file for EmbeddedOffice.I-CUBE-FS-RTOS.1.0.1
2025-01-23 09:13:12,957 [ERROR] ConditionMgr:805 - Attr not supported : Dmpu
2025-01-23 09:13:12,957 [ERROR] ConditionMgr:805 - Attr not supported : Dmpu
2025-01-23 09:13:12,957 [ERROR] ConditionMgr:805 - Attr not supported : Dmpu
2025-01-23 09:13:12,957 [ERROR] ConditionMgr:805 - Attr not supported : Dmpu
2025-01-23 09:13:12,957 [ERROR] ConditionMgr:805 - Attr not supported : Dmpu
2025-01-23 09:13:12,957 [ERROR] ConditionMgr:805 - Attr not supported : Dmpu
2025-01-23 09:13:12,957 [ERROR] ConditionMgr:805 - Attr not supported : Dmpu
2025-01-23 09:13:12,957 [ERROR] ConditionMgr:805 - Attr not supported : Dmpu
2025-01-23 09:13:12,957 [ERROR] ConditionMgr:805 - Attr not supported : Dmpu
2025-01-23 09:13:12,957 [ERROR] ConditionMgr:805 - Attr not supported : Dmpu
2025-01-23 09:13:12,957 [ERROR] ConditionMgr:805 - Attr not supported : Dmpu
2025-01-23 09:13:12,957 [ERROR] ConditionMgr:805 - Attr not supported : Dmpu
2025-01-23 09:13:12,957 [ERROR] ConditionMgr:805 - Attr not supported : Dmpu
2025-01-23 09:13:12,958 [ERROR] ConditionMgr:805 - Attr not supported : Dmpu
2025-01-23 09:13:12,958 [ERROR] ConditionMgr:805 - Attr not supported : Dmpu
2025-01-23 09:13:12,958 [ERROR] ConditionMgr:805 - Attr not supported : Dmpu
2025-01-23 09:13:12,958 [ERROR] ConditionMgr:805 - Attr not supported : Dmpu
2025-01-23 09:13:12,958 [ERROR] ConditionMgr:805 - Attr not supported : Dmpu
2025-01-23 09:13:12,958 [ERROR] ConditionMgr:805 - Attr not supported : Dmpu
2025-01-23 09:13:12,958 [ERROR] ConditionMgr:805 - Attr not supported : Dmpu
2025-01-23 09:13:12,958 [ERROR] ConditionMgr:805 - Attr not supported : Dmpu
2025-01-23 09:13:12,958 [ERROR] ConditionMgr:805 - Attr not supported : Dmpu
2025-01-23 09:13:12,958 [ERROR] ConditionMgr:805 - Attr not supported : Dmpu
2025-01-23 09:13:12,958 [ERROR] ConditionMgr:805 - Attr not supported : Dmpu
2025-01-23 09:13:12,958 [ERROR] ConditionMgr:805 - Attr not supported : Dmpu
2025-01-23 09:13:12,958 [ERROR] ConditionMgr:805 - Attr not supported : Dmpu
2025-01-23 09:13:12,958 [ERROR] ConditionMgr:805 - Attr not supported : Dmpu
2025-01-23 09:13:12,958 [ERROR] ConditionMgr:805 - Attr not supported : Dmpu
2025-01-23 09:13:12,958 [ERROR] ConditionMgr:805 - Attr not supported : Dmpu
2025-01-23 09:13:12,959 [ERROR] ConditionMgr:805 - Attr not supported : Dmpu
2025-01-23 09:13:12,959 [ERROR] ConditionMgr:805 - Attr not supported : Dmpu
2025-01-23 09:13:12,959 [ERROR] ConditionMgr:805 - Attr not supported : Dmpu
2025-01-23 09:13:12,959 [ERROR] ConditionMgr:805 - Attr not supported : Dmpu
2025-01-23 09:13:12,959 [ERROR] ConditionMgr:805 - Attr not supported : Dmpu
2025-01-23 09:13:12,959 [ERROR] ConditionMgr:805 - Attr not supported : Dmpu
2025-01-23 09:13:12,959 [ERROR] ConditionMgr:805 - Attr not supported : Dmpu
2025-01-23 09:13:12,959 [ERROR] ConditionMgr:805 - Attr not supported : Dmpu
2025-01-23 09:13:12,959 [ERROR] ConditionMgr:805 - Attr not supported : Dmpu
2025-01-23 09:13:12,959 [ERROR] ConditionMgr:805 - Attr not supported : Dmpu
2025-01-23 09:13:12,959 [ERROR] ConditionMgr:805 - Attr not supported : Dmpu
2025-01-23 09:13:12,959 [ERROR] ConditionMgr:805 - Attr not supported : Dmpu
2025-01-23 09:13:12,959 [ERROR] ConditionMgr:805 - Attr not supported : Dmpu
2025-01-23 09:13:12,959 [ERROR] ConditionMgr:805 - Attr not supported : Dmpu
2025-01-23 09:13:12,960 [ERROR] ConditionMgr:805 - Attr not supported : Dmpu
2025-01-23 09:13:12,960 [ERROR] ConditionMgr:805 - Attr not supported : Dmpu
2025-01-23 09:13:12,960 [ERROR] ConditionMgr:805 - Attr not supported : Dmpu
2025-01-23 09:13:12,960 [ERROR] ConditionMgr:805 - Attr not supported : Dmpu
2025-01-23 09:13:12,960 [ERROR] ConditionMgr:805 - Attr not supported : Dmpu
2025-01-23 09:13:12,960 [ERROR] ConditionMgr:805 - Attr not supported : Dmpu
2025-01-23 09:13:12,960 [ERROR] ConditionMgr:805 - Attr not supported : Dmpu
2025-01-23 09:13:12,960 [ERROR] ConditionMgr:805 - Attr not supported : Dmpu
2025-01-23 09:13:12,960 [ERROR] ConditionMgr:805 - Attr not supported : Dmpu
2025-01-23 09:13:12,960 [ERROR] ConditionMgr:805 - Attr not supported : Dmpu
2025-01-23 09:13:12,960 [ERROR] ConditionMgr:805 - Attr not supported : Dmpu
2025-01-23 09:13:12,960 [ERROR] ConditionMgr:805 - Attr not supported : Dmpu
2025-01-23 09:13:12,960 [ERROR] ConditionMgr:805 - Attr not supported : Dmpu
2025-01-23 09:13:12,960 [ERROR] ConditionMgr:805 - Attr not supported : Dmpu
2025-01-23 09:13:12,960 [ERROR] ConditionMgr:805 - Attr not supported : Dmpu
2025-01-23 09:13:12,960 [ERROR] ConditionMgr:805 - Attr not supported : Dmpu
2025-01-23 09:13:12,960 [ERROR] ConditionMgr:805 - Attr not supported : Dmpu
2025-01-23 09:13:12,960 [ERROR] ConditionMgr:805 - Attr not supported : Dmpu
2025-01-23 09:13:12,960 [ERROR] ConditionMgr:805 - Attr not supported : Dmpu
2025-01-23 09:13:12,960 [ERROR] ConditionMgr:805 - Attr not supported : Dmpu
2025-01-23 09:13:12,960 [ERROR] ConditionMgr:805 - Attr not supported : Dmpu
2025-01-23 09:13:12,964 [ERROR] Engine:466 - C:\Users\user\.stm32cubemx\thirdparties\pdsc\STMicroelectronics.X-CUBE-TCPP.4.2.0.pdsc: PDSC version is not supported
2025-01-23 09:13:12,966 [WARN] PackLoader:240 - Cannot read IP mode file for STMicroelectronics.FP-ATR-SIGFOX1.3.2.0
2025-01-23 09:13:12,970 [WARN] ConditionMgr:438 - getConditionDescription Invalid condition id : Cortex-A Device cause : null
2025-01-23 09:13:12,980 [WARN] ConditionMgr:1039 - genDependencies : Invalid condition id : Cortex-A Device cause : null
2025-01-23 09:13:12,981 [WARN] ConditionMgr:1039 - genDependencies : Invalid condition id : Cortex-A Device cause : null
2025-01-23 09:13:12,981 [WARN] ConditionMgr:1039 - genDependencies : Invalid condition id : Cortex-A Device cause : null
2025-01-23 09:13:13,002 [WARN] PackLoader:240 - Cannot read IP mode file for SEGGER.I-CUBE-embOS.1.3.1
2025-01-23 09:13:13,045 [WARN] PackLoader:240 - Cannot read IP mode file for STMicroelectronics.X-CUBE-AZRTOS-F4.1.1.0
2025-01-23 09:13:13,054 [WARN] PackLoader:240 - Cannot read IP mode file for STMicroelectronics.X-CUBE-FREERTOS.1.2.0
2025-01-23 09:13:13,069 [WARN] PackLoader:240 - Cannot read IP mode file for STMicroelectronics.X-CUBE-AZRTOS-L5.2.0.0
2025-01-23 09:13:13,076 [WARN] PackLoader:240 - Cannot read IP mode file for STMicroelectronics.X-CUBE-FREERTOS.1.3.0
2025-01-23 09:13:13,081 [WARN] PackLoader:240 - Cannot read IP mode file for STMicroelectronics.X-CUBE-NFC7.1.0.1
2025-01-23 09:13:13,091 [WARN] ConditionMgr:438 - getConditionDescription Invalid condition id : LAN8742 Phy interface Condition cause : null
2025-01-23 09:13:13,091 [WARN] PackLoader:240 - Cannot read IP mode file for STMicroelectronics.X-CUBE-AZRTOS-L4.2.0.0
2025-01-23 09:13:13,092 [WARN] ConditionMgr:1039 - genDependencies : Invalid condition id : LAN8742 Phy interface Condition cause : null
2025-01-23 09:13:13,092 [WARN] ConditionMgr:1039 - genDependencies : Invalid condition id : LAN8742 Phy interface Condition cause : null
2025-01-23 09:13:13,092 [WARN] ConditionMgr:1039 - genDependencies : Invalid condition id : LAN8742 Phy interface Condition cause : null
2025-01-23 09:13:13,096 [WARN] PackLoader:240 - Cannot read IP mode file for STMicroelectronics.X-CUBE-SFXS2LP1.4.0.0
2025-01-23 09:13:13,105 [WARN] PackLoader:240 - Cannot read IP mode file for STMicroelectronics.X-CUBE-IPS.3.0.0
2025-01-23 09:13:13,115 [WARN] ConditionMgr:438 - getConditionDescription Invalid condition id : UX DEVICE CLASS RTOS Condition cause : null
2025-01-23 09:13:13,116 [WARN] ConditionMgr:438 - getConditionDescription Invalid condition id : UX DEVICE CLASS RTOS Condition cause : null
2025-01-23 09:13:13,117 [WARN] PackLoader:240 - Cannot read IP mode file for STMicroelectronics.X-CUBE-AZRTOS-WB.2.0.0
2025-01-23 09:13:13,117 [WARN] ConditionMgr:1039 - genDependencies : Invalid condition id : UX DEVICE CLASS RTOS Condition cause : null
2025-01-23 09:13:13,117 [WARN] ConditionMgr:1039 - genDependencies : Invalid condition id : UX DEVICE CLASS RTOS Condition cause : null
2025-01-23 09:13:13,117 [WARN] ConditionMgr:1039 - genDependencies : Invalid condition id : UX DEVICE CLASS RTOS Condition cause : null
2025-01-23 09:13:13,117 [WARN] ConditionMgr:1039 - genDependencies : Invalid condition id : UX DEVICE CLASS RTOS Condition cause : null
2025-01-23 09:13:13,117 [WARN] ConditionMgr:1039 - genDependencies : Invalid condition id : UX DEVICE CLASS RTOS Condition cause : null
2025-01-23 09:13:13,123 [WARN] PackLoader:240 - Cannot read IP mode file for STMicroelectronics.X-CUBE-GNSS1.7.0.0
2025-01-23 09:13:13,126 [WARN] PackLoader:240 - Cannot read IP mode file for STMicroelectronics.X-CUBE-GNSS1.7.0.1
2025-01-23 09:13:13,134 [WARN] PackLoader:240 - Cannot read IP mode file for STMicroelectronics.X-CUBE-SUBG2.5.0.0
2025-01-23 09:13:13,139 [WARN] PackLoader:240 - Cannot read IP mode file for Cesanta.I-CUBE-Mongoose.7.13.0
2025-01-23 09:13:13,146 [WARN] PackLoader:240 - Cannot read IP mode file for STMicroelectronics.X-CUBE-AZRTOS-G4.2.0.0
2025-01-23 09:13:13,150 [ERROR] Engine:466 - C:\Users\user\.stm32cubemx\thirdparties\pdsc\STMicroelectronics.X-CUBE-IPS.3.1.0.pdsc: PDSC version is not supported
2025-01-23 09:13:13,154 [WARN] PackLoader:240 - Cannot read IP mode file for STMicroelectronics.X-CUBE-TOUCHGFX.4.24.2
2025-01-23 09:13:13,156 [WARN] PackLoader:240 - Cannot read IP mode file for STMicroelectronics.X-CUBE-TOUCHGFX.4.24.1
2025-01-23 09:13:13,161 [WARN] PackLoader:240 - Cannot read IP mode file for portGmbH.I-Cube-SoM-uGOAL.1.1.0
2025-01-23 09:13:13,162 [INFO] ThirdParty:978 - Integrity check success = true
2025-01-23 09:13:13,162 [INFO] IntegrityCheckThread:100 - exiting critical section [integrity check]
2025-01-23 09:13:13,162 [INFO] IntegrityCheckThread:103 - End integrity checks thread
2025-01-23 09:13:32,045 [ERROR] LogOutputStream:75 - [STDERR_REDIRECT] SLF4J: Failed to load class "org.slf4j.impl.StaticLoggerBinder".
2025-01-23 09:13:32,045 [ERROR] LogOutputStream:75 - [STDERR_REDIRECT] SLF4J: Defaulting to no-operation (NOP) logger implementation
2025-01-23 09:13:32,045 [ERROR] LogOutputStream:75 - [STDERR_REDIRECT] SLF4J: See http://www.slf4j.org/codes.html#StaticLoggerBinder for further details.
2025-01-23 09:22:51,668 [INFO] McuFinderGlobals:63 - Set McuFinder mode to 2 (CubeIDE integrated)
2025-01-23 09:22:51,671 [INFO] MainUpdater:2873 - connection check result : 10
2025-01-23 09:22:51,672 [INFO] MainUpdater:2873 - connection check result : 10
2025-01-23 09:22:51,698 [INFO] MicroXplorer:468 - Change Database Path : 
2025-01-23 09:22:51,698 [INFO] MicroXplorer:498 - Change Database Version : DB.6.0.100
2025-01-23 09:22:51,700 [WARN] ThirdParty:871 - waiting for thirdparty lock release [close project]
2025-01-23 09:22:51,700 [INFO] ThirdParty:873 - entering critical section [close project]
2025-01-23 09:22:51,701 [INFO] ThirdParty:883 - exiting critical section [close project]
2025-01-23 09:22:51,702 [INFO] PinOutPanel:1499 - setPackage(No Configuration,No Configuration)
2025-01-23 09:22:51,703 [INFO] UtilMem:75 - Begin LoadConfig() Used Memory: 664899872 Bytes (1045430272)
2025-01-23 09:22:51,703 [INFO] MicroXplorer:468 - Change Database Path : 
2025-01-23 09:22:51,703 [INFO] MicroXplorer:498 - Change Database Version : DB.6.0.100
2025-01-23 09:22:51,704 [INFO] OpenFileManager:312 - Change cursor
2025-01-23 09:22:51,718 [INFO] Mcu:2016 - Initializing MCU STM32F411R(C-E)Tx STM32F411RETx STM32F411RET6
2025-01-23 09:22:52,337 [INFO] Context:659 - Trying to add GPIOservice into a context  which must be forbidden
2025-01-23 09:22:52,643 [INFO] RtosManager:555 - Registered RTOS mode: class=CMSIS, group=RTOS, mode=CMSIS_V1, owner=FREERTOS
2025-01-23 09:22:52,643 [INFO] RtosManager:555 - Registered RTOS mode: class=CMSIS, group=RTOS2, mode=CMSIS_V2, owner=FREERTOS
2025-01-23 09:22:52,643 [INFO] RtosManager:555 - Registered RTOS mode: class=RTOS, group=Core, mode=CMSIS_V1, owner=FREERTOS
2025-01-23 09:22:52,643 [INFO] RtosManager:555 - Registered RTOS mode: class=RTOS, group=Core, mode=CMSIS_V2, owner=FREERTOS
2025-01-23 09:22:52,643 [WARN] ModelIntegratedComponent:184 - Missing modes for component STMicroelectronics:FreeRTOS:0.0.1:STMicroelectronics:RTOS:FreeRTOS:Core:::10.2.0:
2025-01-23 09:22:52,648 [WARN] ModelIntegratedComponent:182 - Modes not found for component STMicroelectronics:USB_HOST:1.0.0:STMicroelectronics:USB::USB Host:Audio HS::1.0:USB_HOST_1_0_RESTRICTED_HS
2025-01-23 09:22:52,648 [WARN] ModelIntegratedComponent:188 - Modes not found for component STMicroelectronics:USB_HOST:1.0.0:STMicroelectronics:USB::USB Host:Audio HS::1.0:USB_HOST_1_0_RESTRICTED_HS
2025-01-23 09:22:52,648 [WARN] ModelIntegratedComponent:182 - Modes not found for component STMicroelectronics:USB_HOST:1.0.0:STMicroelectronics:USB::USB Host:CDC HS::1.0:USB_HOST_1_0_RESTRICTED_HS
2025-01-23 09:22:52,648 [WARN] ModelIntegratedComponent:188 - Modes not found for component STMicroelectronics:USB_HOST:1.0.0:STMicroelectronics:USB::USB Host:CDC HS::1.0:USB_HOST_1_0_RESTRICTED_HS
2025-01-23 09:22:52,648 [WARN] ModelIntegratedComponent:182 - Modes not found for component STMicroelectronics:USB_HOST:1.0.0:STMicroelectronics:USB::USB Host:MSC HS::1.0:USB_HOST_1_0_RESTRICTED_HS
2025-01-23 09:22:52,648 [WARN] ModelIntegratedComponent:188 - Modes not found for component STMicroelectronics:USB_HOST:1.0.0:STMicroelectronics:USB::USB Host:MSC HS::1.0:USB_HOST_1_0_RESTRICTED_HS
2025-01-23 09:22:52,648 [WARN] ModelIntegratedComponent:182 - Modes not found for component STMicroelectronics:USB_HOST:1.0.0:STMicroelectronics:USB::USB Host:HID HS::1.0:USB_HOST_1_0_RESTRICTED_HS
2025-01-23 09:22:52,648 [WARN] ModelIntegratedComponent:188 - Modes not found for component STMicroelectronics:USB_HOST:1.0.0:STMicroelectronics:USB::USB Host:HID HS::1.0:USB_HOST_1_0_RESTRICTED_HS
2025-01-23 09:22:52,648 [WARN] ModelIntegratedComponent:182 - Modes not found for component STMicroelectronics:USB_HOST:1.0.0:STMicroelectronics:USB::USB Host:MTP HS::1.0:USB_HOST_1_0_RESTRICTED_HS
2025-01-23 09:22:52,648 [WARN] ModelIntegratedComponent:188 - Modes not found for component STMicroelectronics:USB_HOST:1.0.0:STMicroelectronics:USB::USB Host:MTP HS::1.0:USB_HOST_1_0_RESTRICTED_HS
2025-01-23 09:22:52,652 [WARN] ModelIntegratedComponent:63 - No mode defined for component null
2025-01-23 09:22:52,652 [WARN] ModelIntegratedComponent:63 - No mode defined for component null
2025-01-23 09:22:52,652 [WARN] ModelIntegratedComponent:63 - No mode defined for component null
2025-01-23 09:22:52,652 [WARN] ModelIntegratedComponent:63 - No mode defined for component null
2025-01-23 09:22:52,652 [WARN] ModelIntegratedComponent:63 - No mode defined for component null
2025-01-23 09:22:52,652 [WARN] ModelIntegratedComponent:63 - No mode defined for component null
2025-01-23 09:22:52,652 [WARN] ModelIntegratedComponent:63 - No mode defined for component null
2025-01-23 09:22:52,652 [WARN] ModelIntegratedComponent:63 - No mode defined for component null
2025-01-23 09:22:52,652 [WARN] ModelIntegratedComponent:63 - No mode defined for component null
2025-01-23 09:22:52,652 [WARN] ModelIntegratedComponent:63 - No mode defined for component null
2025-01-23 09:22:52,652 [WARN] ModelIntegratedComponent:63 - No mode defined for component null
2025-01-23 09:22:52,652 [WARN] ModelIntegratedComponent:63 - No mode defined for component null
2025-01-23 09:22:52,652 [WARN] ModelIntegratedComponent:63 - No mode defined for component null
2025-01-23 09:22:52,652 [WARN] ModelIntegratedComponent:63 - No mode defined for component null
2025-01-23 09:22:52,652 [WARN] ModelIntegratedComponent:63 - No mode defined for component null
2025-01-23 09:22:52,652 [WARN] ModelIntegratedComponent:63 - No mode defined for component null
2025-01-23 09:22:52,652 [WARN] ModelIntegratedComponent:63 - No mode defined for component null
2025-01-23 09:22:52,652 [WARN] ModelIntegratedComponent:63 - No mode defined for component null
2025-01-23 09:22:52,652 [WARN] ModelIntegratedComponent:63 - No mode defined for component null
2025-01-23 09:22:52,652 [WARN] ModelIntegratedComponent:63 - No mode defined for component null
2025-01-23 09:22:52,652 [WARN] ModelIntegratedComponent:63 - No mode defined for component null
2025-01-23 09:22:52,652 [WARN] ModelIntegratedComponent:63 - No mode defined for component null
2025-01-23 09:22:52,652 [WARN] ModelIntegratedComponent:63 - No mode defined for component null
2025-01-23 09:22:52,652 [WARN] ModelIntegratedComponent:63 - No mode defined for component null
2025-01-23 09:22:52,652 [WARN] ModelIntegratedComponent:63 - No mode defined for component null
2025-01-23 09:22:52,652 [WARN] ModelIntegratedComponent:63 - No mode defined for component null
2025-01-23 09:22:52,652 [WARN] ModelIntegratedComponent:63 - No mode defined for component null
2025-01-23 09:22:52,652 [WARN] ModelIntegratedComponent:63 - No mode defined for component null
2025-01-23 09:22:52,652 [WARN] ModelIntegratedComponent:63 - No mode defined for component null
2025-01-23 09:22:52,652 [WARN] ModelIntegratedComponent:63 - No mode defined for component null
2025-01-23 09:22:52,652 [WARN] ModelIntegratedComponent:63 - No mode defined for component null
2025-01-23 09:22:52,652 [WARN] ModelIntegratedComponent:63 - No mode defined for component null
2025-01-23 09:22:52,652 [WARN] ModelIntegratedComponent:63 - No mode defined for component null
2025-01-23 09:22:52,697 [WARN] ModelIntegratedComponent:182 - Modes not found for component STMicroelectronics:USB_DEVICE:1.0.0:STMicroelectronics:USB::USB Device:Audio HS::1.0:USB_DEVICE_1_0_RESTRICTED_HS
2025-01-23 09:22:52,697 [WARN] ModelIntegratedComponent:188 - Modes not found for component STMicroelectronics:USB_DEVICE:1.0.0:STMicroelectronics:USB::USB Device:Audio HS::1.0:USB_DEVICE_1_0_RESTRICTED_HS
2025-01-23 09:22:52,698 [WARN] ModelIntegratedComponent:182 - Modes not found for component STMicroelectronics:USB_DEVICE:1.0.0:STMicroelectronics:USB::USB Device:CDC HS::1.0:USB_DEVICE_1_0_RESTRICTED_HS
2025-01-23 09:22:52,698 [WARN] ModelIntegratedComponent:188 - Modes not found for component STMicroelectronics:USB_DEVICE:1.0.0:STMicroelectronics:USB::USB Device:CDC HS::1.0:USB_DEVICE_1_0_RESTRICTED_HS
2025-01-23 09:22:52,698 [WARN] ModelIntegratedComponent:182 - Modes not found for component STMicroelectronics:USB_DEVICE:1.0.0:STMicroelectronics:USB::USB Device:DFU HS::1.0:USB_DEVICE_1_0_RESTRICTED_HS
2025-01-23 09:22:52,698 [WARN] ModelIntegratedComponent:188 - Modes not found for component STMicroelectronics:USB_DEVICE:1.0.0:STMicroelectronics:USB::USB Device:DFU HS::1.0:USB_DEVICE_1_0_RESTRICTED_HS
2025-01-23 09:22:52,698 [WARN] ModelIntegratedComponent:182 - Modes not found for component STMicroelectronics:USB_DEVICE:1.0.0:STMicroelectronics:USB::USB Device:HID HS::1.0:USB_DEVICE_1_0_RESTRICTED_HS
2025-01-23 09:22:52,698 [WARN] ModelIntegratedComponent:188 - Modes not found for component STMicroelectronics:USB_DEVICE:1.0.0:STMicroelectronics:USB::USB Device:HID HS::1.0:USB_DEVICE_1_0_RESTRICTED_HS
2025-01-23 09:22:52,698 [WARN] ModelIntegratedComponent:182 - Modes not found for component STMicroelectronics:USB_DEVICE:1.0.0:STMicroelectronics:USB::USB Device:Custom HID HS::1.0:USB_DEVICE_1_0_RESTRICTED_HS
2025-01-23 09:22:52,698 [WARN] ModelIntegratedComponent:188 - Modes not found for component STMicroelectronics:USB_DEVICE:1.0.0:STMicroelectronics:USB::USB Device:Custom HID HS::1.0:USB_DEVICE_1_0_RESTRICTED_HS
2025-01-23 09:22:52,698 [WARN] ModelIntegratedComponent:182 - Modes not found for component STMicroelectronics:USB_DEVICE:1.0.0:STMicroelectronics:USB::USB Device:MSC HS::1.0:USB_DEVICE_1_0_RESTRICTED_HS
2025-01-23 09:22:52,698 [WARN] ModelIntegratedComponent:188 - Modes not found for component STMicroelectronics:USB_DEVICE:1.0.0:STMicroelectronics:USB::USB Device:MSC HS::1.0:USB_DEVICE_1_0_RESTRICTED_HS
2025-01-23 09:22:52,704 [INFO] ThirdPartyModel:298 - Start build external matchings
2025-01-23 09:22:52,837 [INFO] ThirdPartyModel:316 - End build external matchings
2025-01-23 09:22:52,848 [INFO] ImportTextPane:194 - (OptionalMessage_ERROR) IP (DMA) : Parameter (Instance) has Id (USART1_RX) currently not set
2025-01-23 09:22:52,848 [INFO] ImportTextPane:194 - (OptionalMessage_ERROR) IP (DMA) : Parameter (Channel) has Id (USART1_RX) currently not set
2025-01-23 09:22:52,848 [INFO] ImportTextPane:194 - (OptionalMessage_ERROR) IP (DMA) : Parameter (Direction) has Id (USART1_RX) currently not set
2025-01-23 09:22:52,848 [INFO] ImportTextPane:194 - (OptionalMessage_ERROR) IP (DMA) : Parameter (PeriphInc) has Id (USART1_RX) currently not set
2025-01-23 09:22:52,848 [INFO] ImportTextPane:194 - (OptionalMessage_ERROR) IP (DMA) : Parameter (MemInc) has Id (USART1_RX) currently not set
2025-01-23 09:22:52,848 [INFO] ImportTextPane:194 - (OptionalMessage_ERROR) IP (DMA) : Parameter (PeriphDataAlignment) has Id (USART1_RX) currently not set
2025-01-23 09:22:52,848 [INFO] ImportTextPane:194 - (OptionalMessage_ERROR) IP (DMA) : Parameter (MemDataAlignment) has Id (USART1_RX) currently not set
2025-01-23 09:22:52,848 [INFO] ImportTextPane:194 - (OptionalMessage_ERROR) IP (DMA) : Parameter (Mode) has Id (USART1_RX) currently not set
2025-01-23 09:22:52,848 [INFO] ImportTextPane:194 - (OptionalMessage_ERROR) IP (DMA) : Parameter (Priority) has Id (USART1_RX) currently not set
2025-01-23 09:22:52,848 [INFO] ImportTextPane:194 - (OptionalMessage_ERROR) IP (DMA) : Parameter (FIFOMode) has Id (USART1_RX) currently not set
2025-01-23 09:22:52,848 [INFO] ImportTextPane:194 - (OptionalMessage_ERROR) IP (DMA) : Parameter (Instance) has Id (USART2_RX) currently not set
2025-01-23 09:22:52,848 [INFO] ImportTextPane:194 - (OptionalMessage_ERROR) IP (DMA) : Parameter (Channel) has Id (USART2_RX) currently not set
2025-01-23 09:22:52,848 [INFO] ImportTextPane:194 - (OptionalMessage_ERROR) IP (DMA) : Parameter (Direction) has Id (USART2_RX) currently not set
2025-01-23 09:22:52,848 [INFO] ImportTextPane:194 - (OptionalMessage_ERROR) IP (DMA) : Parameter (PeriphInc) has Id (USART2_RX) currently not set
2025-01-23 09:22:52,848 [INFO] ImportTextPane:194 - (OptionalMessage_ERROR) IP (DMA) : Parameter (MemInc) has Id (USART2_RX) currently not set
2025-01-23 09:22:52,848 [INFO] ImportTextPane:194 - (OptionalMessage_ERROR) IP (DMA) : Parameter (PeriphDataAlignment) has Id (USART2_RX) currently not set
2025-01-23 09:22:52,848 [INFO] ImportTextPane:194 - (OptionalMessage_ERROR) IP (DMA) : Parameter (MemDataAlignment) has Id (USART2_RX) currently not set
2025-01-23 09:22:52,848 [INFO] ImportTextPane:194 - (OptionalMessage_ERROR) IP (DMA) : Parameter (Mode) has Id (USART2_RX) currently not set
2025-01-23 09:22:52,848 [INFO] ImportTextPane:194 - (OptionalMessage_ERROR) IP (DMA) : Parameter (Priority) has Id (USART2_RX) currently not set
2025-01-23 09:22:52,848 [INFO] ImportTextPane:194 - (OptionalMessage_ERROR) IP (DMA) : Parameter (FIFOMode) has Id (USART2_RX) currently not set
2025-01-23 09:22:52,849 [INFO] ImportTextPane:194 - (OptionalMessage_ERROR) IP (RCC) : Parameter (48MHZClocksFreq_Value) has invalid value (84000000)
2025-01-23 09:22:52,849 [INFO] ImportTextPane:194 - (OptionalMessage_ERROR) IP (RCC) : Parameter (FLatency) has Id (AdvancedSettings) currently not set
2025-01-23 09:22:52,850 [INFO] ImportTextPane:194 - (OptionalMessage_ERROR) IP (RCC) : Parameter (RTCHSEDivFreq_Value) has invalid value (4000000)
2025-01-23 09:22:53,005 [INFO] UtilMem:75 - End LoadConfig() Used Memory: 724085400 Bytes (1073741824)
2025-01-23 09:22:53,079 [INFO] ApiDb:581 - Connected to CubeFinder SQLite database (C:\Users\user\.stmcufinder\plugins\mcufinder\mcu\cube-finder-db.db)
2025-01-23 09:22:53,124 [INFO] ApiDb:668 - CubeFinder database Data Model version=2.1
2025-01-23 09:22:53,124 [INFO] ApiDb:669 - CubeFinder database Configuration version=3.0.39
2025-01-23 09:22:53,124 [INFO] ApiDb:670 - CubeFinder database generation date=2024-12-10 (1733817889)
2025-01-23 09:22:53,124 [INFO] ApiDb:671 - CubeFinder database FW Pack versions=[FP-ATR-ASTRA1_V2.0.0, FP-SNS-FLIGHT1_V5.0.2, FP-SNS-MOTENV1_V5.0.0, FP-SNS-MOTENVWB1_V1.4.0, FP-SNS-SMARTAG2_V1.2.0, FP-SNS-STBOX1_V2.0.0, STM32Cube_FW_C0_V1.3.0, STM32Cube_FW_F4_V1.28.1, STM32Cube_FW_F7_V1.17.2, STM32Cube_FW_G0_V1.6.2, STM32Cube_FW_G4_V1.6.1, STM32Cube_FW_H5_V1.4.0, STM32Cube_FW_H7RS_V1.1.0, STM32Cube_FW_H7_V1.12.0, STM32Cube_FW_L0_V1.12.2, STM32Cube_FW_L4_V1.18.1, STM32Cube_FW_L5_V1.5.1, STM32Cube_FW_N6_V1.0.0, STM32Cube_FW_U0_V1.2.0, STM32Cube_FW_U3_V1.0.0, STM32Cube_FW_U5_V1.7.0, STM32Cube_FW_WB0_V1.1.0, STM32Cube_FW_WBA_V1.5.0, STM32Cube_FW_WB_V1.21.0, STM32Cube_FW_WL3_V1.0.0, STM32Cube_FW_WL_V1.3.0, X-CUBE-ALGOBUILD_V1.4.0, X-CUBE-ALS_V1.0.2, X-CUBE-AZRTOS-F4_V1.1.0, X-CUBE-AZRTOS-F7_V1.1.0, X-CUBE-AZRTOS-G0_V1.1.0, X-CUBE-AZRTOS-G4_V2.0.0, X-CUBE-AZRTOS-H7RS_V1.0.0, X-CUBE-AZRTOS-H7_V3.3.0, X-CUBE-AZRTOS-L4_V2.0.0, X-CUBE-AZRTOS-L5_V2.0.0, X-CUBE-AZRTOS-WB_V2.0.0, X-CUBE-AZRTOS-WL_V2.0.0, X-CUBE-BLE1_V7.0.0, X-CUBE-BLE2_V3.3.0, X-CUBE-BLEMGR_V3.1.0, X-CUBE-EEPRMA1_V5.1.0, X-CUBE-FREERTOS_V1.2.0, X-CUBE-GNSS1_V6.0.0, X-CUBE-MEMS1_V11.0.0, X-CUBE-NFC4_V3.0.0, X-CUBE-NFC7_V1.0.1, X-CUBE-SFXS2LP1_V4.0.0, X-CUBE-SUBG2_V5.0.0, X-CUBE-TOF1_V3.4.2]
2025-01-23 09:22:54,647 [INFO] ApiDb:240 - Found 371 in-development CPN: [B-G473E-ZEST1S, B-WB1M-WPAN1, B-WL5M-SUBG1, NUCLEO-C031C6, NUCLEO-H503RB, NUCLEO-H563ZI, NUCLEO-U545RE-Q, NUCLEO-U5A5ZJ-Q, NUCLEO-WBA52CG, NUCLEO-WBA55CG, STEVAL-MKBOXPRO, STEVAL-PROTEUS1, STEVAL-STWINBX1, STM320518-EVAL, STM32C0116-DK, STM32C011D6Y3TR, STM32C011D6Y6TR, STM32C011F4P3, STM32C011F4P6, STM32C011F4U3, STM32C011F4U6TR, STM32C011F6P3, STM32C011F6P6, STM32C011F6U3, STM32C011F6U6TR, STM32C011J4M3, STM32C011J4M6, STM32C011J6M3, STM32C011J6M6, STM32C0316-DK, STM32C031C4T3, STM32C031C4T6, STM32C031C4U3, STM32C031C4U6, STM32C031C6T3, STM32C031C6T6, STM32C031C6U3, STM32C031C6U6, STM32C031F4P3, STM32C031F4P6, STM32C031F6P3, STM32C031F6P6, STM32C031G4U3, STM32C031G4U6, STM32C031G6U3, STM32C031G6U6, STM32C031K4T3, STM32C031K4T6, STM32C031K4U3, STM32C031K4U6, STM32C031K6T3, STM32C031K6T6, STM32C031K6U3, STM32C031K6U6, STM32G071K8TXN, STM32G071K8UXN, STM32G081GBU6N, STM32G081KBT6N, STM32G081KBUXN, STM32G0B1CCT6N, STM32G0B1KCT6, STM32G0B1NEY6TR, STM32G0B1RCT6N, STM32G0C1CCT6, STM32G0C1CCT6N, STM32G0C1CCU6N, STM32G0C1CET6N, STM32G0C1CEU6N, STM32G0C1KCT6, STM32G0C1NEY6TR, STM32G0C1RCI6N, STM32G0C1RCT6N, STM32G0C1REI6N, STM32G0C1RET6N, STM32G0C1VCI6, STM32G0C1VEI6, STM32G471CCT6, STM32G471CCU6, STM32G471CET3, STM32G471CET6, STM32G471CEU3, STM32G471CEU6, STM32G471MCT6, STM32G471MET3, STM32G471MET6, STM32G471MEY6TR, STM32G471QCT6, STM32G471QET3, STM32G471RCT6, STM32G471RET3, STM32G471RET6, STM32G471VCH6, STM32G471VCI6, STM32G471VCT6, STM32G471VEH3, STM32G471VEH6, STM32G471VEI3, STM32G471VEI6, STM32G471VET3, STM32G471VET6, STM32G474CCT6, STM32H503CBT6, STM32H503CBU6, STM32H503EBY6TR, STM32H503KBU6, STM32H503RBT6, STM32H562AGI6, STM32H562AII6, STM32H562IGK6, STM32H562IGT6, STM32H562IIK6, STM32H562IIT6, STM32H562RGT6, STM32H562RGV6, STM32H562RIT6, STM32H562RIV6, STM32H562VGT6, STM32H562VIT6, STM32H562ZGT6, STM32H562ZIT6, STM32H563AGI6, STM32H563AII3Q, STM32H563AII6, STM32H563IGK6, STM32H563IGT6, STM32H563IIK3Q, STM32H563IIK6, STM32H563IIT3Q, STM32H563IIT6, STM32H563MIY3QTR, STM32H563RGT6, STM32H563RGV6, STM32H563RIT6, STM32H563RIV6, STM32H563VGT6, STM32H563VIT3Q, STM32H563VIT6, STM32H563ZGT6, STM32H563ZIT3Q, STM32H563ZIT6, STM32H573AII3Q, STM32H573AII6, STM32H573I-DK, STM32H573IIK3Q, STM32H573IIK6, STM32H573IIT3Q, STM32H573IIT6, STM32H573MIY3QTR, STM32H573RIT6, STM32H573RIV6, STM32H573VIT3Q, STM32H573VIT6, STM32H573ZIT3Q, STM32H573ZIT6, STM32L4R5QGI6STR, STM32MP131AAE3, STM32MP131AAF3, STM32MP131AAG3, STM32MP131CAE3, STM32MP131CAF3, STM32MP131CAG3, STM32MP131DAE7, STM32MP131DAF7, STM32MP131DAG7, STM32MP131FAE7, STM32MP131FAF7, STM32MP131FAG7, STM32MP133AAE3, STM32MP133AAF3, STM32MP133AAG3, STM32MP133CAE3, STM32MP133CAF3, STM32MP133CAG3, STM32MP133DAE7, STM32MP133DAF7, STM32MP133DAG7, STM32MP133FAE7, STM32MP133FAF7, STM32MP133FAG7, STM32MP135AAE3, STM32MP135AAF3, STM32MP135AAG3, STM32MP135CAE3, STM32MP135CAF3, STM32MP135CAG3, STM32MP135DAE7, STM32MP135DAF7, STM32MP135DAG7, STM32MP135F-DK, STM32MP135FAE7, STM32MP135FAF7, STM32MP135FAF7T, STM32MP135FAF7U, STM32MP135FAG7, STM32U535CBT6, STM32U535CBT6Q, STM32U535CBU6, STM32U535CBU6Q, STM32U535CCT6, STM32U535CCT6Q, STM32U535CCU6, STM32U535CCU6Q, STM32U535CET6, STM32U535CET6Q, STM32U535CEU6, STM32U535CEU6Q, STM32U535JEY6QTR, STM32U535NCY6QTR, STM32U535NEY6QTR, STM32U535RBI6, STM32U535RBI6Q, STM32U535RBT6, STM32U535RBT6Q, STM32U535RCI6, STM32U535RCI6Q, STM32U535RCT6, STM32U535RCT6Q, STM32U535REI6, STM32U535REI6Q, STM32U535RET6, STM32U535RET6Q, STM32U535VCI6, STM32U535VCI6Q, STM32U535VCT6, STM32U535VCT6Q, STM32U535VEI6, STM32U535VEI6Q, STM32U535VET6, STM32U535VET6Q, STM32U545CET6, STM32U545CET6Q, STM32U545CEU6, STM32U545CEU6Q, STM32U545JEY6QTR, STM32U545NEY6QTR, STM32U545REI6, STM32U545REI6Q, STM32U545RET6, STM32U545RET6Q, STM32U545VEI6, STM32U545VEI6Q, STM32U545VET6, STM32U545VET6Q, STM32U595AIH6, STM32U595AIH6Q, STM32U595AJH6, STM32U595AJH6Q, STM32U595QII6, STM32U595QII6Q, STM32U595QJI6, STM32U595QJI6Q, STM32U595RIT6, STM32U595RIT6Q, STM32U595RJT6, STM32U595RJT6Q, STM32U595VIT6, STM32U595VIT6Q, STM32U595VJT6, STM32U595VJT6Q, STM32U595ZIT6, STM32U595ZIT6Q, STM32U595ZIY6QTR, STM32U595ZJT6, STM32U595ZJT6Q, STM32U595ZJY6QTR, STM32U599BJY6QTR, STM32U599NIH6Q, STM32U599NJH6Q, STM32U599VIT6Q, STM32U599VJT6, STM32U599VJT6Q, STM32U599ZIT6Q, STM32U599ZIY6QTR, STM32U599ZJT6Q, STM32U599ZJY6QTR, STM32U5A5AJH6, STM32U5A5AJH6Q, STM32U5A5QJI6, STM32U5A5QJI6Q, STM32U5A5RJT6, STM32U5A5RJT6Q, STM32U5A5VJT6, STM32U5A5VJT6Q, STM32U5A5ZJT6, STM32U5A5ZJT6Q, STM32U5A5ZJY6QTR, STM32U5A9BJY6QTR, STM32U5A9J-DK, STM32U5A9NJH6Q, STM32U5A9VJT6Q, STM32U5A9ZJT6Q, STM32U5A9ZJY6QTR, STM32U5F7VIT6, STM32U5F7VIT6Q, STM32U5F7VJT6, STM32U5F7VJT6Q, STM32U5F9BJY6QTR, STM32U5F9NJH6Q, STM32U5F9VIT6Q, STM32U5F9VJT6Q, STM32U5F9ZIJ6QTR, STM32U5F9ZIT6Q, STM32U5F9ZJJ6QTR, STM32U5F9ZJT6Q, STM32U5G7VJT6, STM32U5G7VJT6Q, STM32U5G9BJY6QTR, STM32U5G9J-DK1, STM32U5G9J-DK2, STM32U5G9NJH6Q, STM32U5G9VJT6Q, STM32U5G9ZJJ6QTR, STM32U5G9ZJT6Q, STM32WB1MMCH6, STM32WBA50KEU6, STM32WBA50KEU6TR, STM32WBA50KGU6, STM32WBA50KGU6TR, STM32WBA52CEU6, STM32WBA52CEU6TR, STM32WBA52CEU7, STM32WBA52CEU7TR, STM32WBA52CGU6, STM32WBA52CGU6TR, STM32WBA52CGU6U, STM32WBA52CGU7, STM32WBA52CGU7TR, STM32WBA52KEU6, STM32WBA52KEU6TR, STM32WBA52KGU6, STM32WBA52KGU6TR, STM32WBA54CEU6, STM32WBA54CEU6TR, STM32WBA54CEU7, STM32WBA54CEU7TR, STM32WBA54CGU6, STM32WBA54CGU6TR, STM32WBA54CGU7, STM32WBA54CGU7TR, STM32WBA54KEU6, STM32WBA54KEU6TR, STM32WBA54KEU7, STM32WBA54KEU7TR, STM32WBA54KGU6, STM32WBA54KGU6TR, STM32WBA54KGU7, STM32WBA54KGU7TR, STM32WBA55CEU6, STM32WBA55CEU6TR, STM32WBA55CEU7, STM32WBA55CEU7TR, STM32WBA55CGU6, STM32WBA55CGU6TR, STM32WBA55CGU6U, STM32WBA55CGU7, STM32WBA55CGU7TR, STM32WBA55G-DK1, STM32WBA55HEF6, STM32WBA55HEF7, STM32WBA55HGF6, STM32WBA55HGF7, STM32WBA55UEI6, STM32WBA55UEI6TR, STM32WBA55UEI7, STM32WBA55UEI7TR, STM32WBA55UGI6, STM32WBA55UGI6TR, STM32WBA55UGI7, STM32WBA55UGI7TR, STM32WL5MOCH6, STM32WL5MOCH6TR]
2025-01-23 09:22:54,651 [INFO] DbMcus:218 - Found 4404 MCUs, 4404 are supported
2025-01-23 09:22:54,653 [INFO] ApiDb:423 - Load user favorites file C:\Users\user/.stm32cubeide/favorites.mcus.txt: 0 item(s)
2025-01-23 09:22:54,653 [INFO] ApiDb:427 - User favorites MCUs=[]
2025-01-23 09:22:54,653 [INFO] DbMcus:224 - Set 0 / 0 favorites MCUs
2025-01-23 09:22:54,856 [INFO] MicroXplorer:468 - Change Database Path : 
2025-01-23 09:22:54,856 [INFO] MicroXplorer:498 - Change Database Version : DB.6.0.100
2025-01-23 09:22:54,856 [WARN] ThirdParty:833 - waiting for thirdparty lock release [change project]
2025-01-23 09:22:54,856 [INFO] ThirdParty:835 - entering critical section [change project]
2025-01-23 09:22:54,856 [INFO] ThirdParty:1030 - CMSIS Pack Vendor :STMicroelectronics USBPD 4.1
2025-01-23 09:22:54,856 [INFO] ThirdParty:1030 - CMSIS Pack Vendor :STMicroelectronics USB_HOST 2.0.0
2025-01-23 09:22:54,856 [INFO] ThirdParty:1030 - CMSIS Pack Vendor :STMicroelectronics X-CUBE-AZRTOS-F4 1.1.0
2025-01-23 09:22:54,856 [INFO] ThirdParty:1030 - CMSIS Pack Vendor :STMicroelectronics LIBJPEG 8.0.0
2025-01-23 09:22:54,856 [INFO] ThirdParty:1030 - CMSIS Pack Vendor :STMicroelectronics X-CUBE-SMBUS 2.1.0
2025-01-23 09:22:54,856 [INFO] ThirdParty:1030 - CMSIS Pack Vendor :STMicroelectronics USB_DEVICE 3.0.0
2025-01-23 09:22:54,856 [INFO] ThirdParty:1030 - CMSIS Pack Vendor :STMicroelectronics X-CUBE-TCPP 4.1.0
2025-01-23 09:22:54,856 [INFO] ThirdParty:1030 - CMSIS Pack Vendor :STMicroelectronics X-CUBE-FREERTOS 1.2.0
2025-01-23 09:22:54,856 [INFO] ThirdParty:1030 - CMSIS Pack Vendor :STMicroelectronics X-CUBE-IPS 3.0.0
2025-01-23 09:22:54,856 [INFO] ThirdParty:1030 - CMSIS Pack Vendor :STMicroelectronics X-CUBE-AZRTOS-WB 2.0.0
2025-01-23 09:22:54,856 [INFO] ThirdParty:1030 - CMSIS Pack Vendor :STMicroelectronics X-CUBE-GNSS1 7.0.0
2025-01-23 09:22:54,856 [INFO] ThirdParty:1030 - CMSIS Pack Vendor :STMicroelectronics X-CUBE-GNSS1 7.0.1
2025-01-23 09:22:54,856 [INFO] ThirdParty:1030 - CMSIS Pack Vendor :STMicroelectronics X-CUBE-AZRTOS-F7 1.1.0
2025-01-23 09:22:54,856 [INFO] ThirdParty:1030 - CMSIS Pack Vendor :STMicroelectronics X-CUBE-AZRTOS-L5 2.0.0
2025-01-23 09:22:54,856 [INFO] ThirdParty:1030 - CMSIS Pack Vendor :STMicroelectronics USB_DEVICE 2.0.0
2025-01-23 09:22:54,856 [INFO] ThirdParty:1030 - CMSIS Pack Vendor :STMicroelectronics X-CUBE-MEMS1 11.0.0
2025-01-23 09:22:54,856 [INFO] ThirdParty:1030 - CMSIS Pack Vendor :STMicroelectronics FreeRTOS 0.0.1
2025-01-23 09:22:54,856 [INFO] ThirdParty:1030 - CMSIS Pack Vendor :STMicroelectronics X-CUBE-AZRTOS-G0 1.1.0
2025-01-23 09:22:54,856 [INFO] ThirdParty:1030 - CMSIS Pack Vendor :STMicroelectronics X-CUBE-NFC4 3.0.0
2025-01-23 09:22:54,856 [INFO] ThirdParty:1030 - CMSIS Pack Vendor :STMicroelectronics X-CUBE-SUBG2 5.0.0
2025-01-23 09:22:54,856 [INFO] ThirdParty:1030 - CMSIS Pack Vendor :STMicroelectronics STM32_WPAN 1.0.0
2025-01-23 09:22:54,856 [INFO] ThirdParty:1030 - CMSIS Pack Vendor :EmbeddedOffice I-CUBE-FS-RTOS 1.0.1
2025-01-23 09:22:54,856 [INFO] ThirdParty:1030 - CMSIS Pack Vendor :STMicroelectronics lwIP 2.0.3
2025-01-23 09:22:54,856 [INFO] ThirdParty:1030 - CMSIS Pack Vendor :STMicroelectronics FP-SNS-FLIGHT1 5.0.2
2025-01-23 09:22:54,856 [INFO] ThirdParty:1030 - CMSIS Pack Vendor :Cesanta I-CUBE-Mongoose 7.13.0
2025-01-23 09:22:54,856 [INFO] ThirdParty:1030 - CMSIS Pack Vendor :STMicroelectronics USB_HOST 1.0.0
2025-01-23 09:22:54,856 [INFO] ThirdParty:1030 - CMSIS Pack Vendor :Infineon AIROC-Wi-Fi-Bluetooth-STM32 1.7.0
2025-01-23 09:22:54,856 [INFO] ThirdParty:1030 - CMSIS Pack Vendor :STMicroelectronics X-CUBE-AZRTOS-G4 2.0.0
2025-01-23 09:22:54,856 [INFO] ThirdParty:1030 - CMSIS Pack Vendor :STMicroelectronics PDM2PCM 3.1.0
2025-01-23 09:22:54,856 [INFO] ThirdParty:1030 - CMSIS Pack Vendor :STMicroelectronics PDM2PCM 3.3.0
2025-01-23 09:22:54,856 [INFO] ThirdParty:1030 - CMSIS Pack Vendor :STMicroelectronics X-CUBE-DISPLAY 3.0.0
2025-01-23 09:22:54,857 [INFO] ThirdParty:1030 - CMSIS Pack Vendor :STMicroelectronics X-CUBE-BLE1 7.0.0
2025-01-23 09:22:54,857 [INFO] ThirdParty:1030 - CMSIS Pack Vendor :STMicroelectronics FP-ATR-SIGFOX1 3.2.0
2025-01-23 09:22:54,857 [INFO] ThirdParty:1030 - CMSIS Pack Vendor :quantropi X-CUBE-qispace-sdk-base 1.9.3
2025-01-23 09:22:54,857 [INFO] ThirdParty:1030 - CMSIS Pack Vendor :STMicroelectronics X-CUBE-BLEMGR 4.0.0
2025-01-23 09:22:54,857 [INFO] ThirdParty:1030 - CMSIS Pack Vendor :STMicroelectronics HAL Drivers 0.0.0
2025-01-23 09:22:54,857 [INFO] ThirdParty:1030 - CMSIS Pack Vendor :STMicroelectronics MBEDTLS 2.16.2
2025-01-23 09:22:54,857 [INFO] ThirdParty:1030 - CMSIS Pack Vendor :STMicroelectronics X-CUBE-FREERTOS 1.3.0
2025-01-23 09:22:54,857 [INFO] ThirdParty:1030 - CMSIS Pack Vendor :STMicroelectronics X-CUBE-NFC7 1.0.1
2025-01-23 09:22:54,857 [INFO] ThirdParty:1030 - CMSIS Pack Vendor :STMicroelectronics MBEDTLS 2.14.1
2025-01-23 09:22:54,857 [INFO] ThirdParty:1030 - CMSIS Pack Vendor :STMicroelectronics X-CUBE-TOUCHGFX 4.24.2
2025-01-23 09:22:54,857 [INFO] ThirdParty:1030 - CMSIS Pack Vendor :STMicroelectronics X-CUBE-TOUCHGFX 4.24.1
2025-01-23 09:22:54,857 [INFO] ThirdParty:1030 - CMSIS Pack Vendor :portGmbH I-Cube-SoM-uGOAL 1.1.0
2025-01-23 09:22:54,857 [INFO] ThirdParty:1030 - CMSIS Pack Vendor :STMicroelectronics X-CUBE-BLEMGR 3.1.0
2025-01-23 09:22:54,857 [INFO] ThirdParty:1030 - CMSIS Pack Vendor :STMicroelectronics ThreadX 1.0.0
2025-01-23 09:22:54,857 [INFO] ThirdParty:1030 - CMSIS Pack Vendor :STMicroelectronics FP-SNS-SMARTAG2 1.2.0
2025-01-23 09:22:54,857 [INFO] ThirdParty:1030 - CMSIS Pack Vendor :STMicroelectronics X-CUBE-MEMS1 11.1.0
2025-01-23 09:22:54,857 [INFO] ThirdParty:1030 - CMSIS Pack Vendor :STMicroelectronics X-CUBE-AZRTOS-WL 2.0.0
2025-01-23 09:22:54,857 [INFO] ThirdParty:1030 - CMSIS Pack Vendor :SEGGER I-CUBE-embOS 1.3.1
2025-01-23 09:22:54,857 [INFO] ThirdParty:1030 - CMSIS Pack Vendor :STMicroelectronics USB_DEVICE 1.0.0
2025-01-23 09:22:54,857 [INFO] ThirdParty:1030 - CMSIS Pack Vendor :STMicroelectronics X-CUBE-AZRTOS-L4 2.0.0
2025-01-23 09:22:54,857 [INFO] ThirdParty:1030 - CMSIS Pack Vendor :STMicroelectronics ThreadX 0.0.2
2025-01-23 09:22:54,857 [INFO] ThirdParty:1030 - CMSIS Pack Vendor :WES I-CUBE-Cesium 1.3.0
2025-01-23 09:22:54,857 [INFO] ThirdParty:1030 - CMSIS Pack Vendor :STMicroelectronics lwIP 2.1.2
2025-01-23 09:22:54,857 [INFO] ThirdParty:1030 - CMSIS Pack Vendor :STMicroelectronics X-CUBE-SFXS2LP1 4.0.0
2025-01-23 09:22:54,857 [INFO] ThirdParty:1030 - CMSIS Pack Vendor :STMicroelectronics X-CUBE-BLE2 3.3.0
2025-01-23 09:22:54,857 [INFO] ThirdParty:1030 - CMSIS Pack Vendor :STMicroelectronics PDM2PCM 3.2.0
2025-01-23 09:22:54,857 [INFO] ThirdParty:841 - exiting critical section [change project]
2025-01-23 09:22:55,023 [INFO] PinOutPanel:1499 - setPackage(No Configuration,No Configuration)
2025-01-23 09:22:55,025 [INFO] PinOutPanel:1499 - setPackage(STM32F411RETx,LQFP64)
2025-01-23 09:22:55,293 [INFO] UtilMem:75 - Before build in PCC Used Memory: 759716520 Bytes (1073741824)
2025-01-23 09:22:55,808 [INFO] UtilMem:75 - After build in PCC Used Memory: 825803016 Bytes (1073741824)
2025-01-23 09:22:55,822 [INFO] IPUIPlugin:80 - create IPUIPlugin
2025-01-23 09:22:55,822 [INFO] IPUIPlugin:80 - create IPUIPlugin
2025-01-23 09:22:55,823 [INFO] IPUIPlugin:80 - create IPUIPlugin
2025-01-23 09:22:55,823 [INFO] IPUIPlugin:80 - create IPUIPlugin
2025-01-23 09:22:55,823 [INFO] IPUIPlugin:80 - create IPUIPlugin
2025-01-23 09:22:55,823 [INFO] IPUIPlugin:80 - create IPUIPlugin
2025-01-23 09:22:55,823 [INFO] IPUIPlugin:80 - create IPUIPlugin
2025-01-23 09:22:55,823 [INFO] IPUIPlugin:80 - create IPUIPlugin
2025-01-23 09:22:55,823 [INFO] IPUIPlugin:80 - create IPUIPlugin
2025-01-23 09:22:55,823 [INFO] IPUIPlugin:80 - create IPUIPlugin
2025-01-23 09:22:55,823 [INFO] IPUIPlugin:80 - create IPUIPlugin
2025-01-23 09:22:55,823 [INFO] IPUIPlugin:80 - create IPUIPlugin
2025-01-23 09:22:55,823 [INFO] IPUIPlugin:80 - create IPUIPlugin
2025-01-23 09:22:55,824 [INFO] IPUIPlugin:80 - create IPUIPlugin
2025-01-23 09:22:55,824 [INFO] IPUIPlugin:80 - create IPUIPlugin
2025-01-23 09:22:55,824 [INFO] IPUIPlugin:80 - create IPUIPlugin
2025-01-23 09:22:55,824 [INFO] IPUIPlugin:80 - create IPUIPlugin
2025-01-23 09:22:55,824 [INFO] IPUIPlugin:80 - create IPUIPlugin
2025-01-23 09:22:55,824 [INFO] IPUIPlugin:80 - create IPUIPlugin
2025-01-23 09:22:55,824 [INFO] IPUIPlugin:80 - create IPUIPlugin
2025-01-23 09:22:55,824 [INFO] IPUIPlugin:80 - create IPUIPlugin
2025-01-23 09:22:55,825 [INFO] IPUIPlugin:80 - create IPUIPlugin
2025-01-23 09:22:55,825 [INFO] IPUIPlugin:80 - create IPUIPlugin
2025-01-23 09:22:55,825 [INFO] IPUIPlugin:80 - create IPUIPlugin
2025-01-23 09:22:55,825 [INFO] IPUIPlugin:80 - create IPUIPlugin
2025-01-23 09:22:55,825 [INFO] IPUIPlugin:80 - create IPUIPlugin
2025-01-23 09:22:55,825 [INFO] IPUIPlugin:80 - create IPUIPlugin
2025-01-23 09:22:55,825 [INFO] IPUIPlugin:80 - create IPUIPlugin
2025-01-23 09:22:55,825 [INFO] IPUIPlugin:80 - create IPUIPlugin
2025-01-23 09:22:55,825 [INFO] IPUIPlugin:80 - create IPUIPlugin
2025-01-23 09:22:55,826 [INFO] IPUIPlugin:80 - create IPUIPlugin
2025-01-23 09:22:55,826 [INFO] IPUIPlugin:80 - create IPUIPlugin
2025-01-23 09:22:55,826 [INFO] IPUIPlugin:80 - create IPUIPlugin
2025-01-23 09:22:55,826 [INFO] IPUIPlugin:80 - create IPUIPlugin
2025-01-23 09:22:55,826 [INFO] IPUIPlugin:80 - create IPUIPlugin
2025-01-23 09:22:55,826 [INFO] IPUIPlugin:80 - create IPUIPlugin
2025-01-23 09:22:55,826 [INFO] IPUIPlugin:80 - create IPUIPlugin
2025-01-23 09:22:55,826 [INFO] IPUIPlugin:80 - create IPUIPlugin
2025-01-23 09:22:55,826 [INFO] IPUIPlugin:80 - create IPUIPlugin
2025-01-23 09:22:55,827 [INFO] IPUIPlugin:80 - create IPUIPlugin
2025-01-23 09:22:55,827 [INFO] IPUIPlugin:80 - create IPUIPlugin
2025-01-23 09:22:55,827 [INFO] IPUIPlugin:80 - create IPUIPlugin
2025-01-23 09:22:55,827 [INFO] IPUIPlugin:80 - create IPUIPlugin
2025-01-23 09:22:55,898 [INFO] ApiDbMcu:508 - Load IP Config File for PDM2PCM
2025-01-23 09:22:56,020 [INFO] CADModel:165 - CPN selected for project levelSTM32F411RET6
2025-01-23 09:22:56,020 [INFO] CADModel:114 - Register for checkConnection events
2025-01-23 09:22:56,064 [INFO] OpenFileManager:343 - Restore cursor
2025-01-23 09:25:20,384 [INFO] NvicIntPanel:101 - NVIC parent = com.st.microxplorer.plugins.ip.nvic.MultiNvicIntPanel[,0,0,450x412,layout=javax.swing.BoxLayout,alignmentX=0.0,alignmentY=0.0,border=,flags=9,maximumSize=,minimumSize=,preferredSize=]
2025-01-23 16:16:52,307 [ERROR] ConfigurationRetriever:142 - IOException on connection: Read timed out
2025-01-23 17:16:56,311 [ERROR] LogOutputStream:75 - [STDERR_REDIRECT] 
