2025-03-17 11:30:57,466 [INFO] Activator:176 - 


2025-03-17 11:30:57,466 [INFO] Activator:177 - !SESSION log4j initialized
2025-03-17 11:31:02,100 [INFO] LogOutputStream:77 - [STDOUT_REDIRECT] 
2025-03-17 11:31:10,992 [INFO] ApplicationProperties:184 - Using Application install path: C:\ST\STM32CubeIDE_1.14.1\STM32CubeIDE\plugins\com.st.stm32cube.common.mx_6.14.0.202502271554
2025-03-17 11:31:11,004 [INFO] DbMcusXml:78 - Set database path to: C:\ST\STM32CubeIDE_1.14.1\STM32CubeIDE\plugins\com.st.stm32cube.common.mx_6.14.0.202502271554\\db\/mcu/
2025-03-17 11:31:11,004 [INFO] ApiDb:274 - Set plugin database path to: C:\ST\STM32CubeIDE_1.14.1\STM32CubeIDE\plugins\com.st.stm32cube.common.mx_6.14.0.202502271554\\db\/plugins/boardmanager/
2025-03-17 11:31:11,005 [WARN] ApiDb:259 - Overriding images path with different value:  => C:\ST\STM32CubeIDE_1.14.1\STM32CubeIDE\plugins\com.st.stm32cube.common.mx_6.14.0.202502271554\\db\/plugins/mcufinder/images/
2025-03-17 11:31:11,010 [INFO] ApiDb:250 - Set database path to: C:\Users\user\.stmcufinder\plugins\mcufinder//mcu/
2025-03-17 11:31:11,011 [INFO] DbMcusAds:125 - Set database path to: C:\Users\user\.stmcufinder\plugins\mcufinder//mcu/
2025-03-17 11:31:11,012 [INFO] CrossReferenceDbSqlite:203 - Set database path to: C:\Users\user\.stmcufinder\plugins\mcufinder//mcu/cs/
2025-03-17 11:31:11,072 [INFO] RulesReader:64 - Compatibility file has been processed (301 Rules)
2025-03-17 11:31:11,117 [INFO] DbMcusXml:78 - Set database path to: C:\ST\STM32CubeIDE_1.14.1\STM32CubeIDE\plugins\com.st.stm32cube.common.mx_6.14.0.202502271554\\db\/mcu/
2025-03-17 11:31:11,117 [INFO] ApiDb:274 - Set plugin database path to: C:\ST\STM32CubeIDE_1.14.1\STM32CubeIDE\plugins\com.st.stm32cube.common.mx_6.14.0.202502271554\\db\/plugins/boardmanager/
2025-03-17 11:31:11,117 [INFO] ApiDb:261 - Set plugin images path to: C:\ST\STM32CubeIDE_1.14.1\STM32CubeIDE\plugins\com.st.stm32cube.common.mx_6.14.0.202502271554\\db\/plugins/mcufinder/images/
2025-03-17 11:31:11,117 [WARN] DbFile:41 - Overriding database path with different value: C:\Users\user\.stmcufinder\plugins\mcufinder/ => C:\Users\user\.stmcufinder\plugins\mcufinder
2025-03-17 11:31:11,117 [INFO] ApiDb:250 - Set database path to: C:\Users\user\.stmcufinder\plugins\mcufinder//mcu/
2025-03-17 11:31:11,117 [WARN] DbFile:41 - Overriding database path with different value: C:\Users\user\.stmcufinder\plugins\mcufinder/ => C:\Users\user\.stmcufinder\plugins\mcufinder
2025-03-17 11:31:11,117 [INFO] DbMcusAds:125 - Set database path to: C:\Users\user\.stmcufinder\plugins\mcufinder//mcu/
2025-03-17 11:31:11,117 [WARN] DbFile:41 - Overriding database path with different value: C:\Users\user\.stmcufinder\plugins\mcufinder/ => C:\Users\user\.stmcufinder\plugins\mcufinder
2025-03-17 11:31:11,117 [WARN] DbFile:41 - Overriding database path with different value: C:\Users\user\.stmcufinder\plugins\mcufinder/ => C:\Users\user\.stmcufinder\plugins\mcufinder
2025-03-17 11:31:11,117 [INFO] CrossReferenceDbSqlite:203 - Set database path to: C:\Users\user\.stmcufinder\plugins\mcufinder//mcu/cs/
2025-03-17 11:31:11,162 [INFO] MainPanel:272 - HeapMemory: 268435456
2025-03-17 11:31:11,222 [INFO] DbMcusXml:78 - Set database path to: C:\ST\STM32CubeIDE_1.14.1\STM32CubeIDE\plugins\com.st.stm32cube.common.mx_6.14.0.202502271554\\db\/mcu/
2025-03-17 11:31:11,222 [INFO] ApiDb:274 - Set plugin database path to: C:\ST\STM32CubeIDE_1.14.1\STM32CubeIDE\plugins\com.st.stm32cube.common.mx_6.14.0.202502271554\\db\/plugins/boardmanager/
2025-03-17 11:31:11,222 [INFO] ApiDb:261 - Set plugin images path to: C:\ST\STM32CubeIDE_1.14.1\STM32CubeIDE\plugins\com.st.stm32cube.common.mx_6.14.0.202502271554\\db\/plugins/mcufinder/images/
2025-03-17 11:31:11,222 [WARN] DbFile:41 - Overriding database path with different value: C:\Users\user\.stmcufinder\plugins\mcufinder/ => C:\Users\user\.stmcufinder\plugins\mcufinder
2025-03-17 11:31:11,222 [INFO] ApiDb:250 - Set database path to: C:\Users\user\.stmcufinder\plugins\mcufinder//mcu/
2025-03-17 11:31:11,222 [WARN] DbFile:41 - Overriding database path with different value: C:\Users\user\.stmcufinder\plugins\mcufinder/ => C:\Users\user\.stmcufinder\plugins\mcufinder
2025-03-17 11:31:11,222 [INFO] DbMcusAds:125 - Set database path to: C:\Users\user\.stmcufinder\plugins\mcufinder//mcu/
2025-03-17 11:31:11,222 [WARN] DbFile:41 - Overriding database path with different value: C:\Users\user\.stmcufinder\plugins\mcufinder/ => C:\Users\user\.stmcufinder\plugins\mcufinder
2025-03-17 11:31:11,222 [WARN] DbFile:41 - Overriding database path with different value: C:\Users\user\.stmcufinder\plugins\mcufinder/ => C:\Users\user\.stmcufinder\plugins\mcufinder
2025-03-17 11:31:11,222 [INFO] CrossReferenceDbSqlite:203 - Set database path to: C:\Users\user\.stmcufinder\plugins\mcufinder//mcu/cs/
2025-03-17 11:31:11,232 [INFO] ApplicationProperties:184 - Using Application install path: C:\ST\STM32CubeIDE_1.14.1\STM32CubeIDE\plugins\com.st.stm32cube.common.mx_6.14.0.202502271554
2025-03-17 11:31:11,233 [INFO] PluginManage:196 - Search for loadable plugins [exclusion list=, ]
2025-03-17 11:31:11,234 [INFO] PluginManage:310 - Check plugin analytics
2025-03-17 11:31:11,342 [INFO] AnalyticsPlugin:253 - Accepted Software Licenses: 
2025-03-17 11:31:11,343 [INFO] AnalyticsPlugin:255 - Accepted CMSIS Pack Licenses: 
2025-03-17 11:31:11,343 [INFO] AnalyticsPlugin:257 - Accepted Firmware Licenses: FW.F4.1.28.0
2025-03-17 11:31:11,344 [INFO] PluginManage:359 - Loaded plugin analytics (category:tool,tabindex:-1)
2025-03-17 11:31:11,344 [INFO] PluginManage:310 - Check plugin cadmodel
2025-03-17 11:31:11,349 [INFO] CADModel:105 - Init CAD model plugin
2025-03-17 11:31:11,349 [INFO] PluginManage:359 - Loaded plugin cadmodel (category:power,tabindex:5)
2025-03-17 11:31:11,349 [INFO] PluginManage:310 - Check plugin clock
2025-03-17 11:31:11,356 [INFO] PluginManage:359 - Loaded plugin clock (category:base,tabindex:2)
2025-03-17 11:31:11,357 [INFO] PluginManage:310 - Check plugin ddr
2025-03-17 11:31:11,358 [INFO] PluginManage:359 - Loaded plugin ddr (category:tool,tabindex:6)
2025-03-17 11:31:11,358 [INFO] PluginManage:310 - Check plugin filemanager
2025-03-17 11:31:11,449 [INFO] PluginManage:359 - Loaded plugin filemanager (category:base,tabindex:10)
2025-03-17 11:31:11,449 [INFO] PluginManage:310 - Check plugin ipmanager
2025-03-17 11:31:11,454 [INFO] PluginManage:359 - Loaded plugin ipmanager (category:base,tabindex:5)
2025-03-17 11:31:11,454 [INFO] PluginManage:310 - Check plugin lpbam
2025-03-17 11:31:11,459 [INFO] PluginManage:359 - Loaded plugin lpbam (category:base,tabindex:0)
2025-03-17 11:31:11,459 [INFO] PluginManage:310 - Check plugin memorymap
2025-03-17 11:31:11,468 [INFO] PluginManage:359 - Loaded plugin memorymap (category:base,tabindex:4)
2025-03-17 11:31:11,468 [INFO] PluginManage:310 - Check plugin pinoutandconfiguration
2025-03-17 11:31:11,474 [INFO] PluginManage:359 - Loaded plugin pinoutandconfiguration (category:base,tabindex:1)
2025-03-17 11:31:11,474 [INFO] PluginManage:310 - Check plugin pinoutconfig
2025-03-17 11:31:11,526 [WARN] SupportedApi:132 - Cannot load RTOS API schema: s4s-elt-must-match.1: The content of 'definitions' must match (annotation?, (simpleType | complexType)?, (unique | key | keyref)*)). A problem was found starting at: attribute.
2025-03-17 11:31:11,603 [INFO] PluginManage:359 - Loaded plugin pinoutconfig (category:base,tabindex:0)
2025-03-17 11:31:11,603 [INFO] PluginManage:310 - Check plugin power
2025-03-17 11:31:11,608 [INFO] PluginManage:359 - Loaded plugin power (category:power,tabindex:4)
2025-03-17 11:31:11,608 [INFO] PluginManage:310 - Check plugin projectmanager
2025-03-17 11:31:11,619 [INFO] PluginManage:359 - Loaded plugin projectmanager (category:projectmanager,tabindex:4)
2025-03-17 11:31:11,619 [INFO] PluginManage:310 - Check plugin rif
2025-03-17 11:31:11,624 [INFO] PluginManage:359 - Loaded plugin rif (category:base,tabindex:3)
2025-03-17 11:31:11,624 [INFO] PluginManage:310 - Check plugin thirdparty
2025-03-17 11:31:11,707 [INFO] PluginManage:359 - Loaded plugin thirdparty (category:base,tabindex:-1)
2025-03-17 11:31:11,707 [WARN] IntegrityCheckThread:84 - waiting for thirdparty lock release [integrity check]
2025-03-17 11:31:11,708 [INFO] PluginManage:310 - Check plugin tools
2025-03-17 11:31:11,708 [INFO] IntegrityCheckThread:86 - entering critical section [integrity check]
2025-03-17 11:31:11,708 [INFO] ThirdPartyUpdaterWithRetryManager:70 - Updater plugin not ready yet. [1/15]
2025-03-17 11:31:11,710 [INFO] PluginManage:359 - Loaded plugin tools (category:base,tabindex:7)
2025-03-17 11:31:11,710 [INFO] PluginManage:310 - Check plugin tutovideos
2025-03-17 11:31:11,821 [INFO] PluginManage:359 - Loaded plugin tutovideos (category:base,tabindex:-1)
2025-03-17 11:31:11,821 [INFO] PluginManage:310 - Check plugin updater
2025-03-17 11:31:11,840 [INFO] PluginManage:359 - Loaded plugin updater (category:base,tabindex:12)
2025-03-17 11:31:11,840 [INFO] PluginManage:310 - Check plugin userauth
2025-03-17 11:31:11,843 [INFO] UserAuth:118 - Init User Auth plugin
2025-03-17 11:31:11,844 [INFO] PluginManage:359 - Loaded plugin userauth (category:base,tabindex:14)
2025-03-17 11:31:11,844 [INFO] PluginManage:283 - PluginManage : Loaded plugins [18]
2025-03-17 11:31:11,983 [INFO] PinOutPanel:1589 - setPackage(No Configuration,No Configuration)
2025-03-17 11:31:12,040 [INFO] CADModel:165 - CPN selected for project level
2025-03-17 11:31:12,040 [INFO] CADModel:114 - Register for checkConnection events
2025-03-17 11:31:12,054 [INFO] IPUIPlugin:80 - create IPUIPlugin
2025-03-17 11:31:12,054 [INFO] PluginManager:220 - loadIPPluginJar : add adc
2025-03-17 11:31:12,056 [INFO] IPUIPlugin:80 - create IPUIPlugin
2025-03-17 11:31:12,056 [INFO] PluginManager:220 - loadIPPluginJar : add aes
2025-03-17 11:31:12,058 [INFO] IPUIPlugin:80 - create IPUIPlugin
2025-03-17 11:31:12,058 [INFO] PluginManager:220 - loadIPPluginJar : add can
2025-03-17 11:31:12,060 [INFO] IPUIPlugin:80 - create IPUIPlugin
2025-03-17 11:31:12,060 [INFO] PluginManager:220 - loadIPPluginJar : add comp
2025-03-17 11:31:12,062 [INFO] IPUIPlugin:80 - create IPUIPlugin
2025-03-17 11:31:12,062 [INFO] PluginManager:220 - loadIPPluginJar : add cryp
2025-03-17 11:31:12,064 [INFO] IPUIPlugin:80 - create IPUIPlugin
2025-03-17 11:31:12,064 [INFO] PluginManager:220 - loadIPPluginJar : add ddr_ctrl_phy
2025-03-17 11:31:12,066 [INFO] IPUIPlugin:80 - create IPUIPlugin
2025-03-17 11:31:12,066 [INFO] PluginManager:220 - loadIPPluginJar : add dfsdm
2025-03-17 11:31:12,070 [INFO] IPUIPlugin:80 - create IPUIPlugin
2025-03-17 11:31:12,070 [INFO] PluginManager:220 - loadIPPluginJar : add dma
2025-03-17 11:31:12,072 [INFO] IPUIPlugin:80 - create IPUIPlugin
2025-03-17 11:31:12,072 [INFO] PluginManager:220 - loadIPPluginJar : add dma3
2025-03-17 11:31:12,074 [INFO] IPUIPlugin:80 - create IPUIPlugin
2025-03-17 11:31:12,074 [INFO] PluginManager:220 - loadIPPluginJar : add extmemmanager
2025-03-17 11:31:12,075 [INFO] IPUIPlugin:80 - create IPUIPlugin
2025-03-17 11:31:12,075 [INFO] PluginManager:220 - loadIPPluginJar : add fatfs
2025-03-17 11:31:12,079 [INFO] IPUIPlugin:80 - create IPUIPlugin
2025-03-17 11:31:12,079 [INFO] PluginManager:220 - loadIPPluginJar : add fmc
2025-03-17 11:31:12,083 [INFO] IPUIPlugin:80 - create IPUIPlugin
2025-03-17 11:31:12,083 [INFO] PluginManager:220 - loadIPPluginJar : add freertos
2025-03-17 11:31:12,084 [INFO] IPUIPlugin:80 - create IPUIPlugin
2025-03-17 11:31:12,084 [INFO] PluginManager:220 - loadIPPluginJar : add genericplugin
2025-03-17 11:31:12,085 [INFO] IPUIPlugin:80 - create IPUIPlugin
2025-03-17 11:31:12,085 [INFO] PluginManager:220 - loadIPPluginJar : add gfxmmu
2025-03-17 11:31:12,089 [INFO] IPUIPlugin:80 - create IPUIPlugin
2025-03-17 11:31:12,089 [INFO] PluginManager:220 - loadIPPluginJar : add gic
2025-03-17 11:31:12,092 [INFO] IPUIPlugin:80 - create IPUIPlugin
2025-03-17 11:31:12,093 [INFO] PluginManager:220 - loadIPPluginJar : add gpio
2025-03-17 11:31:12,094 [INFO] IPUIPlugin:80 - create IPUIPlugin
2025-03-17 11:31:12,094 [INFO] PluginManager:220 - loadIPPluginJar : add gtzc
2025-03-17 11:31:12,096 [INFO] IPUIPlugin:80 - create IPUIPlugin
2025-03-17 11:31:12,096 [INFO] PluginManager:220 - loadIPPluginJar : add hash
2025-03-17 11:31:12,098 [INFO] IPUIPlugin:80 - create IPUIPlugin
2025-03-17 11:31:12,098 [INFO] PluginManager:220 - loadIPPluginJar : add i2c
2025-03-17 11:31:12,100 [INFO] IPUIPlugin:80 - create IPUIPlugin
2025-03-17 11:31:12,100 [INFO] PluginManager:220 - loadIPPluginJar : add i2s
2025-03-17 11:31:12,102 [INFO] IPUIPlugin:80 - create IPUIPlugin
2025-03-17 11:31:12,102 [INFO] PluginManager:220 - loadIPPluginJar : add i3c
2025-03-17 11:31:12,105 [INFO] IPUIPlugin:80 - create IPUIPlugin
2025-03-17 11:31:12,105 [INFO] PluginManager:220 - loadIPPluginJar : add ipddr
2025-03-17 11:31:12,111 [INFO] IPUIPlugin:80 - create IPUIPlugin
2025-03-17 11:31:12,111 [INFO] PluginManager:220 - loadIPPluginJar : add linkedlist
2025-03-17 11:31:12,113 [INFO] IPUIPlugin:80 - create IPUIPlugin
2025-03-17 11:31:12,113 [INFO] PluginManager:220 - loadIPPluginJar : add lorawan
2025-03-17 11:31:12,114 [INFO] IPUIPlugin:80 - create IPUIPlugin
2025-03-17 11:31:12,114 [INFO] PluginManager:220 - loadIPPluginJar : add ltdc
2025-03-17 11:31:12,118 [INFO] IPUIPlugin:80 - create IPUIPlugin
2025-03-17 11:31:12,118 [INFO] PluginManager:220 - loadIPPluginJar : add mdma
2025-03-17 11:31:12,121 [INFO] IPUIPlugin:80 - create IPUIPlugin
2025-03-17 11:31:12,121 [INFO] PluginManager:220 - loadIPPluginJar : add nvic
2025-03-17 11:31:12,123 [INFO] IPUIPlugin:80 - create IPUIPlugin
2025-03-17 11:31:12,123 [INFO] PluginManager:220 - loadIPPluginJar : add opamp
2025-03-17 11:31:12,125 [INFO] IPUIPlugin:80 - create IPUIPlugin
2025-03-17 11:31:12,125 [INFO] PluginManager:220 - loadIPPluginJar : add openamp
2025-03-17 11:31:12,127 [INFO] IPUIPlugin:80 - create IPUIPlugin
2025-03-17 11:31:12,127 [INFO] PluginManager:220 - loadIPPluginJar : add pdm2pcm
2025-03-17 11:31:12,132 [INFO] IPUIPlugin:80 - create IPUIPlugin
2025-03-17 11:31:12,133 [INFO] PluginManager:220 - loadIPPluginJar : add plateformsettings
2025-03-17 11:31:12,134 [INFO] IPUIPlugin:80 - create IPUIPlugin
2025-03-17 11:31:12,134 [INFO] PluginManager:220 - loadIPPluginJar : add quadspi
2025-03-17 11:31:12,136 [INFO] IPUIPlugin:80 - create IPUIPlugin
2025-03-17 11:31:12,136 [INFO] PluginManager:220 - loadIPPluginJar : add radio
2025-03-17 11:31:12,139 [INFO] IPUIPlugin:80 - create IPUIPlugin
2025-03-17 11:31:12,139 [INFO] PluginManager:220 - loadIPPluginJar : add resmgrutility
2025-03-17 11:31:12,141 [INFO] IPUIPlugin:80 - create IPUIPlugin
2025-03-17 11:31:12,141 [INFO] PluginManager:220 - loadIPPluginJar : add sai
2025-03-17 11:31:12,143 [INFO] IPUIPlugin:80 - create IPUIPlugin
2025-03-17 11:31:12,143 [INFO] PluginManager:220 - loadIPPluginJar : add spi
2025-03-17 11:31:12,147 [INFO] IPUIPlugin:80 - create IPUIPlugin
2025-03-17 11:31:12,147 [INFO] PluginManager:220 - loadIPPluginJar : add stm32_wpan
2025-03-17 11:31:12,148 [INFO] IPUIPlugin:80 - create IPUIPlugin
2025-03-17 11:31:12,148 [INFO] PluginManager:220 - loadIPPluginJar : add tim
2025-03-17 11:31:12,150 [INFO] IPUIPlugin:80 - create IPUIPlugin
2025-03-17 11:31:12,150 [INFO] PluginManager:220 - loadIPPluginJar : add touchsensing
2025-03-17 11:31:12,151 [INFO] IPUIPlugin:80 - create IPUIPlugin
2025-03-17 11:31:12,152 [INFO] PluginManager:220 - loadIPPluginJar : add tracer_emb
2025-03-17 11:31:12,152 [INFO] IPUIPlugin:80 - create IPUIPlugin
2025-03-17 11:31:12,152 [INFO] PluginManager:220 - loadIPPluginJar : add ts
2025-03-17 11:31:12,155 [INFO] IPUIPlugin:80 - create IPUIPlugin
2025-03-17 11:31:12,155 [INFO] PluginManager:220 - loadIPPluginJar : add tsc
2025-03-17 11:31:12,156 [INFO] IPUIPlugin:80 - create IPUIPlugin
2025-03-17 11:31:12,156 [INFO] PluginManager:220 - loadIPPluginJar : add ucpd
2025-03-17 11:31:12,158 [INFO] IPUIPlugin:80 - create IPUIPlugin
2025-03-17 11:31:12,158 [INFO] PluginManager:220 - loadIPPluginJar : add usart
2025-03-17 11:31:12,160 [INFO] IPUIPlugin:80 - create IPUIPlugin
2025-03-17 11:31:12,160 [INFO] PluginManager:220 - loadIPPluginJar : add usbx
2025-03-17 11:31:12,274 [FATAL] Updater:351 - Updater called before beeing initialized
2025-03-17 11:31:12,288 [INFO] RulesReader:64 - Compatibility file has been processed (301 Rules)
2025-03-17 11:31:12,293 [INFO] RulesReader:64 - Compatibility file has been processed (301 Rules)
2025-03-17 11:31:12,298 [INFO] CADModel:165 - CPN selected for project level
2025-03-17 11:31:12,298 [INFO] CADModel:114 - Register for checkConnection events
2025-03-17 11:31:12,298 [FATAL] Updater:351 - Updater called before beeing initialized
2025-03-17 11:31:12,298 [ERROR] CADModel:125 - Updater not yet initialized, retry later 
2025-03-17 11:31:12,400 [FATAL] Updater:351 - Updater called before beeing initialized
2025-03-17 11:31:12,402 [INFO] CADModel:165 - CPN selected for project level
2025-03-17 11:31:12,402 [INFO] CADModel:114 - Register for checkConnection events
2025-03-17 11:31:12,402 [FATAL] Updater:351 - Updater called before beeing initialized
2025-03-17 11:31:12,402 [ERROR] CADModel:125 - Updater not yet initialized, retry later 
2025-03-17 11:31:12,405 [FATAL] Updater:351 - Updater called before beeing initialized
2025-03-17 11:31:12,488 [FATAL] Updater:351 - Updater called before beeing initialized
2025-03-17 11:31:12,491 [INFO] DbMcusAds:53 - JSON generation date=Thu Mar 06 23:54:21 KST 2025 (1741272861825)
2025-03-17 11:31:12,491 [FATAL] Updater:351 - Updater called before beeing initialized
2025-03-17 11:31:12,541 [WARN] DetailPanel:346 - Failed to get advertising image, set to default
2025-03-17 11:31:12,695 [FATAL] Updater:351 - Updater called before beeing initialized
2025-03-17 11:31:12,696 [FATAL] Updater:351 - Updater called before beeing initialized
2025-03-17 11:31:12,696 [FATAL] Updater:351 - Updater called before beeing initialized
2025-03-17 11:31:12,696 [WARN] DetailPanel:346 - Failed to get advertising image, set to default
2025-03-17 11:31:12,697 [FATAL] Updater:351 - Updater called before beeing initialized
2025-03-17 11:31:12,729 [ERROR] Updater:1198 - MainUpdater not yet initialized. External WinMGr cannot be set.
2025-03-17 11:31:12,731 [INFO] Updater:1134 - Updater Version found : 6.14.0
2025-03-17 11:31:12,742 [INFO] ApplicationProperties:184 - Using Application install path: C:\ST\STM32CubeIDE_1.14.1\STM32CubeIDE\plugins\com.st.stm32cube.common.mx_6.14.0.202502271554
2025-03-17 11:31:13,072 [INFO] MainUpdater:2872 - connection check result : 10
2025-03-17 11:31:13,072 [INFO] MainUpdater:3566 - Updater definition file requires update
2025-03-17 11:31:13,073 [INFO] MainUpdater:289 - Updater Check For Update Now.
2025-03-17 11:31:13,073 [INFO] MicroXplorer:498 - Change Database Version : DB.6.0.140
2025-03-17 11:31:13,078 [INFO] McuFinderGlobals:63 - Set McuFinder mode to 2 (CubeIDE integrated)
2025-03-17 11:31:13,078 [INFO] UserAuth:171 - activating auth plugin
2025-03-17 11:31:13,080 [INFO] UserAuth:486 - Internet connection configuration mode: 1
2025-03-17 11:31:13,092 [INFO] JxBrowserEngine:152 - Initiate JxBrowser Engine with user profile folder
2025-03-17 11:31:13,226 [INFO] ServerAccessManage:473 - Download File updaters.zip
2025-03-17 11:31:13,324 [INFO] FileExtend:242 - Unzip File : updaters.zip
2025-03-17 11:31:13,325 [INFO] FileExtend:257 - Standard Zip Deflate
2025-03-17 11:31:13,809 [INFO] ServerAccessManage:473 - Download File PacksControlFlags.xml
2025-03-17 11:31:13,872 [INFO] ServerAccessManage:473 - Download File cubemx.pidx
2025-03-17 11:31:14,116 [INFO] ServerAccessManage:473 - Download File STMicroelectronics.FP-SNS-FLIGHT1.pdsc
2025-03-17 11:31:14,709 [WARN] MainUpdater:1193 - Updater busy. Cannot search thirdparties
2025-03-17 11:31:14,709 [INFO] ThirdPartyUpdaterWithRetryManager:96 - Updater plugin is busy. [1/15]
2025-03-17 11:31:15,208 [WARN] PackLoader:240 - Cannot read IP mode file for STMicroelectronics.FP-SNS-FLIGHT1.5.1.0
2025-03-17 11:31:15,209 [INFO] PopulateThirdPartyThread:66 - Ending populate Thread
2025-03-17 11:31:15,210 [INFO] ThirdParty:1030 - CMSIS Pack Vendor :STMicroelectronics FP-SNS-FLIGHT1 5.1.0
2025-03-17 11:31:15,210 [INFO] LoadServerUpdatesThread:375 - End of LoadServerUpdate Thread
2025-03-17 11:31:15,231 [INFO] WebApp:169 - Instantiating new browser for Auth
2025-03-17 11:31:15,293 [INFO] CheckServerUpdateThread:120 - End of CheckServer Thread
2025-03-17 11:31:15,799 [INFO] WebApp:463 - Apply proxy settings
2025-03-17 11:31:15,799 [INFO] WebApp:548 - Chromium requires no authentication
2025-03-17 11:31:15,810 [INFO] WebApp:491 - Direct internet connection detected
2025-03-17 11:31:15,836 [INFO] WebApp:894 - Register for checkConnection events
2025-03-17 11:31:15,836 [INFO] WebApp:463 - Apply proxy settings
2025-03-17 11:31:15,836 [INFO] WebApp:548 - Chromium requires no authentication
2025-03-17 11:31:15,837 [INFO] WebApp:491 - Direct internet connection detected
2025-03-17 11:31:15,970 [INFO] WebApp:225 - Starting web application
2025-03-17 11:31:15,970 [INFO] WebApp:593 - Web application path used C:\ST\STM32CubeIDE_1.14.1\STM32CubeIDE\plugins\com.st.stm32cube.common.mx_6.14.0.202502271554\db\plugins\mcufinder\reactClient1\index.html
2025-03-17 11:31:16,144 [INFO] WebApp:191 - Connection restablished
2025-03-17 11:31:17,836 [WARN] PackLoader:240 - Cannot read IP mode file for STMicroelectronics.FP-ATR-ASTRA1.2.0.2
2025-03-17 11:31:17,839 [WARN] PackLoader:240 - Cannot read IP mode file for STMicroelectronics.FP-ATR-ASTRA1.2.0.1
2025-03-17 11:31:17,843 [WARN] PackLoader:240 - Cannot read IP mode file for STMicroelectronics.X-CUBE-SMBUS.2.1.0
2025-03-17 11:31:17,861 [WARN] PackLoader:240 - Cannot read IP mode file for STMicroelectronics.X-CUBE-AZRTOS-F7.1.1.0
2025-03-17 11:31:17,896 [WARN] PackLoader:240 - Cannot read IP mode file for STMicroelectronics.X-CUBE-MEMS1.11.0.0
2025-03-17 11:31:17,968 [WARN] PackLoader:240 - Cannot read IP mode file for STMicroelectronics.FP-SNS-FLIGHT1.5.0.2
2025-03-17 11:31:17,980 [WARN] PackLoader:240 - Cannot read IP mode file for Infineon.AIROC-Wi-Fi-Bluetooth-STM32.1.7.0
2025-03-17 11:31:17,986 [WARN] PackLoader:240 - Cannot read IP mode file for STMicroelectronics.X-CUBE-DISPLAY.3.0.0
2025-03-17 11:31:17,991 [WARN] PackLoader:240 - Cannot read IP mode file for STMicroelectronics.X-CUBE-BLE1.7.0.0
2025-03-17 11:31:17,997 [WARN] PackLoader:240 - Cannot read IP mode file for STMicroelectronics.X-CUBE-BLEMGR.4.0.0
2025-03-17 11:31:18,003 [WARN] PackLoader:240 - Cannot read IP mode file for STMicroelectronics.X-CUBE-BLEMGR.3.1.0
2025-03-17 11:31:18,007 [WARN] PackLoader:240 - Cannot read IP mode file for STMicroelectronics.X-CUBE-AI.10.0.0
2025-03-17 11:31:18,010 [WARN] PackLoader:240 - Cannot read IP mode file for STMicroelectronics.FP-SNS-SMARTAG2.1.2.0
2025-03-17 11:31:18,012 [WARN] PackLoader:240 - Cannot read IP mode file for STMicroelectronics.FP-SNS-FLIGHT1.5.1.0
2025-03-17 11:31:18,030 [WARN] PackLoader:240 - Cannot read IP mode file for STMicroelectronics.X-CUBE-MEMS1.11.1.0
2025-03-17 11:31:18,077 [INFO] LogOutputStream:77 - [STDOUT_REDIRECT] 1 : Invalid condition id : UX_CORESTACK_Condition cause : null
2025-03-17 11:31:18,078 [INFO] LogOutputStream:77 - [STDOUT_REDIRECT] 1 : Invalid condition id : UX_CORESTACK_Condition cause : null
2025-03-17 11:31:18,079 [INFO] LogOutputStream:77 - [STDOUT_REDIRECT] 1 : Invalid condition id : UX_CORESTACK_Condition cause : null
2025-03-17 11:31:18,080 [INFO] LogOutputStream:77 - [STDOUT_REDIRECT] 1 : Invalid condition id : UX_CORESTACK_Condition cause : null
2025-03-17 11:31:18,081 [INFO] LogOutputStream:77 - [STDOUT_REDIRECT] 1 : Invalid condition id : UX_CORESTACK_Condition cause : null
2025-03-17 11:31:18,083 [WARN] PackLoader:240 - Cannot read IP mode file for STMicroelectronics.X-CUBE-AZRTOS-WL.2.0.0
2025-03-17 11:31:18,089 [WARN] PackLoader:240 - Cannot read IP mode file for WES.I-CUBE-Cesium.1.3.0
2025-03-17 11:31:18,094 [WARN] PackLoader:240 - Cannot read IP mode file for STMicroelectronics.X-CUBE-BLE2.3.3.0
2025-03-17 11:31:18,097 [WARN] PackLoader:240 - Cannot read IP mode file for STMicroelectronics.X-CUBE-BLE1.7.1.0
2025-03-17 11:31:18,101 [WARN] PackLoader:240 - Cannot read IP mode file for STMicroelectronics.X-CUBE-TCPP.4.1.0
2025-03-17 11:31:18,108 [WARN] PackLoader:240 - Cannot read IP mode file for STMicroelectronics.X-CUBE-AZRTOS-G0.1.1.0
2025-03-17 11:31:18,113 [WARN] PackLoader:240 - Cannot read IP mode file for STMicroelectronics.X-CUBE-NFC4.3.0.0
2025-03-17 11:31:18,118 [WARN] PackLoader:240 - Cannot read IP mode file for EmbeddedOffice.I-CUBE-FS-RTOS.1.0.1
2025-03-17 11:31:18,121 [WARN] PackLoader:240 - Cannot read IP mode file for STMicroelectronics.X-CUBE-TCPP.4.2.0
2025-03-17 11:31:18,125 [WARN] PackLoader:240 - Cannot read IP mode file for STMicroelectronics.FP-ATR-SIGFOX1.3.2.0
2025-03-17 11:31:18,129 [WARN] ConditionMgr:438 - getConditionDescription Invalid condition id : Cortex-A Device cause : null
2025-03-17 11:31:18,137 [WARN] ConditionMgr:1044 - genDependencies : Invalid condition id : Cortex-A Device cause : null
2025-03-17 11:31:18,137 [WARN] ConditionMgr:1044 - genDependencies : Invalid condition id : Cortex-A Device cause : null
2025-03-17 11:31:18,137 [WARN] ConditionMgr:1044 - genDependencies : Invalid condition id : Cortex-A Device cause : null
2025-03-17 11:31:18,151 [WARN] PackLoader:240 - Cannot read IP mode file for SEGGER.I-CUBE-embOS.1.3.1
2025-03-17 11:31:18,178 [WARN] PackLoader:240 - Cannot read IP mode file for STMicroelectronics.X-CUBE-AZRTOS-F4.1.1.0
2025-03-17 11:31:18,183 [WARN] PackLoader:240 - Cannot read IP mode file for STMicroelectronics.X-CUBE-FREERTOS.1.2.0
2025-03-17 11:31:18,193 [WARN] PackLoader:240 - Cannot read IP mode file for STMicroelectronics.X-CUBE-AZRTOS-L5.2.0.0
2025-03-17 11:31:18,198 [WARN] PackLoader:240 - Cannot read IP mode file for STMicroelectronics.X-CUBE-FREERTOS.1.3.0
2025-03-17 11:31:18,202 [WARN] PackLoader:240 - Cannot read IP mode file for STMicroelectronics.X-CUBE-NFC7.1.0.1
2025-03-17 11:31:18,211 [WARN] ConditionMgr:438 - getConditionDescription Invalid condition id : LAN8742 Phy interface Condition cause : null
2025-03-17 11:31:18,212 [WARN] PackLoader:240 - Cannot read IP mode file for STMicroelectronics.X-CUBE-AZRTOS-L4.2.0.0
2025-03-17 11:31:18,212 [WARN] ConditionMgr:1044 - genDependencies : Invalid condition id : LAN8742 Phy interface Condition cause : null
2025-03-17 11:31:18,212 [WARN] ConditionMgr:1044 - genDependencies : Invalid condition id : LAN8742 Phy interface Condition cause : null
2025-03-17 11:31:18,212 [WARN] ConditionMgr:1044 - genDependencies : Invalid condition id : LAN8742 Phy interface Condition cause : null
2025-03-17 11:31:18,217 [WARN] PackLoader:240 - Cannot read IP mode file for STMicroelectronics.X-CUBE-SFXS2LP1.4.0.0
2025-03-17 11:31:18,223 [WARN] PackLoader:240 - Cannot read IP mode file for STMicroelectronics.X-CUBE-IPS.3.0.0
2025-03-17 11:31:18,231 [WARN] ConditionMgr:438 - getConditionDescription Invalid condition id : UX DEVICE CLASS RTOS Condition cause : null
2025-03-17 11:31:18,231 [WARN] ConditionMgr:438 - getConditionDescription Invalid condition id : UX DEVICE CLASS RTOS Condition cause : null
2025-03-17 11:31:18,232 [WARN] PackLoader:240 - Cannot read IP mode file for STMicroelectronics.X-CUBE-AZRTOS-WB.2.0.0
2025-03-17 11:31:18,232 [WARN] ConditionMgr:1044 - genDependencies : Invalid condition id : UX DEVICE CLASS RTOS Condition cause : null
2025-03-17 11:31:18,232 [WARN] ConditionMgr:1044 - genDependencies : Invalid condition id : UX DEVICE CLASS RTOS Condition cause : null
2025-03-17 11:31:18,232 [WARN] ConditionMgr:1044 - genDependencies : Invalid condition id : UX DEVICE CLASS RTOS Condition cause : null
2025-03-17 11:31:18,232 [WARN] ConditionMgr:1044 - genDependencies : Invalid condition id : UX DEVICE CLASS RTOS Condition cause : null
2025-03-17 11:31:18,232 [WARN] ConditionMgr:1044 - genDependencies : Invalid condition id : UX DEVICE CLASS RTOS Condition cause : null
2025-03-17 11:31:18,236 [WARN] PackLoader:240 - Cannot read IP mode file for STMicroelectronics.X-CUBE-GNSS1.7.0.0
2025-03-17 11:31:18,239 [WARN] PackLoader:240 - Cannot read IP mode file for STMicroelectronics.X-CUBE-GNSS1.7.0.1
2025-03-17 11:31:18,243 [WARN] PackLoader:240 - Cannot read IP mode file for STMicroelectronics.X-CUBE-TOUCHGFX.4.25.0
2025-03-17 11:31:18,248 [WARN] PackLoader:240 - Cannot read IP mode file for STMicroelectronics.X-CUBE-SUBG2.5.0.0
2025-03-17 11:31:18,253 [WARN] PackLoader:240 - Cannot read IP mode file for Cesanta.I-CUBE-Mongoose.7.13.0
2025-03-17 11:31:18,259 [WARN] PackLoader:240 - Cannot read IP mode file for STMicroelectronics.X-CUBE-AZRTOS-G4.2.0.0
2025-03-17 11:31:18,274 [WARN] PackLoader:240 - Cannot read IP mode file for STMicroelectronics.X-CUBE-IPS.3.1.0
2025-03-17 11:31:18,281 [WARN] PackLoader:240 - Cannot read IP mode file for STMicroelectronics.X-CUBE-TOUCHGFX.4.24.2
2025-03-17 11:31:18,283 [WARN] PackLoader:240 - Cannot read IP mode file for STMicroelectronics.X-CUBE-TOUCHGFX.4.24.1
2025-03-17 11:31:18,286 [WARN] PackLoader:240 - Cannot read IP mode file for portGmbH.I-Cube-SoM-uGOAL.1.1.0
2025-03-17 11:31:18,287 [INFO] ThirdParty:978 - Integrity check success = true
2025-03-17 11:31:18,287 [INFO] IntegrityCheckThread:100 - exiting critical section [integrity check]
2025-03-17 11:31:18,287 [INFO] IntegrityCheckThread:103 - End integrity checks thread
2025-03-17 16:53:47,863 [INFO] WebApp:403 - JxBrowser engine has been closed 
2025-03-17 16:53:58,902 [ERROR] LogOutputStream:75 - [STDERR_REDIRECT] 
